[2026-03-11T04:20:33.623+0000] {local_task_job_runner.py:120} INFO - ::group::Pre task execution logs
[2026-03-11T04:20:33.649+0000] {taskinstance.py:2076} INFO - Dependencies all met for dep_context=non-requeueable deps ti=<TaskInstance: run_glue_job_dag.task1 manual__2026-03-11T04:20:31.143968+00:00 [queued]>
[2026-03-11T04:20:33.668+0000] {taskinstance.py:2076} INFO - Dependencies all met for dep_context=requeueable deps ti=<TaskInstance: run_glue_job_dag.task1 manual__2026-03-11T04:20:31.143968+00:00 [queued]>
[2026-03-11T04:20:33.669+0000] {taskinstance.py:2306} INFO - Starting attempt 1 of 1
[2026-03-11T04:20:33.690+0000] {taskinstance.py:2330} INFO - Executing <Task(PythonOperator): task1> on 2026-03-11 04:20:31.143968+00:00
[2026-03-11T04:20:33.706+0000] {warnings.py:112} WARNING - /home/***/.local/lib/python3.12/site-packages/***/task/task_runner/standard_task_runner.py:62: DeprecationWarning: This process (pid=1019) is multi-threaded, use of fork() may lead to deadlocks in the child.
  pid = os.fork()

[2026-03-11T04:20:33.708+0000] {standard_task_runner.py:64} INFO - Started process 1020 to run task
[2026-03-11T04:20:33.708+0000] {standard_task_runner.py:90} INFO - Running: ['***', 'tasks', 'run', 'run_glue_job_dag', 'task1', 'manual__2026-03-11T04:20:31.143968+00:00', '--job-id', '91', '--raw', '--subdir', 'DAGS_FOLDER/gule_dag.py', '--cfg-path', '/tmp/tmpadfy4l6d']
[2026-03-11T04:20:33.709+0000] {standard_task_runner.py:91} INFO - Job 91: Subtask task1
[2026-03-11T04:20:33.782+0000] {task_command.py:426} INFO - Running <TaskInstance: run_glue_job_dag.task1 manual__2026-03-11T04:20:31.143968+00:00 [running]> on host e78df3d27940
[2026-03-11T04:20:33.935+0000] {taskinstance.py:2648} INFO - Exporting env vars: AIRFLOW_CTX_DAG_OWNER='***' AIRFLOW_CTX_DAG_ID='run_glue_job_dag' AIRFLOW_CTX_TASK_ID='task1' AIRFLOW_CTX_EXECUTION_DATE='2026-03-11T04:20:31.143968+00:00' AIRFLOW_CTX_TRY_NUMBER='1' AIRFLOW_CTX_DAG_RUN_ID='manual__2026-03-11T04:20:31.143968+00:00'
[2026-03-11T04:20:33.936+0000] {taskinstance.py:430} INFO - ::endgroup::
[2026-03-11T04:20:33.959+0000] {taskinstance.py:441} INFO - ::group::Post task execution logs
[2026-03-11T04:20:34.030+0000] {taskinstance.py:2905} ERROR - Task failed with exception
Traceback (most recent call last):
  File "/home/airflow/.local/lib/python3.12/site-packages/airflow/models/taskinstance.py", line 465, in _execute_task
    result = _execute_callable(context=context, **execute_callable_kwargs)
             ^^^^^^^^^^^^^^^^^^^^^^^^^^^^^^^^^^^^^^^^^^^^^^^^^^^^^^^^^^^^^
  File "/home/airflow/.local/lib/python3.12/site-packages/airflow/models/taskinstance.py", line 432, in _execute_callable
    return execute_callable(context=context, **execute_callable_kwargs)
           ^^^^^^^^^^^^^^^^^^^^^^^^^^^^^^^^^^^^^^^^^^^^^^^^^^^^^^^^^^^^
  File "/home/airflow/.local/lib/python3.12/site-packages/airflow/models/baseoperator.py", line 401, in wrapper
    return func(self, *args, **kwargs)
           ^^^^^^^^^^^^^^^^^^^^^^^^^^^
  File "/home/airflow/.local/lib/python3.12/site-packages/airflow/operators/python.py", line 235, in execute
    return_value = self.execute_callable()
                   ^^^^^^^^^^^^^^^^^^^^^^^
  File "/home/airflow/.local/lib/python3.12/site-packages/airflow/operators/python.py", line 252, in execute_callable
    return self.python_callable(*self.op_args, **self.op_kwargs)
           ^^^^^^^^^^^^^^^^^^^^^^^^^^^^^^^^^^^^^^^^^^^^^^^^^^^^^
  File "/opt/airflow/dags/gule_dag.py", line 8, in test_task
    1/0
    ~^~
ZeroDivisionError: division by zero
[2026-03-11T04:20:34.058+0000] {taskinstance.py:1206} INFO - Marking task as FAILED. dag_id=run_glue_job_dag, task_id=task1, run_id=manual__2026-03-11T04:20:31.143968+00:00, execution_date=20260311T042031, start_date=20260311T042033, end_date=20260311T042034
[2026-03-11T04:20:34.084+0000] {standard_task_runner.py:110} ERROR - Failed to execute job 91 for task task1 (division by zero; 1020)
[2026-03-11T04:20:34.124+0000] {local_task_job_runner.py:243} INFO - Task exited with return code 1
[2026-03-11T04:20:34.152+0000] {taskinstance.py:3503} INFO - 0 downstream tasks scheduled from follow-on schedule check
[2026-03-11T04:20:34.157+0000] {local_task_job_runner.py:222} INFO - ::endgroup::
