[2026-03-11T04:56:21.075+0000] {local_task_job_runner.py:120} INFO - ::group::Pre task execution logs
[2026-03-11T04:56:21.104+0000] {taskinstance.py:2076} INFO - Dependencies all met for dep_context=non-requeueable deps ti=<TaskInstance: run_glue_job_dag.task1 manual__2026-03-11T04:56:18.264062+00:00 [queued]>
[2026-03-11T04:56:21.121+0000] {taskinstance.py:2076} INFO - Dependencies all met for dep_context=requeueable deps ti=<TaskInstance: run_glue_job_dag.task1 manual__2026-03-11T04:56:18.264062+00:00 [queued]>
[2026-03-11T04:56:21.122+0000] {taskinstance.py:2306} INFO - Starting attempt 1 of 1
[2026-03-11T04:56:21.150+0000] {taskinstance.py:2330} INFO - Executing <Task(PythonOperator): task1> on 2026-03-11 04:56:18.264062+00:00
[2026-03-11T04:56:21.161+0000] {warnings.py:112} WARNING - /home/***/.local/lib/python3.12/site-packages/***/task/task_runner/standard_task_runner.py:62: DeprecationWarning: This process (pid=1478) is multi-threaded, use of fork() may lead to deadlocks in the child.
  pid = os.fork()

[2026-03-11T04:56:21.164+0000] {standard_task_runner.py:64} INFO - Started process 1479 to run task
[2026-03-11T04:56:21.164+0000] {standard_task_runner.py:90} INFO - Running: ['***', 'tasks', 'run', 'run_glue_job_dag', 'task1', 'manual__2026-03-11T04:56:18.264062+00:00', '--job-id', '94', '--raw', '--subdir', 'DAGS_FOLDER/gule_dag.py', '--cfg-path', '/tmp/tmpuvs31b_n']
[2026-03-11T04:56:21.165+0000] {standard_task_runner.py:91} INFO - Job 94: Subtask task1
[2026-03-11T04:56:21.239+0000] {task_command.py:426} INFO - Running <TaskInstance: run_glue_job_dag.task1 manual__2026-03-11T04:56:18.264062+00:00 [running]> on host e78df3d27940
[2026-03-11T04:56:21.390+0000] {taskinstance.py:2648} INFO - Exporting env vars: AIRFLOW_CTX_DAG_OWNER='***' AIRFLOW_CTX_DAG_ID='run_glue_job_dag' AIRFLOW_CTX_TASK_ID='task1' AIRFLOW_CTX_EXECUTION_DATE='2026-03-11T04:56:18.264062+00:00' AIRFLOW_CTX_TRY_NUMBER='1' AIRFLOW_CTX_DAG_RUN_ID='manual__2026-03-11T04:56:18.264062+00:00'
[2026-03-11T04:56:21.392+0000] {taskinstance.py:430} INFO - ::endgroup::
[2026-03-11T04:56:21.408+0000] {taskinstance.py:441} INFO - ::group::Post task execution logs
[2026-03-11T04:56:21.409+0000] {taskinstance.py:2905} ERROR - Task failed with exception
Traceback (most recent call last):
  File "/home/airflow/.local/lib/python3.12/site-packages/airflow/models/taskinstance.py", line 465, in _execute_task
    result = _execute_callable(context=context, **execute_callable_kwargs)
             ^^^^^^^^^^^^^^^^^^^^^^^^^^^^^^^^^^^^^^^^^^^^^^^^^^^^^^^^^^^^^
  File "/home/airflow/.local/lib/python3.12/site-packages/airflow/models/taskinstance.py", line 432, in _execute_callable
    return execute_callable(context=context, **execute_callable_kwargs)
           ^^^^^^^^^^^^^^^^^^^^^^^^^^^^^^^^^^^^^^^^^^^^^^^^^^^^^^^^^^^^
  File "/home/airflow/.local/lib/python3.12/site-packages/airflow/models/baseoperator.py", line 401, in wrapper
    return func(self, *args, **kwargs)
           ^^^^^^^^^^^^^^^^^^^^^^^^^^^
  File "/home/airflow/.local/lib/python3.12/site-packages/airflow/operators/python.py", line 235, in execute
    return_value = self.execute_callable()
                   ^^^^^^^^^^^^^^^^^^^^^^^
  File "/home/airflow/.local/lib/python3.12/site-packages/airflow/operators/python.py", line 252, in execute_callable
    return self.python_callable(*self.op_args, **self.op_kwargs)
           ^^^^^^^^^^^^^^^^^^^^^^^^^^^^^^^^^^^^^^^^^^^^^^^^^^^^^
  File "/opt/airflow/dags/gule_dag.py", line 8, in test_task
    1/0
    ~^~
ZeroDivisionError: division by zero
[2026-03-11T04:56:21.428+0000] {taskinstance.py:1206} INFO - Marking task as FAILED. dag_id=run_glue_job_dag, task_id=task1, run_id=manual__2026-03-11T04:56:18.264062+00:00, execution_date=20260311T045618, start_date=20260311T045621, end_date=20260311T045621
[2026-03-11T04:56:21.447+0000] {standard_task_runner.py:110} ERROR - Failed to execute job 94 for task task1 (division by zero; 1479)
[2026-03-11T04:56:21.501+0000] {local_task_job_runner.py:243} INFO - Task exited with return code 1
[2026-03-11T04:56:21.522+0000] {taskinstance.py:3503} INFO - 0 downstream tasks scheduled from follow-on schedule check
[2026-03-11T04:56:21.524+0000] {local_task_job_runner.py:222} INFO - ::endgroup::
