[2026-03-08T05:52:44.819+0000] {local_task_job_runner.py:120} INFO - ::group::Pre task execution logs
[2026-03-08T05:52:44.855+0000] {taskinstance.py:2076} INFO - Dependencies all met for dep_context=non-requeueable deps ti=<TaskInstance: run_glue_job_dag.run_glue_job manual__2026-03-08T05:52:42.808852+00:00 [queued]>
[2026-03-08T05:52:44.874+0000] {taskinstance.py:2076} INFO - Dependencies all met for dep_context=requeueable deps ti=<TaskInstance: run_glue_job_dag.run_glue_job manual__2026-03-08T05:52:42.808852+00:00 [queued]>
[2026-03-08T05:52:44.876+0000] {taskinstance.py:2306} INFO - Starting attempt 1 of 1
[2026-03-08T05:52:44.902+0000] {taskinstance.py:2330} INFO - Executing <Task(GlueJobOperator): run_glue_job> on 2026-03-08 05:52:42.808852+00:00
[2026-03-08T05:52:44.919+0000] {standard_task_runner.py:90} INFO - Running: ['***', 'tasks', 'run', 'run_glue_job_dag', 'run_glue_job', 'manual__2026-03-08T05:52:42.808852+00:00', '--job-id', '53', '--raw', '--subdir', 'DAGS_FOLDER/gule_dag.py', '--cfg-path', '/tmp/tmpo4ssxfkn']
[2026-03-08T05:52:44.918+0000] {warnings.py:112} WARNING - /home/***/.local/lib/python3.12/site-packages/***/task/task_runner/standard_task_runner.py:62: DeprecationWarning: This process (pid=118) is multi-threaded, use of fork() may lead to deadlocks in the child.
  pid = os.fork()

[2026-03-08T05:52:44.921+0000] {standard_task_runner.py:91} INFO - Job 53: Subtask run_glue_job
[2026-03-08T05:52:44.921+0000] {standard_task_runner.py:64} INFO - Started process 119 to run task
[2026-03-08T05:52:45.014+0000] {task_command.py:426} INFO - Running <TaskInstance: run_glue_job_dag.run_glue_job manual__2026-03-08T05:52:42.808852+00:00 [running]> on host 7029a760ead2
[2026-03-08T05:52:45.169+0000] {taskinstance.py:2648} INFO - Exporting env vars: AIRFLOW_CTX_DAG_OWNER='***' AIRFLOW_CTX_DAG_ID='run_glue_job_dag' AIRFLOW_CTX_TASK_ID='run_glue_job' AIRFLOW_CTX_EXECUTION_DATE='2026-03-08T05:52:42.808852+00:00' AIRFLOW_CTX_TRY_NUMBER='1' AIRFLOW_CTX_DAG_RUN_ID='manual__2026-03-08T05:52:42.808852+00:00'
[2026-03-08T05:52:45.170+0000] {taskinstance.py:430} INFO - ::endgroup::
[2026-03-08T05:52:45.199+0000] {glue.py:186} INFO - Initializing AWS Glue Job: gittest. Wait for completion: True
[2026-03-08T05:52:45.200+0000] {glue.py:365} INFO - Checking if job already exists: gittest
[2026-03-08T05:52:45.218+0000] {base_aws.py:587} WARNING - Unable to find AWS Connection ID 'aws_default', switching to empty.
[2026-03-08T05:52:45.220+0000] {base_aws.py:164} INFO - No connection ID provided. Fallback on boto3 credential strategy (region_name='us-east-1'). See: https://boto3.amazonaws.com/v1/documentation/api/latest/guide/configuration.html
[2026-03-08T05:52:45.838+0000] {credentials.py:1147} INFO - Found credentials in environment variables.
[2026-03-08T05:52:47.342+0000] {glue.py:207} INFO - You can monitor this Glue Job run at: https://console.aws.amazon.com/gluestudio/home?region=us-east-1#/job/gittest/run/jr_4f68d082b78d8672f2a113f5cfe9cd7b335f8967c41558e8c1f7918cd56c8651
[2026-03-08T05:52:47.636+0000] {glue.py:348} INFO - Polling for AWS Glue Job gittest current run state with status RUNNING
[2026-03-08T05:52:53.983+0000] {glue.py:348} INFO - Polling for AWS Glue Job gittest current run state with status RUNNING
[2026-03-08T05:53:00.313+0000] {glue.py:348} INFO - Polling for AWS Glue Job gittest current run state with status RUNNING
[2026-03-08T05:53:06.649+0000] {glue.py:348} INFO - Polling for AWS Glue Job gittest current run state with status RUNNING
[2026-03-08T05:53:12.965+0000] {glue.py:348} INFO - Polling for AWS Glue Job gittest current run state with status RUNNING
[2026-03-08T05:53:19.286+0000] {glue.py:348} INFO - Polling for AWS Glue Job gittest current run state with status RUNNING
[2026-03-08T05:53:25.603+0000] {glue.py:348} INFO - Polling for AWS Glue Job gittest current run state with status RUNNING
[2026-03-08T05:53:31.937+0000] {glue.py:348} INFO - Polling for AWS Glue Job gittest current run state with status RUNNING
[2026-03-08T05:53:38.249+0000] {glue.py:348} INFO - Polling for AWS Glue Job gittest current run state with status RUNNING
[2026-03-08T05:53:44.564+0000] {glue.py:348} INFO - Polling for AWS Glue Job gittest current run state with status RUNNING
[2026-03-08T05:53:50.877+0000] {glue.py:348} INFO - Polling for AWS Glue Job gittest current run state with status RUNNING
[2026-03-08T05:53:57.201+0000] {glue.py:348} INFO - Polling for AWS Glue Job gittest current run state with status RUNNING
[2026-03-08T05:54:03.508+0000] {glue.py:348} INFO - Polling for AWS Glue Job gittest current run state with status RUNNING
[2026-03-08T05:54:09.825+0000] {glue.py:348} INFO - Polling for AWS Glue Job gittest current run state with status RUNNING
[2026-03-08T05:54:16.125+0000] {glue.py:341} INFO - Exiting Job jr_4f68d082b78d8672f2a113f5cfe9cd7b335f8967c41558e8c1f7918cd56c8651 Run State: SUCCEEDED
[2026-03-08T05:54:16.125+0000] {glue.py:222} INFO - AWS Glue Job: gittest status: SUCCEEDED. Run Id: jr_4f68d082b78d8672f2a113f5cfe9cd7b335f8967c41558e8c1f7918cd56c8651
[2026-03-08T05:54:16.126+0000] {taskinstance.py:441} INFO - ::group::Post task execution logs
[2026-03-08T05:54:16.150+0000] {taskinstance.py:1206} INFO - Marking task as SUCCESS. dag_id=run_glue_job_dag, task_id=run_glue_job, run_id=manual__2026-03-08T05:52:42.808852+00:00, execution_date=20260308T055242, start_date=20260308T055244, end_date=20260308T055416
[2026-03-08T05:54:16.213+0000] {local_task_job_runner.py:243} INFO - Task exited with return code 0
[2026-03-08T05:54:16.230+0000] {taskinstance.py:3503} INFO - 0 downstream tasks scheduled from follow-on schedule check
[2026-03-08T05:54:16.232+0000] {local_task_job_runner.py:222} INFO - ::endgroup::
