[2026-03-11T04:19:34.552+0000] {local_task_job_runner.py:120} INFO - ::group::Pre task execution logs
[2026-03-11T04:19:34.598+0000] {taskinstance.py:2076} INFO - Dependencies all met for dep_context=non-requeueable deps ti=<TaskInstance: run_glue_job_dag.task1 manual__2026-03-11T04:19:23.984219+00:00 [queued]>
[2026-03-11T04:19:34.630+0000] {taskinstance.py:2076} INFO - Dependencies all met for dep_context=requeueable deps ti=<TaskInstance: run_glue_job_dag.task1 manual__2026-03-11T04:19:23.984219+00:00 [queued]>
[2026-03-11T04:19:34.632+0000] {taskinstance.py:2306} INFO - Starting attempt 1 of 1
[2026-03-11T04:19:34.668+0000] {taskinstance.py:2330} INFO - Executing <Task(PythonOperator): task1> on 2026-03-11 04:19:23.984219+00:00
[2026-03-11T04:19:34.711+0000] {warnings.py:112} WARNING - /home/***/.local/lib/python3.12/site-packages/***/task/task_runner/standard_task_runner.py:62: DeprecationWarning: This process (pid=1003) is multi-threaded, use of fork() may lead to deadlocks in the child.
  pid = os.fork()

[2026-03-11T04:19:34.729+0000] {standard_task_runner.py:64} INFO - Started process 1004 to run task
[2026-03-11T04:19:34.728+0000] {standard_task_runner.py:90} INFO - Running: ['***', 'tasks', 'run', 'run_glue_job_dag', 'task1', 'manual__2026-03-11T04:19:23.984219+00:00', '--job-id', '90', '--raw', '--subdir', 'DAGS_FOLDER/gule_dag.py', '--cfg-path', '/tmp/tmpr5ny3mh1']
[2026-03-11T04:19:34.730+0000] {standard_task_runner.py:91} INFO - Job 90: Subtask task1
[2026-03-11T04:19:34.969+0000] {task_command.py:426} INFO - Running <TaskInstance: run_glue_job_dag.task1 manual__2026-03-11T04:19:23.984219+00:00 [running]> on host e78df3d27940
[2026-03-11T04:19:35.140+0000] {taskinstance.py:2648} INFO - Exporting env vars: AIRFLOW_CTX_DAG_OWNER='***' AIRFLOW_CTX_DAG_ID='run_glue_job_dag' AIRFLOW_CTX_TASK_ID='task1' AIRFLOW_CTX_EXECUTION_DATE='2026-03-11T04:19:23.984219+00:00' AIRFLOW_CTX_TRY_NUMBER='1' AIRFLOW_CTX_DAG_RUN_ID='manual__2026-03-11T04:19:23.984219+00:00'
[2026-03-11T04:19:35.142+0000] {taskinstance.py:430} INFO - ::endgroup::
[2026-03-11T04:19:45.236+0000] {logging_mixin.py:188} INFO - Hello Airflow
[2026-03-11T04:19:45.237+0000] {python.py:237} INFO - Done. Returned value was: None
[2026-03-11T04:19:45.238+0000] {taskinstance.py:441} INFO - ::group::Post task execution logs
[2026-03-11T04:19:45.255+0000] {taskinstance.py:1206} INFO - Marking task as SUCCESS. dag_id=run_glue_job_dag, task_id=task1, run_id=manual__2026-03-11T04:19:23.984219+00:00, execution_date=20260311T041923, start_date=20260311T041934, end_date=20260311T041945
[2026-03-11T04:19:45.445+0000] {local_task_job_runner.py:243} INFO - Task exited with return code 0
[2026-03-11T04:19:45.470+0000] {taskinstance.py:3503} INFO - 0 downstream tasks scheduled from follow-on schedule check
[2026-03-11T04:19:45.472+0000] {local_task_job_runner.py:222} INFO - ::endgroup::
