[2026-03-11T05:33:03.458+0000] {processor.py:161} INFO - Started process (PID=2436) to work on /opt/airflow/dags/gule_dag.py
[2026-03-11T05:33:03.460+0000] {processor.py:830} INFO - Processing file /opt/airflow/dags/gule_dag.py for tasks to queue
[2026-03-11T05:33:03.462+0000] {logging_mixin.py:188} INFO - [2026-03-11T05:33:03.461+0000] {dagbag.py:545} INFO - Filling up the DagBag from /opt/airflow/dags/gule_dag.py
[2026-03-11T05:33:03.477+0000] {processor.py:840} INFO - DAG(s) 'run_glue_job_dag' retrieved from /opt/airflow/dags/gule_dag.py
[2026-03-11T05:33:03.501+0000] {logging_mixin.py:188} INFO - [2026-03-11T05:33:03.500+0000] {dag.py:3089} INFO - Sync 1 DAGs
[2026-03-11T05:33:03.514+0000] {logging_mixin.py:188} INFO - [2026-03-11T05:33:03.513+0000] {dag.py:3947} INFO - Setting next_dagrun for run_glue_job_dag to None, run_after=None
[2026-03-11T05:33:03.533+0000] {processor.py:183} INFO - Processing /opt/airflow/dags/gule_dag.py took 0.082 seconds
[2026-03-11T05:33:33.810+0000] {processor.py:161} INFO - Started process (PID=2444) to work on /opt/airflow/dags/gule_dag.py
[2026-03-11T05:33:33.812+0000] {processor.py:830} INFO - Processing file /opt/airflow/dags/gule_dag.py for tasks to queue
[2026-03-11T05:33:33.817+0000] {logging_mixin.py:188} INFO - [2026-03-11T05:33:33.816+0000] {dagbag.py:545} INFO - Filling up the DagBag from /opt/airflow/dags/gule_dag.py
[2026-03-11T05:33:33.842+0000] {processor.py:840} INFO - DAG(s) 'run_glue_job_dag' retrieved from /opt/airflow/dags/gule_dag.py
[2026-03-11T05:33:33.874+0000] {logging_mixin.py:188} INFO - [2026-03-11T05:33:33.874+0000] {dag.py:3089} INFO - Sync 1 DAGs
[2026-03-11T05:33:33.894+0000] {logging_mixin.py:188} INFO - [2026-03-11T05:33:33.894+0000] {dag.py:3947} INFO - Setting next_dagrun for run_glue_job_dag to None, run_after=None
[2026-03-11T05:33:33.918+0000] {processor.py:183} INFO - Processing /opt/airflow/dags/gule_dag.py took 0.114 seconds
[2026-03-11T05:34:04.179+0000] {processor.py:161} INFO - Started process (PID=2452) to work on /opt/airflow/dags/gule_dag.py
[2026-03-11T05:34:04.180+0000] {processor.py:830} INFO - Processing file /opt/airflow/dags/gule_dag.py for tasks to queue
[2026-03-11T05:34:04.182+0000] {logging_mixin.py:188} INFO - [2026-03-11T05:34:04.181+0000] {dagbag.py:545} INFO - Filling up the DagBag from /opt/airflow/dags/gule_dag.py
[2026-03-11T05:34:04.203+0000] {processor.py:840} INFO - DAG(s) 'run_glue_job_dag' retrieved from /opt/airflow/dags/gule_dag.py
[2026-03-11T05:34:04.233+0000] {logging_mixin.py:188} INFO - [2026-03-11T05:34:04.233+0000] {dag.py:3089} INFO - Sync 1 DAGs
[2026-03-11T05:34:04.249+0000] {logging_mixin.py:188} INFO - [2026-03-11T05:34:04.249+0000] {dag.py:3947} INFO - Setting next_dagrun for run_glue_job_dag to None, run_after=None
[2026-03-11T05:34:04.271+0000] {processor.py:183} INFO - Processing /opt/airflow/dags/gule_dag.py took 0.098 seconds
[2026-03-11T05:34:34.669+0000] {processor.py:161} INFO - Started process (PID=2460) to work on /opt/airflow/dags/gule_dag.py
[2026-03-11T05:34:34.671+0000] {processor.py:830} INFO - Processing file /opt/airflow/dags/gule_dag.py for tasks to queue
[2026-03-11T05:34:34.676+0000] {logging_mixin.py:188} INFO - [2026-03-11T05:34:34.676+0000] {dagbag.py:545} INFO - Filling up the DagBag from /opt/airflow/dags/gule_dag.py
[2026-03-11T05:34:34.718+0000] {processor.py:840} INFO - DAG(s) 'run_glue_job_dag' retrieved from /opt/airflow/dags/gule_dag.py
[2026-03-11T05:34:34.782+0000] {logging_mixin.py:188} INFO - [2026-03-11T05:34:34.781+0000] {dag.py:3089} INFO - Sync 1 DAGs
[2026-03-11T05:34:34.813+0000] {logging_mixin.py:188} INFO - [2026-03-11T05:34:34.812+0000] {dag.py:3947} INFO - Setting next_dagrun for run_glue_job_dag to None, run_after=None
[2026-03-11T05:34:34.845+0000] {processor.py:183} INFO - Processing /opt/airflow/dags/gule_dag.py took 0.188 seconds
[2026-03-11T05:35:05.259+0000] {processor.py:161} INFO - Started process (PID=2468) to work on /opt/airflow/dags/gule_dag.py
[2026-03-11T05:35:05.261+0000] {processor.py:830} INFO - Processing file /opt/airflow/dags/gule_dag.py for tasks to queue
[2026-03-11T05:35:05.264+0000] {logging_mixin.py:188} INFO - [2026-03-11T05:35:05.263+0000] {dagbag.py:545} INFO - Filling up the DagBag from /opt/airflow/dags/gule_dag.py
[2026-03-11T05:35:05.295+0000] {processor.py:840} INFO - DAG(s) 'run_glue_job_dag' retrieved from /opt/airflow/dags/gule_dag.py
[2026-03-11T05:35:05.362+0000] {logging_mixin.py:188} INFO - [2026-03-11T05:35:05.362+0000] {dag.py:3089} INFO - Sync 1 DAGs
[2026-03-11T05:35:05.386+0000] {logging_mixin.py:188} INFO - [2026-03-11T05:35:05.386+0000] {dag.py:3947} INFO - Setting next_dagrun for run_glue_job_dag to None, run_after=None
[2026-03-11T05:35:05.425+0000] {processor.py:183} INFO - Processing /opt/airflow/dags/gule_dag.py took 0.176 seconds
[2026-03-11T05:35:35.702+0000] {processor.py:161} INFO - Started process (PID=2476) to work on /opt/airflow/dags/gule_dag.py
[2026-03-11T05:35:35.703+0000] {processor.py:830} INFO - Processing file /opt/airflow/dags/gule_dag.py for tasks to queue
[2026-03-11T05:35:35.706+0000] {logging_mixin.py:188} INFO - [2026-03-11T05:35:35.705+0000] {dagbag.py:545} INFO - Filling up the DagBag from /opt/airflow/dags/gule_dag.py
[2026-03-11T05:35:35.735+0000] {processor.py:840} INFO - DAG(s) 'run_glue_job_dag' retrieved from /opt/airflow/dags/gule_dag.py
[2026-03-11T05:35:35.768+0000] {logging_mixin.py:188} INFO - [2026-03-11T05:35:35.767+0000] {dag.py:3089} INFO - Sync 1 DAGs
[2026-03-11T05:35:35.790+0000] {logging_mixin.py:188} INFO - [2026-03-11T05:35:35.790+0000] {dag.py:3947} INFO - Setting next_dagrun for run_glue_job_dag to None, run_after=None
[2026-03-11T05:35:35.836+0000] {processor.py:183} INFO - Processing /opt/airflow/dags/gule_dag.py took 0.146 seconds
[2026-03-11T05:36:06.221+0000] {processor.py:161} INFO - Started process (PID=2484) to work on /opt/airflow/dags/gule_dag.py
[2026-03-11T05:36:06.224+0000] {processor.py:830} INFO - Processing file /opt/airflow/dags/gule_dag.py for tasks to queue
[2026-03-11T05:36:06.227+0000] {logging_mixin.py:188} INFO - [2026-03-11T05:36:06.226+0000] {dagbag.py:545} INFO - Filling up the DagBag from /opt/airflow/dags/gule_dag.py
[2026-03-11T05:36:06.250+0000] {processor.py:840} INFO - DAG(s) 'run_glue_job_dag' retrieved from /opt/airflow/dags/gule_dag.py
[2026-03-11T05:36:06.285+0000] {logging_mixin.py:188} INFO - [2026-03-11T05:36:06.284+0000] {dag.py:3089} INFO - Sync 1 DAGs
[2026-03-11T05:36:06.304+0000] {logging_mixin.py:188} INFO - [2026-03-11T05:36:06.304+0000] {dag.py:3947} INFO - Setting next_dagrun for run_glue_job_dag to None, run_after=None
[2026-03-11T05:36:06.334+0000] {processor.py:183} INFO - Processing /opt/airflow/dags/gule_dag.py took 0.123 seconds
[2026-03-11T05:36:36.574+0000] {processor.py:161} INFO - Started process (PID=2492) to work on /opt/airflow/dags/gule_dag.py
[2026-03-11T05:36:36.576+0000] {processor.py:830} INFO - Processing file /opt/airflow/dags/gule_dag.py for tasks to queue
[2026-03-11T05:36:36.579+0000] {logging_mixin.py:188} INFO - [2026-03-11T05:36:36.579+0000] {dagbag.py:545} INFO - Filling up the DagBag from /opt/airflow/dags/gule_dag.py
[2026-03-11T05:36:36.602+0000] {processor.py:840} INFO - DAG(s) 'run_glue_job_dag' retrieved from /opt/airflow/dags/gule_dag.py
[2026-03-11T05:36:36.632+0000] {logging_mixin.py:188} INFO - [2026-03-11T05:36:36.632+0000] {dag.py:3089} INFO - Sync 1 DAGs
[2026-03-11T05:36:36.648+0000] {logging_mixin.py:188} INFO - [2026-03-11T05:36:36.648+0000] {dag.py:3947} INFO - Setting next_dagrun for run_glue_job_dag to None, run_after=None
[2026-03-11T05:36:36.670+0000] {processor.py:183} INFO - Processing /opt/airflow/dags/gule_dag.py took 0.105 seconds
[2026-03-11T05:37:07.078+0000] {processor.py:161} INFO - Started process (PID=2500) to work on /opt/airflow/dags/gule_dag.py
[2026-03-11T05:37:07.080+0000] {processor.py:830} INFO - Processing file /opt/airflow/dags/gule_dag.py for tasks to queue
[2026-03-11T05:37:07.084+0000] {logging_mixin.py:188} INFO - [2026-03-11T05:37:07.083+0000] {dagbag.py:545} INFO - Filling up the DagBag from /opt/airflow/dags/gule_dag.py
[2026-03-11T05:37:07.115+0000] {processor.py:840} INFO - DAG(s) 'run_glue_job_dag' retrieved from /opt/airflow/dags/gule_dag.py
[2026-03-11T05:37:07.154+0000] {logging_mixin.py:188} INFO - [2026-03-11T05:37:07.153+0000] {dag.py:3089} INFO - Sync 1 DAGs
[2026-03-11T05:37:07.178+0000] {logging_mixin.py:188} INFO - [2026-03-11T05:37:07.177+0000] {dag.py:3947} INFO - Setting next_dagrun for run_glue_job_dag to None, run_after=None
[2026-03-11T05:37:07.207+0000] {processor.py:183} INFO - Processing /opt/airflow/dags/gule_dag.py took 0.137 seconds
[2026-03-11T05:37:37.501+0000] {processor.py:161} INFO - Started process (PID=2508) to work on /opt/airflow/dags/gule_dag.py
[2026-03-11T05:37:37.502+0000] {processor.py:830} INFO - Processing file /opt/airflow/dags/gule_dag.py for tasks to queue
[2026-03-11T05:37:37.506+0000] {logging_mixin.py:188} INFO - [2026-03-11T05:37:37.505+0000] {dagbag.py:545} INFO - Filling up the DagBag from /opt/airflow/dags/gule_dag.py
[2026-03-11T05:37:37.535+0000] {processor.py:840} INFO - DAG(s) 'run_glue_job_dag' retrieved from /opt/airflow/dags/gule_dag.py
[2026-03-11T05:37:37.565+0000] {logging_mixin.py:188} INFO - [2026-03-11T05:37:37.564+0000] {dag.py:3089} INFO - Sync 1 DAGs
[2026-03-11T05:37:37.584+0000] {logging_mixin.py:188} INFO - [2026-03-11T05:37:37.583+0000] {dag.py:3947} INFO - Setting next_dagrun for run_glue_job_dag to None, run_after=None
[2026-03-11T05:37:37.607+0000] {processor.py:183} INFO - Processing /opt/airflow/dags/gule_dag.py took 0.112 seconds
[2026-03-11T05:38:07.886+0000] {processor.py:161} INFO - Started process (PID=2516) to work on /opt/airflow/dags/gule_dag.py
[2026-03-11T05:38:07.887+0000] {processor.py:830} INFO - Processing file /opt/airflow/dags/gule_dag.py for tasks to queue
[2026-03-11T05:38:07.891+0000] {logging_mixin.py:188} INFO - [2026-03-11T05:38:07.890+0000] {dagbag.py:545} INFO - Filling up the DagBag from /opt/airflow/dags/gule_dag.py
[2026-03-11T05:38:07.923+0000] {processor.py:840} INFO - DAG(s) 'run_glue_job_dag' retrieved from /opt/airflow/dags/gule_dag.py
[2026-03-11T05:38:07.961+0000] {logging_mixin.py:188} INFO - [2026-03-11T05:38:07.961+0000] {dag.py:3089} INFO - Sync 1 DAGs
[2026-03-11T05:38:07.984+0000] {logging_mixin.py:188} INFO - [2026-03-11T05:38:07.984+0000] {dag.py:3947} INFO - Setting next_dagrun for run_glue_job_dag to None, run_after=None
[2026-03-11T05:38:08.015+0000] {processor.py:183} INFO - Processing /opt/airflow/dags/gule_dag.py took 0.137 seconds
[2026-03-11T05:38:38.154+0000] {processor.py:161} INFO - Started process (PID=2524) to work on /opt/airflow/dags/gule_dag.py
[2026-03-11T05:38:38.155+0000] {processor.py:830} INFO - Processing file /opt/airflow/dags/gule_dag.py for tasks to queue
[2026-03-11T05:38:38.157+0000] {logging_mixin.py:188} INFO - [2026-03-11T05:38:38.157+0000] {dagbag.py:545} INFO - Filling up the DagBag from /opt/airflow/dags/gule_dag.py
[2026-03-11T05:38:38.180+0000] {processor.py:840} INFO - DAG(s) 'run_glue_job_dag' retrieved from /opt/airflow/dags/gule_dag.py
[2026-03-11T05:38:38.204+0000] {logging_mixin.py:188} INFO - [2026-03-11T05:38:38.204+0000] {dag.py:3089} INFO - Sync 1 DAGs
[2026-03-11T05:38:38.222+0000] {logging_mixin.py:188} INFO - [2026-03-11T05:38:38.222+0000] {dag.py:3947} INFO - Setting next_dagrun for run_glue_job_dag to None, run_after=None
[2026-03-11T05:38:38.243+0000] {processor.py:183} INFO - Processing /opt/airflow/dags/gule_dag.py took 0.097 seconds
[2026-03-11T05:39:08.493+0000] {processor.py:161} INFO - Started process (PID=2532) to work on /opt/airflow/dags/gule_dag.py
[2026-03-11T05:39:08.494+0000] {processor.py:830} INFO - Processing file /opt/airflow/dags/gule_dag.py for tasks to queue
[2026-03-11T05:39:08.497+0000] {logging_mixin.py:188} INFO - [2026-03-11T05:39:08.497+0000] {dagbag.py:545} INFO - Filling up the DagBag from /opt/airflow/dags/gule_dag.py
[2026-03-11T05:39:08.514+0000] {processor.py:840} INFO - DAG(s) 'run_glue_job_dag' retrieved from /opt/airflow/dags/gule_dag.py
[2026-03-11T05:39:08.537+0000] {logging_mixin.py:188} INFO - [2026-03-11T05:39:08.537+0000] {dag.py:3089} INFO - Sync 1 DAGs
[2026-03-11T05:39:08.551+0000] {logging_mixin.py:188} INFO - [2026-03-11T05:39:08.551+0000] {dag.py:3947} INFO - Setting next_dagrun for run_glue_job_dag to None, run_after=None
[2026-03-11T05:39:08.570+0000] {processor.py:183} INFO - Processing /opt/airflow/dags/gule_dag.py took 0.082 seconds
[2026-03-11T05:39:38.839+0000] {processor.py:161} INFO - Started process (PID=2540) to work on /opt/airflow/dags/gule_dag.py
[2026-03-11T05:39:38.841+0000] {processor.py:830} INFO - Processing file /opt/airflow/dags/gule_dag.py for tasks to queue
[2026-03-11T05:39:38.842+0000] {logging_mixin.py:188} INFO - [2026-03-11T05:39:38.842+0000] {dagbag.py:545} INFO - Filling up the DagBag from /opt/airflow/dags/gule_dag.py
[2026-03-11T05:39:38.857+0000] {processor.py:840} INFO - DAG(s) 'run_glue_job_dag' retrieved from /opt/airflow/dags/gule_dag.py
[2026-03-11T05:39:38.880+0000] {logging_mixin.py:188} INFO - [2026-03-11T05:39:38.880+0000] {dag.py:3089} INFO - Sync 1 DAGs
[2026-03-11T05:39:38.904+0000] {logging_mixin.py:188} INFO - [2026-03-11T05:39:38.903+0000] {dag.py:3947} INFO - Setting next_dagrun for run_glue_job_dag to None, run_after=None
[2026-03-11T05:39:38.926+0000] {processor.py:183} INFO - Processing /opt/airflow/dags/gule_dag.py took 0.092 seconds
