[2026-03-11T05:32:23.925+0000] {processor.py:161} INFO - Started process (PID=2421) to work on /opt/airflow/dags/sample_dag.py
[2026-03-11T05:32:23.926+0000] {processor.py:830} INFO - Processing file /opt/airflow/dags/sample_dag.py for tasks to queue
[2026-03-11T05:32:23.931+0000] {logging_mixin.py:188} INFO - [2026-03-11T05:32:23.931+0000] {dagbag.py:545} INFO - Filling up the DagBag from /opt/airflow/dags/sample_dag.py
[2026-03-11T05:32:23.958+0000] {processor.py:840} INFO - DAG(s) 'This_sample_dag' retrieved from /opt/airflow/dags/sample_dag.py
[2026-03-11T05:32:23.998+0000] {logging_mixin.py:188} INFO - [2026-03-11T05:32:23.998+0000] {dag.py:3089} INFO - Sync 1 DAGs
[2026-03-11T05:32:24.020+0000] {logging_mixin.py:188} INFO - [2026-03-11T05:32:24.020+0000] {dag.py:3947} INFO - Setting next_dagrun for This_sample_dag to None, run_after=None
[2026-03-11T05:32:24.050+0000] {processor.py:183} INFO - Processing /opt/airflow/dags/sample_dag.py took 0.132 seconds
[2026-03-11T05:32:54.340+0000] {processor.py:161} INFO - Started process (PID=2429) to work on /opt/airflow/dags/sample_dag.py
[2026-03-11T05:32:54.342+0000] {processor.py:830} INFO - Processing file /opt/airflow/dags/sample_dag.py for tasks to queue
[2026-03-11T05:32:54.345+0000] {logging_mixin.py:188} INFO - [2026-03-11T05:32:54.345+0000] {dagbag.py:545} INFO - Filling up the DagBag from /opt/airflow/dags/sample_dag.py
[2026-03-11T05:32:54.370+0000] {processor.py:840} INFO - DAG(s) 'This_sample_dag' retrieved from /opt/airflow/dags/sample_dag.py
[2026-03-11T05:32:54.402+0000] {logging_mixin.py:188} INFO - [2026-03-11T05:32:54.401+0000] {dag.py:3089} INFO - Sync 1 DAGs
[2026-03-11T05:32:54.418+0000] {logging_mixin.py:188} INFO - [2026-03-11T05:32:54.417+0000] {dag.py:3947} INFO - Setting next_dagrun for This_sample_dag to None, run_after=None
[2026-03-11T05:32:54.447+0000] {processor.py:183} INFO - Processing /opt/airflow/dags/sample_dag.py took 0.114 seconds
[2026-03-11T05:33:24.715+0000] {processor.py:161} INFO - Started process (PID=2437) to work on /opt/airflow/dags/sample_dag.py
[2026-03-11T05:33:24.716+0000] {processor.py:830} INFO - Processing file /opt/airflow/dags/sample_dag.py for tasks to queue
[2026-03-11T05:33:24.718+0000] {logging_mixin.py:188} INFO - [2026-03-11T05:33:24.718+0000] {dagbag.py:545} INFO - Filling up the DagBag from /opt/airflow/dags/sample_dag.py
[2026-03-11T05:33:24.735+0000] {processor.py:840} INFO - DAG(s) 'This_sample_dag' retrieved from /opt/airflow/dags/sample_dag.py
[2026-03-11T05:33:24.758+0000] {logging_mixin.py:188} INFO - [2026-03-11T05:33:24.758+0000] {dag.py:3089} INFO - Sync 1 DAGs
[2026-03-11T05:33:24.771+0000] {logging_mixin.py:188} INFO - [2026-03-11T05:33:24.770+0000] {dag.py:3947} INFO - Setting next_dagrun for This_sample_dag to None, run_after=None
[2026-03-11T05:33:24.788+0000] {processor.py:183} INFO - Processing /opt/airflow/dags/sample_dag.py took 0.078 seconds
[2026-03-11T05:33:55.057+0000] {processor.py:161} INFO - Started process (PID=2445) to work on /opt/airflow/dags/sample_dag.py
[2026-03-11T05:33:55.058+0000] {processor.py:830} INFO - Processing file /opt/airflow/dags/sample_dag.py for tasks to queue
[2026-03-11T05:33:55.061+0000] {logging_mixin.py:188} INFO - [2026-03-11T05:33:55.061+0000] {dagbag.py:545} INFO - Filling up the DagBag from /opt/airflow/dags/sample_dag.py
[2026-03-11T05:33:55.088+0000] {processor.py:840} INFO - DAG(s) 'This_sample_dag' retrieved from /opt/airflow/dags/sample_dag.py
[2026-03-11T05:33:55.121+0000] {logging_mixin.py:188} INFO - [2026-03-11T05:33:55.121+0000] {dag.py:3089} INFO - Sync 1 DAGs
[2026-03-11T05:33:55.139+0000] {logging_mixin.py:188} INFO - [2026-03-11T05:33:55.138+0000] {dag.py:3947} INFO - Setting next_dagrun for This_sample_dag to None, run_after=None
[2026-03-11T05:33:55.164+0000] {processor.py:183} INFO - Processing /opt/airflow/dags/sample_dag.py took 0.114 seconds
[2026-03-11T05:34:25.541+0000] {processor.py:161} INFO - Started process (PID=2453) to work on /opt/airflow/dags/sample_dag.py
[2026-03-11T05:34:25.543+0000] {processor.py:830} INFO - Processing file /opt/airflow/dags/sample_dag.py for tasks to queue
[2026-03-11T05:34:25.555+0000] {logging_mixin.py:188} INFO - [2026-03-11T05:34:25.550+0000] {dagbag.py:545} INFO - Filling up the DagBag from /opt/airflow/dags/sample_dag.py
[2026-03-11T05:34:25.618+0000] {processor.py:840} INFO - DAG(s) 'This_sample_dag' retrieved from /opt/airflow/dags/sample_dag.py
[2026-03-11T05:34:25.716+0000] {logging_mixin.py:188} INFO - [2026-03-11T05:34:25.715+0000] {dag.py:3089} INFO - Sync 1 DAGs
[2026-03-11T05:34:25.766+0000] {logging_mixin.py:188} INFO - [2026-03-11T05:34:25.765+0000] {dag.py:3947} INFO - Setting next_dagrun for This_sample_dag to None, run_after=None
[2026-03-11T05:34:25.826+0000] {processor.py:183} INFO - Processing /opt/airflow/dags/sample_dag.py took 0.312 seconds
[2026-03-11T05:34:55.953+0000] {processor.py:161} INFO - Started process (PID=2461) to work on /opt/airflow/dags/sample_dag.py
[2026-03-11T05:34:55.956+0000] {processor.py:830} INFO - Processing file /opt/airflow/dags/sample_dag.py for tasks to queue
[2026-03-11T05:34:55.961+0000] {logging_mixin.py:188} INFO - [2026-03-11T05:34:55.960+0000] {dagbag.py:545} INFO - Filling up the DagBag from /opt/airflow/dags/sample_dag.py
[2026-03-11T05:34:56.023+0000] {processor.py:840} INFO - DAG(s) 'This_sample_dag' retrieved from /opt/airflow/dags/sample_dag.py
[2026-03-11T05:34:56.127+0000] {logging_mixin.py:188} INFO - [2026-03-11T05:34:56.127+0000] {dag.py:3089} INFO - Sync 1 DAGs
[2026-03-11T05:34:56.175+0000] {logging_mixin.py:188} INFO - [2026-03-11T05:34:56.175+0000] {dag.py:3947} INFO - Setting next_dagrun for This_sample_dag to None, run_after=None
[2026-03-11T05:34:56.250+0000] {processor.py:183} INFO - Processing /opt/airflow/dags/sample_dag.py took 0.313 seconds
[2026-03-11T05:35:26.500+0000] {processor.py:161} INFO - Started process (PID=2469) to work on /opt/airflow/dags/sample_dag.py
[2026-03-11T05:35:26.502+0000] {processor.py:830} INFO - Processing file /opt/airflow/dags/sample_dag.py for tasks to queue
[2026-03-11T05:35:26.505+0000] {logging_mixin.py:188} INFO - [2026-03-11T05:35:26.505+0000] {dagbag.py:545} INFO - Filling up the DagBag from /opt/airflow/dags/sample_dag.py
[2026-03-11T05:35:26.532+0000] {processor.py:840} INFO - DAG(s) 'This_sample_dag' retrieved from /opt/airflow/dags/sample_dag.py
[2026-03-11T05:35:26.564+0000] {logging_mixin.py:188} INFO - [2026-03-11T05:35:26.563+0000] {dag.py:3089} INFO - Sync 1 DAGs
[2026-03-11T05:35:26.582+0000] {logging_mixin.py:188} INFO - [2026-03-11T05:35:26.582+0000] {dag.py:3947} INFO - Setting next_dagrun for This_sample_dag to None, run_after=None
[2026-03-11T05:35:26.611+0000] {processor.py:183} INFO - Processing /opt/airflow/dags/sample_dag.py took 0.120 seconds
