[2026-03-08T06:04:38.145+0000] {local_task_job_runner.py:120} INFO - ::group::Pre task execution logs
[2026-03-08T06:04:38.206+0000] {taskinstance.py:2076} INFO - Dependencies all met for dep_context=non-requeueable deps ti=<TaskInstance: This_sample_dag.e manual__2026-03-08T06:04:19.798121+00:00 [queued]>
[2026-03-08T06:04:38.228+0000] {taskinstance.py:2076} INFO - Dependencies all met for dep_context=requeueable deps ti=<TaskInstance: This_sample_dag.e manual__2026-03-08T06:04:19.798121+00:00 [queued]>
[2026-03-08T06:04:38.229+0000] {taskinstance.py:2306} INFO - Starting attempt 1 of 1
[2026-03-08T06:04:38.269+0000] {taskinstance.py:2330} INFO - Executing <Task(PythonOperator): e> on 2026-03-08 06:04:19.798121+00:00
[2026-03-08T06:04:38.284+0000] {standard_task_runner.py:90} INFO - Running: ['***', 'tasks', 'run', 'This_sample_dag', 'e', 'manual__2026-03-08T06:04:19.798121+00:00', '--job-id', '55', '--raw', '--subdir', 'DAGS_FOLDER/sample_dag.py', '--cfg-path', '/tmp/tmp0cag77i0']
[2026-03-08T06:04:38.282+0000] {warnings.py:112} WARNING - /home/***/.local/lib/python3.12/site-packages/***/task/task_runner/standard_task_runner.py:62: DeprecationWarning: This process (pid=271) is multi-threaded, use of fork() may lead to deadlocks in the child.
  pid = os.fork()

[2026-03-08T06:04:38.286+0000] {standard_task_runner.py:91} INFO - Job 55: Subtask e
[2026-03-08T06:04:38.286+0000] {standard_task_runner.py:64} INFO - Started process 273 to run task
[2026-03-08T06:04:38.374+0000] {task_command.py:426} INFO - Running <TaskInstance: This_sample_dag.e manual__2026-03-08T06:04:19.798121+00:00 [running]> on host 7029a760ead2
[2026-03-08T06:04:38.511+0000] {taskinstance.py:2648} INFO - Exporting env vars: AIRFLOW_CTX_DAG_OWNER='***' AIRFLOW_CTX_DAG_ID='This_sample_dag' AIRFLOW_CTX_TASK_ID='e' AIRFLOW_CTX_EXECUTION_DATE='2026-03-08T06:04:19.798121+00:00' AIRFLOW_CTX_TRY_NUMBER='1' AIRFLOW_CTX_DAG_RUN_ID='manual__2026-03-08T06:04:19.798121+00:00'
[2026-03-08T06:04:38.514+0000] {taskinstance.py:430} INFO - ::endgroup::
[2026-03-08T06:04:53.534+0000] {logging_mixin.py:188} INFO - Hello World from Apache Airflow!
[2026-03-08T06:04:53.535+0000] {python.py:237} INFO - Done. Returned value was: None
[2026-03-08T06:04:53.544+0000] {taskinstance.py:441} INFO - ::group::Post task execution logs
[2026-03-08T06:04:53.568+0000] {taskinstance.py:1206} INFO - Marking task as SUCCESS. dag_id=This_sample_dag, task_id=e, run_id=manual__2026-03-08T06:04:19.798121+00:00, execution_date=20260308T060419, start_date=20260308T060438, end_date=20260308T060453
[2026-03-08T06:04:53.658+0000] {local_task_job_runner.py:243} INFO - Task exited with return code 0
[2026-03-08T06:04:53.727+0000] {taskinstance.py:3503} INFO - 0 downstream tasks scheduled from follow-on schedule check
[2026-03-08T06:04:53.730+0000] {local_task_job_runner.py:222} INFO - ::endgroup::
