[2026-03-11T02:59:27.332+0000] {local_task_job_runner.py:120} INFO - ::group::Pre task execution logs
[2026-03-11T02:59:27.351+0000] {taskinstance.py:2076} INFO - Dependencies all met for dep_context=non-requeueable deps ti=<TaskInstance: run_glue_job_dag.task1 manual__2026-03-11T02:59:24.444411+00:00 [queued]>
[2026-03-11T02:59:27.361+0000] {taskinstance.py:2076} INFO - Dependencies all met for dep_context=requeueable deps ti=<TaskInstance: run_glue_job_dag.task1 manual__2026-03-11T02:59:24.444411+00:00 [queued]>
[2026-03-11T02:59:27.362+0000] {taskinstance.py:2306} INFO - Starting attempt 1 of 1
[2026-03-11T02:59:27.376+0000] {taskinstance.py:2330} INFO - Executing <Task(PythonOperator): task1> on 2026-03-11 02:59:24.444411+00:00
[2026-03-11T02:59:27.387+0000] {warnings.py:112} WARNING - /home/***/.local/lib/python3.12/site-packages/***/task/task_runner/standard_task_runner.py:62: DeprecationWarning: This process (pid=90) is multi-threaded, use of fork() may lead to deadlocks in the child.
  pid = os.fork()

[2026-03-11T02:59:27.389+0000] {standard_task_runner.py:90} INFO - Running: ['***', 'tasks', 'run', 'run_glue_job_dag', 'task1', 'manual__2026-03-11T02:59:24.444411+00:00', '--job-id', '86', '--raw', '--subdir', 'DAGS_FOLDER/gule_dag.py', '--cfg-path', '/tmp/tmpwiwr0urt']
[2026-03-11T02:59:27.390+0000] {standard_task_runner.py:64} INFO - Started process 91 to run task
[2026-03-11T02:59:27.390+0000] {standard_task_runner.py:91} INFO - Job 86: Subtask task1
[2026-03-11T02:59:27.454+0000] {task_command.py:426} INFO - Running <TaskInstance: run_glue_job_dag.task1 manual__2026-03-11T02:59:24.444411+00:00 [running]> on host e78df3d27940
[2026-03-11T02:59:27.585+0000] {taskinstance.py:2648} INFO - Exporting env vars: AIRFLOW_CTX_DAG_OWNER='***' AIRFLOW_CTX_DAG_ID='run_glue_job_dag' AIRFLOW_CTX_TASK_ID='task1' AIRFLOW_CTX_EXECUTION_DATE='2026-03-11T02:59:24.444411+00:00' AIRFLOW_CTX_TRY_NUMBER='1' AIRFLOW_CTX_DAG_RUN_ID='manual__2026-03-11T02:59:24.444411+00:00'
[2026-03-11T02:59:27.588+0000] {taskinstance.py:430} INFO - ::endgroup::
[2026-03-11T02:59:27.615+0000] {logging_mixin.py:188} INFO - Hello Airflow
[2026-03-11T02:59:27.616+0000] {python.py:237} INFO - Done. Returned value was: None
[2026-03-11T02:59:27.618+0000] {taskinstance.py:441} INFO - ::group::Post task execution logs
[2026-03-11T02:59:27.636+0000] {taskinstance.py:1206} INFO - Marking task as SUCCESS. dag_id=run_glue_job_dag, task_id=task1, run_id=manual__2026-03-11T02:59:24.444411+00:00, execution_date=20260311T025924, start_date=20260311T025927, end_date=20260311T025927
[2026-03-11T02:59:27.658+0000] {standard_task_runner.py:110} ERROR - Failed to execute job 86 for task task1 (MySQLTaskLogListener.on_task_instance_success() missing 1 required positional argument: 'session'; 91)
[2026-03-11T02:59:27.684+0000] {local_task_job_runner.py:243} INFO - Task exited with return code 1
[2026-03-11T02:59:27.720+0000] {taskinstance.py:3503} INFO - 0 downstream tasks scheduled from follow-on schedule check
[2026-03-11T02:59:27.726+0000] {local_task_job_runner.py:222} INFO - ::endgroup::
