[2026-03-11T02:44:40.382+0000] {local_task_job_runner.py:120} INFO - ::group::Pre task execution logs
[2026-03-11T02:44:40.402+0000] {taskinstance.py:2076} INFO - Dependencies all met for dep_context=non-requeueable deps ti=<TaskInstance: run_glue_job_dag.task1 manual__2026-03-11T02:44:35.263281+00:00 [queued]>
[2026-03-11T02:44:40.415+0000] {taskinstance.py:2076} INFO - Dependencies all met for dep_context=requeueable deps ti=<TaskInstance: run_glue_job_dag.task1 manual__2026-03-11T02:44:35.263281+00:00 [queued]>
[2026-03-11T02:44:40.416+0000] {taskinstance.py:2306} INFO - Starting attempt 1 of 1
[2026-03-11T02:44:40.435+0000] {taskinstance.py:2330} INFO - Executing <Task(PythonOperator): task1> on 2026-03-11 02:44:35.263281+00:00
[2026-03-11T02:44:40.447+0000] {warnings.py:112} WARNING - /home/***/.local/lib/python3.12/site-packages/***/task/task_runner/standard_task_runner.py:62: DeprecationWarning: This process (pid=124) is multi-threaded, use of fork() may lead to deadlocks in the child.
  pid = os.fork()

[2026-03-11T02:44:40.447+0000] {standard_task_runner.py:90} INFO - Running: ['***', 'tasks', 'run', 'run_glue_job_dag', 'task1', 'manual__2026-03-11T02:44:35.263281+00:00', '--job-id', '80', '--raw', '--subdir', 'DAGS_FOLDER/gule_dag.py', '--cfg-path', '/tmp/tmpfcb_uepd']
[2026-03-11T02:44:40.449+0000] {standard_task_runner.py:64} INFO - Started process 125 to run task
[2026-03-11T02:44:40.449+0000] {standard_task_runner.py:91} INFO - Job 80: Subtask task1
[2026-03-11T02:44:40.522+0000] {task_command.py:426} INFO - Running <TaskInstance: run_glue_job_dag.task1 manual__2026-03-11T02:44:35.263281+00:00 [running]> on host e78df3d27940
[2026-03-11T02:44:40.644+0000] {taskinstance.py:2648} INFO - Exporting env vars: AIRFLOW_CTX_DAG_OWNER='***' AIRFLOW_CTX_DAG_ID='run_glue_job_dag' AIRFLOW_CTX_TASK_ID='task1' AIRFLOW_CTX_EXECUTION_DATE='2026-03-11T02:44:35.263281+00:00' AIRFLOW_CTX_TRY_NUMBER='1' AIRFLOW_CTX_DAG_RUN_ID='manual__2026-03-11T02:44:35.263281+00:00'
[2026-03-11T02:44:40.645+0000] {taskinstance.py:430} INFO - ::endgroup::
[2026-03-11T02:44:40.685+0000] {logging_mixin.py:188} INFO - Hello Airflow
[2026-03-11T02:44:40.686+0000] {python.py:237} INFO - Done. Returned value was: None
[2026-03-11T02:44:40.689+0000] {taskinstance.py:441} INFO - ::group::Post task execution logs
[2026-03-11T02:44:40.714+0000] {taskinstance.py:1206} INFO - Marking task as SUCCESS. dag_id=run_glue_job_dag, task_id=task1, run_id=manual__2026-03-11T02:44:35.263281+00:00, execution_date=20260311T024435, start_date=20260311T024440, end_date=20260311T024440
[2026-03-11T02:44:40.746+0000] {standard_task_runner.py:110} ERROR - Failed to execute job 80 for task task1 (2003 (HY000): Can't connect to MySQL server on 'localhost:3306' (111); 125)
[2026-03-11T02:44:40.785+0000] {local_task_job_runner.py:243} INFO - Task exited with return code 1
[2026-03-11T02:44:40.809+0000] {taskinstance.py:3503} INFO - 0 downstream tasks scheduled from follow-on schedule check
[2026-03-11T02:44:40.812+0000] {local_task_job_runner.py:222} INFO - ::endgroup::
