[2026-03-10T04:43:14.428+0000] {local_task_job_runner.py:120} INFO - ::group::Pre task execution logs
[2026-03-10T04:43:14.457+0000] {taskinstance.py:2076} INFO - Dependencies all met for dep_context=non-requeueable deps ti=<TaskInstance: run_glue_job_dag.wait_for_file_upload manual__2026-03-10T04:43:12.547165+00:00 [queued]>
[2026-03-10T04:43:14.469+0000] {taskinstance.py:2076} INFO - Dependencies all met for dep_context=requeueable deps ti=<TaskInstance: run_glue_job_dag.wait_for_file_upload manual__2026-03-10T04:43:12.547165+00:00 [queued]>
[2026-03-10T04:43:14.470+0000] {taskinstance.py:2306} INFO - Starting attempt 1 of 1
[2026-03-10T04:43:14.493+0000] {taskinstance.py:2330} INFO - Executing <Task(S3KeySensor): wait_for_file_upload> on 2026-03-10 04:43:12.547165+00:00
[2026-03-10T04:43:14.505+0000] {warnings.py:112} WARNING - /home/***/.local/lib/python3.12/site-packages/***/task/task_runner/standard_task_runner.py:62: DeprecationWarning: This process (pid=239) is multi-threaded, use of fork() may lead to deadlocks in the child.
  pid = os.fork()

[2026-03-10T04:43:14.506+0000] {standard_task_runner.py:90} INFO - Running: ['***', 'tasks', 'run', 'run_glue_job_dag', 'wait_for_file_upload', 'manual__2026-03-10T04:43:12.547165+00:00', '--job-id', '66', '--raw', '--subdir', 'DAGS_FOLDER/gule_dag.py', '--cfg-path', '/tmp/tmpt17r2gvz']
[2026-03-10T04:43:14.507+0000] {standard_task_runner.py:64} INFO - Started process 240 to run task
[2026-03-10T04:43:14.508+0000] {standard_task_runner.py:91} INFO - Job 66: Subtask wait_for_file_upload
[2026-03-10T04:43:14.589+0000] {task_command.py:426} INFO - Running <TaskInstance: run_glue_job_dag.wait_for_file_upload manual__2026-03-10T04:43:12.547165+00:00 [running]> on host 463a7769dc2e
[2026-03-10T04:43:14.747+0000] {taskinstance.py:2648} INFO - Exporting env vars: AIRFLOW_CTX_DAG_OWNER='***' AIRFLOW_CTX_DAG_ID='run_glue_job_dag' AIRFLOW_CTX_TASK_ID='wait_for_file_upload' AIRFLOW_CTX_EXECUTION_DATE='2026-03-10T04:43:12.547165+00:00' AIRFLOW_CTX_TRY_NUMBER='1' AIRFLOW_CTX_DAG_RUN_ID='manual__2026-03-10T04:43:12.547165+00:00'
[2026-03-10T04:43:14.749+0000] {taskinstance.py:430} INFO - ::endgroup::
[2026-03-10T04:43:14.769+0000] {baseoperator.py:400} WARNING - S3KeySensor.execute cannot be called outside TaskInstance!
[2026-03-10T04:43:14.770+0000] {s3.py:117} INFO - Poking for key : s3://real-estate-dsr-2/test/movies.csv
[2026-03-10T04:43:14.786+0000] {base_aws.py:587} WARNING - Unable to find AWS Connection ID 'aws_default', switching to empty.
[2026-03-10T04:43:14.788+0000] {base_aws.py:164} INFO - No connection ID provided. Fallback on boto3 credential strategy (region_name=None). See: https://boto3.amazonaws.com/v1/documentation/api/latest/guide/configuration.html
[2026-03-10T04:43:15.328+0000] {credentials.py:1147} INFO - Found credentials in environment variables.
[2026-03-10T04:43:46.493+0000] {s3.py:117} INFO - Poking for key : s3://real-estate-dsr-2/test/movies.csv
[2026-03-10T04:44:17.354+0000] {s3.py:117} INFO - Poking for key : s3://real-estate-dsr-2/test/movies.csv
[2026-03-10T04:44:18.141+0000] {base.py:294} INFO - Success criteria met. Exiting.
[2026-03-10T04:44:18.142+0000] {taskinstance.py:441} INFO - ::group::Post task execution logs
[2026-03-10T04:44:18.157+0000] {taskinstance.py:1206} INFO - Marking task as SUCCESS. dag_id=run_glue_job_dag, task_id=wait_for_file_upload, run_id=manual__2026-03-10T04:43:12.547165+00:00, execution_date=20260310T044312, start_date=20260310T044314, end_date=20260310T044418
[2026-03-10T04:44:18.207+0000] {local_task_job_runner.py:243} INFO - Task exited with return code 0
[2026-03-10T04:44:18.257+0000] {taskinstance.py:3503} INFO - 1 downstream tasks scheduled from follow-on schedule check
[2026-03-10T04:44:18.260+0000] {local_task_job_runner.py:222} INFO - ::endgroup::
