[2026-03-11T05:09:42.352+0000] {local_task_job_runner.py:120} INFO - ::group::Pre task execution logs
[2026-03-11T05:09:42.386+0000] {taskinstance.py:2076} INFO - Dependencies all met for dep_context=non-requeueable deps ti=<TaskInstance: This_sample_dag.a manual__2026-03-11T05:09:39.675500+00:00 [queued]>
[2026-03-11T05:09:42.398+0000] {taskinstance.py:2076} INFO - Dependencies all met for dep_context=requeueable deps ti=<TaskInstance: This_sample_dag.a manual__2026-03-11T05:09:39.675500+00:00 [queued]>
[2026-03-11T05:09:42.399+0000] {taskinstance.py:2306} INFO - Starting attempt 1 of 1
[2026-03-11T05:09:42.426+0000] {taskinstance.py:2330} INFO - Executing <Task(PythonOperator): a> on 2026-03-11 05:09:39.675500+00:00
[2026-03-11T05:09:42.438+0000] {warnings.py:112} WARNING - /home/***/.local/lib/python3.12/site-packages/***/task/task_runner/standard_task_runner.py:62: DeprecationWarning: This process (pid=1650) is multi-threaded, use of fork() may lead to deadlocks in the child.
  pid = os.fork()

[2026-03-11T05:09:42.440+0000] {standard_task_runner.py:64} INFO - Started process 1651 to run task
[2026-03-11T05:09:42.440+0000] {standard_task_runner.py:90} INFO - Running: ['***', 'tasks', 'run', 'This_sample_dag', 'a', 'manual__2026-03-11T05:09:39.675500+00:00', '--job-id', '96', '--raw', '--subdir', 'DAGS_FOLDER/sample_dag.py', '--cfg-path', '/tmp/tmpt9bft0ff']
[2026-03-11T05:09:42.441+0000] {standard_task_runner.py:91} INFO - Job 96: Subtask a
[2026-03-11T05:09:42.506+0000] {task_command.py:426} INFO - Running <TaskInstance: This_sample_dag.a manual__2026-03-11T05:09:39.675500+00:00 [running]> on host e78df3d27940
[2026-03-11T05:09:43.063+0000] {taskinstance.py:2648} INFO - Exporting env vars: AIRFLOW_CTX_DAG_OWNER='***' AIRFLOW_CTX_DAG_ID='This_sample_dag' AIRFLOW_CTX_TASK_ID='a' AIRFLOW_CTX_EXECUTION_DATE='2026-03-11T05:09:39.675500+00:00' AIRFLOW_CTX_TRY_NUMBER='1' AIRFLOW_CTX_DAG_RUN_ID='manual__2026-03-11T05:09:39.675500+00:00'
[2026-03-11T05:09:43.064+0000] {taskinstance.py:430} INFO - ::endgroup::
[2026-03-11T05:09:58.082+0000] {logging_mixin.py:188} INFO - Hello World from Apache Airflow!
[2026-03-11T05:09:58.083+0000] {python.py:237} INFO - Done. Returned value was: None
[2026-03-11T05:09:58.084+0000] {taskinstance.py:441} INFO - ::group::Post task execution logs
[2026-03-11T05:09:58.094+0000] {taskinstance.py:1206} INFO - Marking task as SUCCESS. dag_id=This_sample_dag, task_id=a, run_id=manual__2026-03-11T05:09:39.675500+00:00, execution_date=20260311T050939, start_date=20260311T050942, end_date=20260311T050958
[2026-03-11T05:09:58.142+0000] {local_task_job_runner.py:243} INFO - Task exited with return code 0
[2026-03-11T05:09:58.328+0000] {taskinstance.py:3503} INFO - 2 downstream tasks scheduled from follow-on schedule check
[2026-03-11T05:09:58.341+0000] {local_task_job_runner.py:222} INFO - ::endgroup::
