[2026-03-08T05:28:48.401+0000] {local_task_job_runner.py:120} INFO - ::group::Pre task execution logs
[2026-03-08T05:28:48.435+0000] {taskinstance.py:2076} INFO - Dependencies all met for dep_context=non-requeueable deps ti=<TaskInstance: This_sample_dag.b manual__2026-03-08T05:28:40.520870+00:00 [queued]>
[2026-03-08T05:28:48.448+0000] {taskinstance.py:2076} INFO - Dependencies all met for dep_context=requeueable deps ti=<TaskInstance: This_sample_dag.b manual__2026-03-08T05:28:40.520870+00:00 [queued]>
[2026-03-08T05:28:48.450+0000] {taskinstance.py:2306} INFO - Starting attempt 1 of 1
[2026-03-08T05:28:48.469+0000] {taskinstance.py:2330} INFO - Executing <Task(PythonOperator): b> on 2026-03-08 05:28:40.520870+00:00
[2026-03-08T05:28:48.484+0000] {warnings.py:112} WARNING - /home/***/.local/lib/python3.12/site-packages/***/task/task_runner/standard_task_runner.py:62: DeprecationWarning: This process (pid=243) is multi-threaded, use of fork() may lead to deadlocks in the child.
  pid = os.fork()

[2026-03-08T05:28:48.486+0000] {standard_task_runner.py:64} INFO - Started process 244 to run task
[2026-03-08T05:28:48.486+0000] {standard_task_runner.py:90} INFO - Running: ['***', 'tasks', 'run', 'This_sample_dag', 'b', 'manual__2026-03-08T05:28:40.520870+00:00', '--job-id', '41', '--raw', '--subdir', 'DAGS_FOLDER/sample_dag.py', '--cfg-path', '/tmp/tmpxgzy51n6']
[2026-03-08T05:28:48.487+0000] {standard_task_runner.py:91} INFO - Job 41: Subtask b
[2026-03-08T05:28:48.554+0000] {task_command.py:426} INFO - Running <TaskInstance: This_sample_dag.b manual__2026-03-08T05:28:40.520870+00:00 [running]> on host d1b6ceff6796
[2026-03-08T05:28:48.673+0000] {taskinstance.py:2648} INFO - Exporting env vars: AIRFLOW_CTX_DAG_OWNER='***' AIRFLOW_CTX_DAG_ID='This_sample_dag' AIRFLOW_CTX_TASK_ID='b' AIRFLOW_CTX_EXECUTION_DATE='2026-03-08T05:28:40.520870+00:00' AIRFLOW_CTX_TRY_NUMBER='1' AIRFLOW_CTX_DAG_RUN_ID='manual__2026-03-08T05:28:40.520870+00:00'
[2026-03-08T05:28:48.676+0000] {taskinstance.py:430} INFO - ::endgroup::
[2026-03-08T05:28:53.694+0000] {logging_mixin.py:188} INFO - Hello World from Apache Airflow!
[2026-03-08T05:28:53.694+0000] {python.py:237} INFO - Done. Returned value was: None
[2026-03-08T05:28:53.696+0000] {taskinstance.py:441} INFO - ::group::Post task execution logs
[2026-03-08T05:28:53.721+0000] {taskinstance.py:1206} INFO - Marking task as SUCCESS. dag_id=This_sample_dag, task_id=b, run_id=manual__2026-03-08T05:28:40.520870+00:00, execution_date=20260308T052840, start_date=20260308T052848, end_date=20260308T052853
[2026-03-08T05:28:53.780+0000] {local_task_job_runner.py:243} INFO - Task exited with return code 0
[2026-03-08T05:28:53.817+0000] {taskinstance.py:3503} INFO - 2 downstream tasks scheduled from follow-on schedule check
[2026-03-08T05:28:53.820+0000] {local_task_job_runner.py:222} INFO - ::endgroup::
