[2026-03-08T04:47:02.888+0000] {processor.py:161} INFO - Started process (PID=75) to work on /home/airflow/.local/lib/python3.12/site-packages/airflow/example_dags/example_setup_teardown.py
[2026-03-08T04:47:02.890+0000] {processor.py:830} INFO - Processing file /home/airflow/.local/lib/python3.12/site-packages/airflow/example_dags/example_setup_teardown.py for tasks to queue
[2026-03-08T04:47:02.892+0000] {logging_mixin.py:188} INFO - [2026-03-08T04:47:02.891+0000] {dagbag.py:545} INFO - Filling up the DagBag from /home/airflow/.local/lib/python3.12/site-packages/airflow/example_dags/example_setup_teardown.py
[2026-03-08T04:47:02.902+0000] {processor.py:840} INFO - DAG(s) 'example_setup_teardown' retrieved from /home/airflow/.local/lib/python3.12/site-packages/airflow/example_dags/example_setup_teardown.py
[2026-03-08T04:47:03.134+0000] {logging_mixin.py:188} INFO - [2026-03-08T04:47:03.134+0000] {dag.py:3089} INFO - Sync 1 DAGs
[2026-03-08T04:47:03.170+0000] {logging_mixin.py:188} INFO - [2026-03-08T04:47:03.170+0000] {dag.py:3947} INFO - Setting next_dagrun for example_setup_teardown to 2026-03-07 00:00:00+00:00, run_after=2026-03-08 00:00:00+00:00
[2026-03-08T04:47:03.201+0000] {processor.py:183} INFO - Processing /home/airflow/.local/lib/python3.12/site-packages/airflow/example_dags/example_setup_teardown.py took 0.320 seconds
[2026-03-08T05:11:42.481+0000] {processor.py:161} INFO - Started process (PID=68) to work on /home/airflow/.local/lib/python3.12/site-packages/airflow/example_dags/example_setup_teardown.py
[2026-03-08T05:11:42.483+0000] {processor.py:830} INFO - Processing file /home/airflow/.local/lib/python3.12/site-packages/airflow/example_dags/example_setup_teardown.py for tasks to queue
[2026-03-08T05:11:42.486+0000] {logging_mixin.py:188} INFO - [2026-03-08T05:11:42.485+0000] {dagbag.py:545} INFO - Filling up the DagBag from /home/airflow/.local/lib/python3.12/site-packages/airflow/example_dags/example_setup_teardown.py
[2026-03-08T05:11:42.499+0000] {processor.py:840} INFO - DAG(s) 'example_setup_teardown' retrieved from /home/airflow/.local/lib/python3.12/site-packages/airflow/example_dags/example_setup_teardown.py
[2026-03-08T05:11:42.683+0000] {logging_mixin.py:188} INFO - [2026-03-08T05:11:42.681+0000] {override.py:1858} INFO - Created Permission View: can delete on DAG:example_setup_teardown
[2026-03-08T05:11:42.700+0000] {logging_mixin.py:188} INFO - [2026-03-08T05:11:42.699+0000] {override.py:1858} INFO - Created Permission View: can edit on DAG:example_setup_teardown
[2026-03-08T05:11:42.710+0000] {logging_mixin.py:188} INFO - [2026-03-08T05:11:42.709+0000] {override.py:1858} INFO - Created Permission View: can read on DAG:example_setup_teardown
[2026-03-08T05:11:42.711+0000] {logging_mixin.py:188} INFO - [2026-03-08T05:11:42.710+0000] {dag.py:3089} INFO - Sync 1 DAGs
[2026-03-08T05:11:42.729+0000] {logging_mixin.py:188} INFO - [2026-03-08T05:11:42.729+0000] {dag.py:3111} INFO - Creating ORM DAG for example_setup_teardown
[2026-03-08T05:11:42.747+0000] {logging_mixin.py:188} INFO - [2026-03-08T05:11:42.747+0000] {dag.py:3947} INFO - Setting next_dagrun for example_setup_teardown to 2026-03-07 00:00:00+00:00, run_after=2026-03-08 00:00:00+00:00
[2026-03-08T05:11:42.771+0000] {processor.py:183} INFO - Processing /home/airflow/.local/lib/python3.12/site-packages/airflow/example_dags/example_setup_teardown.py took 0.299 seconds
[2026-03-08T05:12:13.185+0000] {processor.py:161} INFO - Started process (PID=126) to work on /home/airflow/.local/lib/python3.12/site-packages/airflow/example_dags/example_setup_teardown.py
[2026-03-08T05:12:13.187+0000] {processor.py:830} INFO - Processing file /home/airflow/.local/lib/python3.12/site-packages/airflow/example_dags/example_setup_teardown.py for tasks to queue
[2026-03-08T05:12:13.191+0000] {logging_mixin.py:188} INFO - [2026-03-08T05:12:13.189+0000] {dagbag.py:545} INFO - Filling up the DagBag from /home/airflow/.local/lib/python3.12/site-packages/airflow/example_dags/example_setup_teardown.py
[2026-03-08T05:12:13.203+0000] {processor.py:840} INFO - DAG(s) 'example_setup_teardown' retrieved from /home/airflow/.local/lib/python3.12/site-packages/airflow/example_dags/example_setup_teardown.py
[2026-03-08T05:12:13.232+0000] {logging_mixin.py:188} INFO - [2026-03-08T05:12:13.232+0000] {dag.py:3089} INFO - Sync 1 DAGs
[2026-03-08T05:12:13.265+0000] {logging_mixin.py:188} INFO - [2026-03-08T05:12:13.265+0000] {dag.py:3947} INFO - Setting next_dagrun for example_setup_teardown to 2026-03-07 00:00:00+00:00, run_after=2026-03-08 00:00:00+00:00
[2026-03-08T05:12:13.296+0000] {processor.py:183} INFO - Processing /home/airflow/.local/lib/python3.12/site-packages/airflow/example_dags/example_setup_teardown.py took 0.117 seconds
[2026-03-08T05:12:43.447+0000] {processor.py:161} INFO - Started process (PID=184) to work on /home/airflow/.local/lib/python3.12/site-packages/airflow/example_dags/example_setup_teardown.py
[2026-03-08T05:12:43.448+0000] {processor.py:830} INFO - Processing file /home/airflow/.local/lib/python3.12/site-packages/airflow/example_dags/example_setup_teardown.py for tasks to queue
[2026-03-08T05:12:43.450+0000] {logging_mixin.py:188} INFO - [2026-03-08T05:12:43.450+0000] {dagbag.py:545} INFO - Filling up the DagBag from /home/airflow/.local/lib/python3.12/site-packages/airflow/example_dags/example_setup_teardown.py
[2026-03-08T05:12:43.457+0000] {processor.py:840} INFO - DAG(s) 'example_setup_teardown' retrieved from /home/airflow/.local/lib/python3.12/site-packages/airflow/example_dags/example_setup_teardown.py
[2026-03-08T05:12:43.484+0000] {logging_mixin.py:188} INFO - [2026-03-08T05:12:43.484+0000] {dag.py:3089} INFO - Sync 1 DAGs
[2026-03-08T05:12:43.513+0000] {logging_mixin.py:188} INFO - [2026-03-08T05:12:43.513+0000] {dag.py:3947} INFO - Setting next_dagrun for example_setup_teardown to 2026-03-07 00:00:00+00:00, run_after=2026-03-08 00:00:00+00:00
[2026-03-08T05:12:43.560+0000] {processor.py:183} INFO - Processing /home/airflow/.local/lib/python3.12/site-packages/airflow/example_dags/example_setup_teardown.py took 0.119 seconds
[2026-03-08T05:13:13.646+0000] {processor.py:161} INFO - Started process (PID=242) to work on /home/airflow/.local/lib/python3.12/site-packages/airflow/example_dags/example_setup_teardown.py
[2026-03-08T05:13:13.648+0000] {processor.py:830} INFO - Processing file /home/airflow/.local/lib/python3.12/site-packages/airflow/example_dags/example_setup_teardown.py for tasks to queue
[2026-03-08T05:13:13.651+0000] {logging_mixin.py:188} INFO - [2026-03-08T05:13:13.650+0000] {dagbag.py:545} INFO - Filling up the DagBag from /home/airflow/.local/lib/python3.12/site-packages/airflow/example_dags/example_setup_teardown.py
[2026-03-08T05:13:13.664+0000] {processor.py:840} INFO - DAG(s) 'example_setup_teardown' retrieved from /home/airflow/.local/lib/python3.12/site-packages/airflow/example_dags/example_setup_teardown.py
[2026-03-08T05:13:13.713+0000] {logging_mixin.py:188} INFO - [2026-03-08T05:13:13.713+0000] {dag.py:3089} INFO - Sync 1 DAGs
[2026-03-08T05:13:13.753+0000] {logging_mixin.py:188} INFO - [2026-03-08T05:13:13.752+0000] {dag.py:3947} INFO - Setting next_dagrun for example_setup_teardown to 2026-03-07 00:00:00+00:00, run_after=2026-03-08 00:00:00+00:00
[2026-03-08T05:13:13.784+0000] {processor.py:183} INFO - Processing /home/airflow/.local/lib/python3.12/site-packages/airflow/example_dags/example_setup_teardown.py took 0.147 seconds
[2026-03-08T05:13:44.021+0000] {processor.py:161} INFO - Started process (PID=306) to work on /home/airflow/.local/lib/python3.12/site-packages/airflow/example_dags/example_setup_teardown.py
[2026-03-08T05:13:44.023+0000] {processor.py:830} INFO - Processing file /home/airflow/.local/lib/python3.12/site-packages/airflow/example_dags/example_setup_teardown.py for tasks to queue
[2026-03-08T05:13:44.026+0000] {logging_mixin.py:188} INFO - [2026-03-08T05:13:44.025+0000] {dagbag.py:545} INFO - Filling up the DagBag from /home/airflow/.local/lib/python3.12/site-packages/airflow/example_dags/example_setup_teardown.py
[2026-03-08T05:13:44.040+0000] {processor.py:840} INFO - DAG(s) 'example_setup_teardown' retrieved from /home/airflow/.local/lib/python3.12/site-packages/airflow/example_dags/example_setup_teardown.py
[2026-03-08T05:13:44.069+0000] {logging_mixin.py:188} INFO - [2026-03-08T05:13:44.068+0000] {dag.py:3089} INFO - Sync 1 DAGs
[2026-03-08T05:13:44.099+0000] {logging_mixin.py:188} INFO - [2026-03-08T05:13:44.098+0000] {dag.py:3947} INFO - Setting next_dagrun for example_setup_teardown to 2026-03-07 00:00:00+00:00, run_after=2026-03-08 00:00:00+00:00
[2026-03-08T05:13:44.122+0000] {processor.py:183} INFO - Processing /home/airflow/.local/lib/python3.12/site-packages/airflow/example_dags/example_setup_teardown.py took 0.108 seconds
