[2026-03-08T05:11:50.117+0000] {processor.py:161} INFO - Started process (PID=115) to work on /home/airflow/.local/lib/python3.12/site-packages/airflow/example_dags/example_branch_datetime_operator.py
[2026-03-08T05:11:50.118+0000] {processor.py:830} INFO - Processing file /home/airflow/.local/lib/python3.12/site-packages/airflow/example_dags/example_branch_datetime_operator.py for tasks to queue
[2026-03-08T05:11:50.120+0000] {logging_mixin.py:188} INFO - [2026-03-08T05:11:50.120+0000] {dagbag.py:545} INFO - Filling up the DagBag from /home/airflow/.local/lib/python3.12/site-packages/airflow/example_dags/example_branch_datetime_operator.py
[2026-03-08T05:11:50.134+0000] {processor.py:840} INFO - DAG(s) 'example_branch_datetime_operator', 'example_branch_datetime_operator_3', 'example_branch_datetime_operator_2' retrieved from /home/airflow/.local/lib/python3.12/site-packages/airflow/example_dags/example_branch_datetime_operator.py
[2026-03-08T05:11:50.257+0000] {logging_mixin.py:188} INFO - [2026-03-08T05:11:50.256+0000] {override.py:1858} INFO - Created Permission View: can delete on DAG:example_branch_datetime_operator
[2026-03-08T05:11:50.271+0000] {logging_mixin.py:188} INFO - [2026-03-08T05:11:50.271+0000] {override.py:1858} INFO - Created Permission View: can edit on DAG:example_branch_datetime_operator
[2026-03-08T05:11:50.279+0000] {logging_mixin.py:188} INFO - [2026-03-08T05:11:50.278+0000] {override.py:1858} INFO - Created Permission View: can read on DAG:example_branch_datetime_operator
[2026-03-08T05:11:50.296+0000] {logging_mixin.py:188} INFO - [2026-03-08T05:11:50.295+0000] {override.py:1858} INFO - Created Permission View: can delete on DAG:example_branch_datetime_operator_3
[2026-03-08T05:11:50.306+0000] {logging_mixin.py:188} INFO - [2026-03-08T05:11:50.305+0000] {override.py:1858} INFO - Created Permission View: can edit on DAG:example_branch_datetime_operator_3
[2026-03-08T05:11:50.314+0000] {logging_mixin.py:188} INFO - [2026-03-08T05:11:50.313+0000] {override.py:1858} INFO - Created Permission View: can read on DAG:example_branch_datetime_operator_3
[2026-03-08T05:11:50.331+0000] {logging_mixin.py:188} INFO - [2026-03-08T05:11:50.330+0000] {override.py:1858} INFO - Created Permission View: can delete on DAG:example_branch_datetime_operator_2
[2026-03-08T05:11:50.340+0000] {logging_mixin.py:188} INFO - [2026-03-08T05:11:50.339+0000] {override.py:1858} INFO - Created Permission View: can edit on DAG:example_branch_datetime_operator_2
[2026-03-08T05:11:50.349+0000] {logging_mixin.py:188} INFO - [2026-03-08T05:11:50.349+0000] {override.py:1858} INFO - Created Permission View: can read on DAG:example_branch_datetime_operator_2
[2026-03-08T05:11:50.351+0000] {logging_mixin.py:188} INFO - [2026-03-08T05:11:50.351+0000] {dag.py:3089} INFO - Sync 3 DAGs
[2026-03-08T05:11:50.371+0000] {logging_mixin.py:188} INFO - [2026-03-08T05:11:50.371+0000] {dag.py:3111} INFO - Creating ORM DAG for example_branch_datetime_operator_2
[2026-03-08T05:11:50.372+0000] {logging_mixin.py:188} INFO - [2026-03-08T05:11:50.372+0000] {dag.py:3111} INFO - Creating ORM DAG for example_branch_datetime_operator
[2026-03-08T05:11:50.373+0000] {logging_mixin.py:188} INFO - [2026-03-08T05:11:50.373+0000] {dag.py:3111} INFO - Creating ORM DAG for example_branch_datetime_operator_3
[2026-03-08T05:11:50.388+0000] {logging_mixin.py:188} INFO - [2026-03-08T05:11:50.388+0000] {dag.py:3947} INFO - Setting next_dagrun for example_branch_datetime_operator to 2026-03-07 00:00:00+00:00, run_after=2026-03-08 00:00:00+00:00
[2026-03-08T05:11:50.391+0000] {logging_mixin.py:188} INFO - [2026-03-08T05:11:50.391+0000] {dag.py:3947} INFO - Setting next_dagrun for example_branch_datetime_operator_2 to 2026-03-07 00:00:00+00:00, run_after=2026-03-08 00:00:00+00:00
[2026-03-08T05:11:50.394+0000] {logging_mixin.py:188} INFO - [2026-03-08T05:11:50.394+0000] {dag.py:3947} INFO - Setting next_dagrun for example_branch_datetime_operator_3 to 2026-03-07 00:00:00+00:00, run_after=2026-03-08 00:00:00+00:00
[2026-03-08T05:11:50.421+0000] {processor.py:183} INFO - Processing /home/airflow/.local/lib/python3.12/site-packages/airflow/example_dags/example_branch_datetime_operator.py took 0.310 seconds
[2026-03-08T05:12:20.481+0000] {processor.py:161} INFO - Started process (PID=173) to work on /home/airflow/.local/lib/python3.12/site-packages/airflow/example_dags/example_branch_datetime_operator.py
[2026-03-08T05:12:20.483+0000] {processor.py:830} INFO - Processing file /home/airflow/.local/lib/python3.12/site-packages/airflow/example_dags/example_branch_datetime_operator.py for tasks to queue
[2026-03-08T05:12:20.486+0000] {logging_mixin.py:188} INFO - [2026-03-08T05:12:20.485+0000] {dagbag.py:545} INFO - Filling up the DagBag from /home/airflow/.local/lib/python3.12/site-packages/airflow/example_dags/example_branch_datetime_operator.py
[2026-03-08T05:12:20.498+0000] {processor.py:840} INFO - DAG(s) 'example_branch_datetime_operator_2', 'example_branch_datetime_operator_3', 'example_branch_datetime_operator' retrieved from /home/airflow/.local/lib/python3.12/site-packages/airflow/example_dags/example_branch_datetime_operator.py
[2026-03-08T05:12:20.530+0000] {logging_mixin.py:188} INFO - [2026-03-08T05:12:20.529+0000] {dag.py:3089} INFO - Sync 3 DAGs
[2026-03-08T05:12:20.554+0000] {logging_mixin.py:188} INFO - [2026-03-08T05:12:20.554+0000] {dag.py:3947} INFO - Setting next_dagrun for example_branch_datetime_operator to 2026-03-07 00:00:00+00:00, run_after=2026-03-08 00:00:00+00:00
[2026-03-08T05:12:20.560+0000] {logging_mixin.py:188} INFO - [2026-03-08T05:12:20.560+0000] {dag.py:3947} INFO - Setting next_dagrun for example_branch_datetime_operator_2 to 2026-03-07 00:00:00+00:00, run_after=2026-03-08 00:00:00+00:00
[2026-03-08T05:12:20.565+0000] {logging_mixin.py:188} INFO - [2026-03-08T05:12:20.564+0000] {dag.py:3947} INFO - Setting next_dagrun for example_branch_datetime_operator_3 to 2026-03-07 00:00:00+00:00, run_after=2026-03-08 00:00:00+00:00
[2026-03-08T05:12:20.593+0000] {processor.py:183} INFO - Processing /home/airflow/.local/lib/python3.12/site-packages/airflow/example_dags/example_branch_datetime_operator.py took 0.118 seconds
[2026-03-08T05:12:51.526+0000] {processor.py:161} INFO - Started process (PID=231) to work on /home/airflow/.local/lib/python3.12/site-packages/airflow/example_dags/example_branch_datetime_operator.py
[2026-03-08T05:12:51.528+0000] {processor.py:830} INFO - Processing file /home/airflow/.local/lib/python3.12/site-packages/airflow/example_dags/example_branch_datetime_operator.py for tasks to queue
[2026-03-08T05:12:51.530+0000] {logging_mixin.py:188} INFO - [2026-03-08T05:12:51.530+0000] {dagbag.py:545} INFO - Filling up the DagBag from /home/airflow/.local/lib/python3.12/site-packages/airflow/example_dags/example_branch_datetime_operator.py
[2026-03-08T05:12:51.546+0000] {processor.py:840} INFO - DAG(s) 'example_branch_datetime_operator_2', 'example_branch_datetime_operator_3', 'example_branch_datetime_operator' retrieved from /home/airflow/.local/lib/python3.12/site-packages/airflow/example_dags/example_branch_datetime_operator.py
[2026-03-08T05:12:51.595+0000] {logging_mixin.py:188} INFO - [2026-03-08T05:12:51.595+0000] {dag.py:3089} INFO - Sync 3 DAGs
[2026-03-08T05:12:51.647+0000] {logging_mixin.py:188} INFO - [2026-03-08T05:12:51.647+0000] {dag.py:3947} INFO - Setting next_dagrun for example_branch_datetime_operator to 2026-03-07 00:00:00+00:00, run_after=2026-03-08 00:00:00+00:00
[2026-03-08T05:12:51.657+0000] {logging_mixin.py:188} INFO - [2026-03-08T05:12:51.657+0000] {dag.py:3947} INFO - Setting next_dagrun for example_branch_datetime_operator_2 to 2026-03-07 00:00:00+00:00, run_after=2026-03-08 00:00:00+00:00
[2026-03-08T05:12:51.662+0000] {logging_mixin.py:188} INFO - [2026-03-08T05:12:51.662+0000] {dag.py:3947} INFO - Setting next_dagrun for example_branch_datetime_operator_3 to 2026-03-07 00:00:00+00:00, run_after=2026-03-08 00:00:00+00:00
[2026-03-08T05:12:51.693+0000] {processor.py:183} INFO - Processing /home/airflow/.local/lib/python3.12/site-packages/airflow/example_dags/example_branch_datetime_operator.py took 0.175 seconds
[2026-03-08T05:13:22.117+0000] {processor.py:161} INFO - Started process (PID=289) to work on /home/airflow/.local/lib/python3.12/site-packages/airflow/example_dags/example_branch_datetime_operator.py
[2026-03-08T05:13:22.119+0000] {processor.py:830} INFO - Processing file /home/airflow/.local/lib/python3.12/site-packages/airflow/example_dags/example_branch_datetime_operator.py for tasks to queue
[2026-03-08T05:13:22.124+0000] {logging_mixin.py:188} INFO - [2026-03-08T05:13:22.123+0000] {dagbag.py:545} INFO - Filling up the DagBag from /home/airflow/.local/lib/python3.12/site-packages/airflow/example_dags/example_branch_datetime_operator.py
[2026-03-08T05:13:22.145+0000] {processor.py:840} INFO - DAG(s) 'example_branch_datetime_operator_2', 'example_branch_datetime_operator', 'example_branch_datetime_operator_3' retrieved from /home/airflow/.local/lib/python3.12/site-packages/airflow/example_dags/example_branch_datetime_operator.py
[2026-03-08T05:13:22.210+0000] {logging_mixin.py:188} INFO - [2026-03-08T05:13:22.209+0000] {dag.py:3089} INFO - Sync 3 DAGs
[2026-03-08T05:13:22.274+0000] {logging_mixin.py:188} INFO - [2026-03-08T05:13:22.273+0000] {dag.py:3947} INFO - Setting next_dagrun for example_branch_datetime_operator to 2026-03-07 00:00:00+00:00, run_after=2026-03-08 00:00:00+00:00
[2026-03-08T05:13:22.285+0000] {logging_mixin.py:188} INFO - [2026-03-08T05:13:22.285+0000] {dag.py:3947} INFO - Setting next_dagrun for example_branch_datetime_operator_2 to 2026-03-07 00:00:00+00:00, run_after=2026-03-08 00:00:00+00:00
[2026-03-08T05:13:22.290+0000] {logging_mixin.py:188} INFO - [2026-03-08T05:13:22.289+0000] {dag.py:3947} INFO - Setting next_dagrun for example_branch_datetime_operator_3 to 2026-03-07 00:00:00+00:00, run_after=2026-03-08 00:00:00+00:00
[2026-03-08T05:13:22.323+0000] {processor.py:183} INFO - Processing /home/airflow/.local/lib/python3.12/site-packages/airflow/example_dags/example_branch_datetime_operator.py took 0.223 seconds
