[2026-03-08T04:47:01.240+0000] {processor.py:161} INFO - Started process (PID=71) to work on /home/airflow/.local/lib/python3.12/site-packages/airflow/example_dags/example_task_group.py
[2026-03-08T04:47:01.241+0000] {processor.py:830} INFO - Processing file /home/airflow/.local/lib/python3.12/site-packages/airflow/example_dags/example_task_group.py for tasks to queue
[2026-03-08T04:47:01.244+0000] {logging_mixin.py:188} INFO - [2026-03-08T04:47:01.244+0000] {dagbag.py:545} INFO - Filling up the DagBag from /home/airflow/.local/lib/python3.12/site-packages/airflow/example_dags/example_task_group.py
[2026-03-08T04:47:01.278+0000] {processor.py:840} INFO - DAG(s) 'example_task_group' retrieved from /home/airflow/.local/lib/python3.12/site-packages/airflow/example_dags/example_task_group.py
[2026-03-08T04:47:01.872+0000] {logging_mixin.py:188} INFO - [2026-03-08T04:47:01.872+0000] {dag.py:3089} INFO - Sync 1 DAGs
[2026-03-08T04:47:01.915+0000] {logging_mixin.py:188} INFO - [2026-03-08T04:47:01.915+0000] {dag.py:3947} INFO - Setting next_dagrun for example_task_group to 2026-03-07 00:00:00+00:00, run_after=2026-03-08 00:00:00+00:00
[2026-03-08T04:47:01.976+0000] {processor.py:183} INFO - Processing /home/airflow/.local/lib/python3.12/site-packages/airflow/example_dags/example_task_group.py took 0.745 seconds
[2026-03-08T05:11:47.783+0000] {processor.py:161} INFO - Started process (PID=101) to work on /home/airflow/.local/lib/python3.12/site-packages/airflow/example_dags/example_task_group.py
[2026-03-08T05:11:47.785+0000] {processor.py:830} INFO - Processing file /home/airflow/.local/lib/python3.12/site-packages/airflow/example_dags/example_task_group.py for tasks to queue
[2026-03-08T05:11:47.788+0000] {logging_mixin.py:188} INFO - [2026-03-08T05:11:47.787+0000] {dagbag.py:545} INFO - Filling up the DagBag from /home/airflow/.local/lib/python3.12/site-packages/airflow/example_dags/example_task_group.py
[2026-03-08T05:11:47.798+0000] {processor.py:840} INFO - DAG(s) 'example_task_group' retrieved from /home/airflow/.local/lib/python3.12/site-packages/airflow/example_dags/example_task_group.py
[2026-03-08T05:11:47.937+0000] {logging_mixin.py:188} INFO - [2026-03-08T05:11:47.936+0000] {override.py:1858} INFO - Created Permission View: can delete on DAG:example_task_group
[2026-03-08T05:11:47.953+0000] {logging_mixin.py:188} INFO - [2026-03-08T05:11:47.953+0000] {override.py:1858} INFO - Created Permission View: can edit on DAG:example_task_group
[2026-03-08T05:11:47.962+0000] {logging_mixin.py:188} INFO - [2026-03-08T05:11:47.961+0000] {override.py:1858} INFO - Created Permission View: can read on DAG:example_task_group
[2026-03-08T05:11:47.962+0000] {logging_mixin.py:188} INFO - [2026-03-08T05:11:47.962+0000] {dag.py:3089} INFO - Sync 1 DAGs
[2026-03-08T05:11:47.983+0000] {logging_mixin.py:188} INFO - [2026-03-08T05:11:47.982+0000] {dag.py:3111} INFO - Creating ORM DAG for example_task_group
[2026-03-08T05:11:48.002+0000] {logging_mixin.py:188} INFO - [2026-03-08T05:11:48.002+0000] {dag.py:3947} INFO - Setting next_dagrun for example_task_group to 2026-03-07 00:00:00+00:00, run_after=2026-03-08 00:00:00+00:00
[2026-03-08T05:11:48.031+0000] {processor.py:183} INFO - Processing /home/airflow/.local/lib/python3.12/site-packages/airflow/example_dags/example_task_group.py took 0.256 seconds
[2026-03-08T05:12:18.353+0000] {processor.py:161} INFO - Started process (PID=159) to work on /home/airflow/.local/lib/python3.12/site-packages/airflow/example_dags/example_task_group.py
[2026-03-08T05:12:18.354+0000] {processor.py:830} INFO - Processing file /home/airflow/.local/lib/python3.12/site-packages/airflow/example_dags/example_task_group.py for tasks to queue
[2026-03-08T05:12:18.357+0000] {logging_mixin.py:188} INFO - [2026-03-08T05:12:18.356+0000] {dagbag.py:545} INFO - Filling up the DagBag from /home/airflow/.local/lib/python3.12/site-packages/airflow/example_dags/example_task_group.py
[2026-03-08T05:12:18.364+0000] {processor.py:840} INFO - DAG(s) 'example_task_group' retrieved from /home/airflow/.local/lib/python3.12/site-packages/airflow/example_dags/example_task_group.py
[2026-03-08T05:12:18.391+0000] {logging_mixin.py:188} INFO - [2026-03-08T05:12:18.390+0000] {dag.py:3089} INFO - Sync 1 DAGs
[2026-03-08T05:12:18.428+0000] {logging_mixin.py:188} INFO - [2026-03-08T05:12:18.428+0000] {dag.py:3947} INFO - Setting next_dagrun for example_task_group to 2026-03-07 00:00:00+00:00, run_after=2026-03-08 00:00:00+00:00
[2026-03-08T05:12:18.454+0000] {processor.py:183} INFO - Processing /home/airflow/.local/lib/python3.12/site-packages/airflow/example_dags/example_task_group.py took 0.108 seconds
[2026-03-08T05:12:49.290+0000] {processor.py:161} INFO - Started process (PID=217) to work on /home/airflow/.local/lib/python3.12/site-packages/airflow/example_dags/example_task_group.py
[2026-03-08T05:12:49.292+0000] {processor.py:830} INFO - Processing file /home/airflow/.local/lib/python3.12/site-packages/airflow/example_dags/example_task_group.py for tasks to queue
[2026-03-08T05:12:49.296+0000] {logging_mixin.py:188} INFO - [2026-03-08T05:12:49.296+0000] {dagbag.py:545} INFO - Filling up the DagBag from /home/airflow/.local/lib/python3.12/site-packages/airflow/example_dags/example_task_group.py
[2026-03-08T05:12:49.315+0000] {processor.py:840} INFO - DAG(s) 'example_task_group' retrieved from /home/airflow/.local/lib/python3.12/site-packages/airflow/example_dags/example_task_group.py
[2026-03-08T05:12:49.356+0000] {logging_mixin.py:188} INFO - [2026-03-08T05:12:49.356+0000] {dag.py:3089} INFO - Sync 1 DAGs
[2026-03-08T05:12:49.406+0000] {logging_mixin.py:188} INFO - [2026-03-08T05:12:49.405+0000] {dag.py:3947} INFO - Setting next_dagrun for example_task_group to 2026-03-07 00:00:00+00:00, run_after=2026-03-08 00:00:00+00:00
[2026-03-08T05:12:49.458+0000] {processor.py:183} INFO - Processing /home/airflow/.local/lib/python3.12/site-packages/airflow/example_dags/example_task_group.py took 0.179 seconds
[2026-03-08T05:13:19.604+0000] {processor.py:161} INFO - Started process (PID=275) to work on /home/airflow/.local/lib/python3.12/site-packages/airflow/example_dags/example_task_group.py
[2026-03-08T05:13:19.605+0000] {processor.py:830} INFO - Processing file /home/airflow/.local/lib/python3.12/site-packages/airflow/example_dags/example_task_group.py for tasks to queue
[2026-03-08T05:13:19.609+0000] {logging_mixin.py:188} INFO - [2026-03-08T05:13:19.608+0000] {dagbag.py:545} INFO - Filling up the DagBag from /home/airflow/.local/lib/python3.12/site-packages/airflow/example_dags/example_task_group.py
[2026-03-08T05:13:19.620+0000] {processor.py:840} INFO - DAG(s) 'example_task_group' retrieved from /home/airflow/.local/lib/python3.12/site-packages/airflow/example_dags/example_task_group.py
[2026-03-08T05:13:19.659+0000] {logging_mixin.py:188} INFO - [2026-03-08T05:13:19.658+0000] {dag.py:3089} INFO - Sync 1 DAGs
[2026-03-08T05:13:19.695+0000] {logging_mixin.py:188} INFO - [2026-03-08T05:13:19.695+0000] {dag.py:3947} INFO - Setting next_dagrun for example_task_group to 2026-03-07 00:00:00+00:00, run_after=2026-03-08 00:00:00+00:00
[2026-03-08T05:13:19.728+0000] {processor.py:183} INFO - Processing /home/airflow/.local/lib/python3.12/site-packages/airflow/example_dags/example_task_group.py took 0.134 seconds
