[2026-03-08T04:49:51.171+0000] {processor.py:161} INFO - Started process (PID=108) to work on /home/airflow/.local/lib/python3.12/site-packages/airflow/example_dags/example_latest_only_with_trigger.py
[2026-03-08T04:49:51.175+0000] {processor.py:830} INFO - Processing file /home/airflow/.local/lib/python3.12/site-packages/airflow/example_dags/example_latest_only_with_trigger.py for tasks to queue
[2026-03-08T04:49:51.180+0000] {logging_mixin.py:188} INFO - [2026-03-08T04:49:51.177+0000] {dagbag.py:545} INFO - Filling up the DagBag from /home/airflow/.local/lib/python3.12/site-packages/airflow/example_dags/example_latest_only_with_trigger.py
[2026-03-08T04:49:51.225+0000] {processor.py:840} INFO - DAG(s) 'latest_only_with_trigger' retrieved from /home/airflow/.local/lib/python3.12/site-packages/airflow/example_dags/example_latest_only_with_trigger.py
[2026-03-08T05:11:45.147+0000] {processor.py:161} INFO - Started process (PID=86) to work on /home/airflow/.local/lib/python3.12/site-packages/airflow/example_dags/example_latest_only_with_trigger.py
[2026-03-08T05:11:45.148+0000] {processor.py:830} INFO - Processing file /home/airflow/.local/lib/python3.12/site-packages/airflow/example_dags/example_latest_only_with_trigger.py for tasks to queue
[2026-03-08T05:11:45.151+0000] {logging_mixin.py:188} INFO - [2026-03-08T05:11:45.150+0000] {dagbag.py:545} INFO - Filling up the DagBag from /home/airflow/.local/lib/python3.12/site-packages/airflow/example_dags/example_latest_only_with_trigger.py
[2026-03-08T05:11:45.161+0000] {processor.py:840} INFO - DAG(s) 'latest_only_with_trigger' retrieved from /home/airflow/.local/lib/python3.12/site-packages/airflow/example_dags/example_latest_only_with_trigger.py
[2026-03-08T05:11:45.387+0000] {logging_mixin.py:188} INFO - [2026-03-08T05:11:45.385+0000] {override.py:1858} INFO - Created Permission View: can delete on DAG:latest_only_with_trigger
[2026-03-08T05:11:45.413+0000] {logging_mixin.py:188} INFO - [2026-03-08T05:11:45.413+0000] {override.py:1858} INFO - Created Permission View: can edit on DAG:latest_only_with_trigger
[2026-03-08T05:11:45.428+0000] {logging_mixin.py:188} INFO - [2026-03-08T05:11:45.428+0000] {override.py:1858} INFO - Created Permission View: can read on DAG:latest_only_with_trigger
[2026-03-08T05:11:45.429+0000] {logging_mixin.py:188} INFO - [2026-03-08T05:11:45.429+0000] {dag.py:3089} INFO - Sync 1 DAGs
[2026-03-08T05:11:45.447+0000] {logging_mixin.py:188} INFO - [2026-03-08T05:11:45.447+0000] {dag.py:3111} INFO - Creating ORM DAG for latest_only_with_trigger
[2026-03-08T05:11:45.462+0000] {logging_mixin.py:188} INFO - [2026-03-08T05:11:45.461+0000] {dag.py:3947} INFO - Setting next_dagrun for latest_only_with_trigger to 2026-03-08 00:00:00+00:00, run_after=2026-03-08 04:00:00+00:00
[2026-03-08T05:11:45.487+0000] {processor.py:183} INFO - Processing /home/airflow/.local/lib/python3.12/site-packages/airflow/example_dags/example_latest_only_with_trigger.py took 0.347 seconds
[2026-03-08T05:12:16.061+0000] {processor.py:161} INFO - Started process (PID=144) to work on /home/airflow/.local/lib/python3.12/site-packages/airflow/example_dags/example_latest_only_with_trigger.py
[2026-03-08T05:12:16.064+0000] {processor.py:830} INFO - Processing file /home/airflow/.local/lib/python3.12/site-packages/airflow/example_dags/example_latest_only_with_trigger.py for tasks to queue
[2026-03-08T05:12:16.067+0000] {logging_mixin.py:188} INFO - [2026-03-08T05:12:16.067+0000] {dagbag.py:545} INFO - Filling up the DagBag from /home/airflow/.local/lib/python3.12/site-packages/airflow/example_dags/example_latest_only_with_trigger.py
[2026-03-08T05:12:16.080+0000] {processor.py:840} INFO - DAG(s) 'latest_only_with_trigger' retrieved from /home/airflow/.local/lib/python3.12/site-packages/airflow/example_dags/example_latest_only_with_trigger.py
[2026-03-08T05:12:16.143+0000] {logging_mixin.py:188} INFO - [2026-03-08T05:12:16.142+0000] {dag.py:3089} INFO - Sync 1 DAGs
[2026-03-08T05:12:16.280+0000] {logging_mixin.py:188} INFO - [2026-03-08T05:12:16.279+0000] {dag.py:3947} INFO - Setting next_dagrun for latest_only_with_trigger to 2026-03-08 00:00:00+00:00, run_after=2026-03-08 04:00:00+00:00
[2026-03-08T05:12:16.335+0000] {processor.py:183} INFO - Processing /home/airflow/.local/lib/python3.12/site-packages/airflow/example_dags/example_latest_only_with_trigger.py took 0.285 seconds
[2026-03-08T05:12:46.503+0000] {processor.py:161} INFO - Started process (PID=202) to work on /home/airflow/.local/lib/python3.12/site-packages/airflow/example_dags/example_latest_only_with_trigger.py
[2026-03-08T05:12:46.505+0000] {processor.py:830} INFO - Processing file /home/airflow/.local/lib/python3.12/site-packages/airflow/example_dags/example_latest_only_with_trigger.py for tasks to queue
[2026-03-08T05:12:46.510+0000] {logging_mixin.py:188} INFO - [2026-03-08T05:12:46.509+0000] {dagbag.py:545} INFO - Filling up the DagBag from /home/airflow/.local/lib/python3.12/site-packages/airflow/example_dags/example_latest_only_with_trigger.py
[2026-03-08T05:12:46.518+0000] {processor.py:840} INFO - DAG(s) 'latest_only_with_trigger' retrieved from /home/airflow/.local/lib/python3.12/site-packages/airflow/example_dags/example_latest_only_with_trigger.py
[2026-03-08T05:12:46.560+0000] {logging_mixin.py:188} INFO - [2026-03-08T05:12:46.559+0000] {dag.py:3089} INFO - Sync 1 DAGs
[2026-03-08T05:12:46.602+0000] {logging_mixin.py:188} INFO - [2026-03-08T05:12:46.601+0000] {dag.py:3947} INFO - Setting next_dagrun for latest_only_with_trigger to 2026-03-08 00:00:00+00:00, run_after=2026-03-08 04:00:00+00:00
[2026-03-08T05:12:46.643+0000] {processor.py:183} INFO - Processing /home/airflow/.local/lib/python3.12/site-packages/airflow/example_dags/example_latest_only_with_trigger.py took 0.151 seconds
[2026-03-08T05:13:17.246+0000] {processor.py:161} INFO - Started process (PID=260) to work on /home/airflow/.local/lib/python3.12/site-packages/airflow/example_dags/example_latest_only_with_trigger.py
[2026-03-08T05:13:17.249+0000] {processor.py:830} INFO - Processing file /home/airflow/.local/lib/python3.12/site-packages/airflow/example_dags/example_latest_only_with_trigger.py for tasks to queue
[2026-03-08T05:13:17.253+0000] {logging_mixin.py:188} INFO - [2026-03-08T05:13:17.252+0000] {dagbag.py:545} INFO - Filling up the DagBag from /home/airflow/.local/lib/python3.12/site-packages/airflow/example_dags/example_latest_only_with_trigger.py
[2026-03-08T05:13:17.263+0000] {processor.py:840} INFO - DAG(s) 'latest_only_with_trigger' retrieved from /home/airflow/.local/lib/python3.12/site-packages/airflow/example_dags/example_latest_only_with_trigger.py
[2026-03-08T05:13:17.302+0000] {logging_mixin.py:188} INFO - [2026-03-08T05:13:17.301+0000] {dag.py:3089} INFO - Sync 1 DAGs
[2026-03-08T05:13:17.345+0000] {logging_mixin.py:188} INFO - [2026-03-08T05:13:17.345+0000] {dag.py:3947} INFO - Setting next_dagrun for latest_only_with_trigger to 2026-03-08 00:00:00+00:00, run_after=2026-03-08 04:00:00+00:00
[2026-03-08T05:13:17.384+0000] {processor.py:183} INFO - Processing /home/airflow/.local/lib/python3.12/site-packages/airflow/example_dags/example_latest_only_with_trigger.py took 0.151 seconds
