[2026-03-08T04:47:02.612+0000] {processor.py:161} INFO - Started process (PID=74) to work on /home/airflow/.local/lib/python3.12/site-packages/airflow/example_dags/example_xcom.py
[2026-03-08T04:47:02.614+0000] {processor.py:830} INFO - Processing file /home/airflow/.local/lib/python3.12/site-packages/airflow/example_dags/example_xcom.py for tasks to queue
[2026-03-08T04:47:02.616+0000] {logging_mixin.py:188} INFO - [2026-03-08T04:47:02.616+0000] {dagbag.py:545} INFO - Filling up the DagBag from /home/airflow/.local/lib/python3.12/site-packages/airflow/example_dags/example_xcom.py
[2026-03-08T04:47:02.629+0000] {processor.py:840} INFO - DAG(s) 'example_xcom' retrieved from /home/airflow/.local/lib/python3.12/site-packages/airflow/example_dags/example_xcom.py
[2026-03-08T04:47:02.774+0000] {logging_mixin.py:188} INFO - [2026-03-08T04:47:02.773+0000] {dag.py:3089} INFO - Sync 1 DAGs
[2026-03-08T04:47:02.812+0000] {logging_mixin.py:188} INFO - [2026-03-08T04:47:02.812+0000] {dag.py:3947} INFO - Setting next_dagrun for example_xcom to 2021-01-01 00:00:00+00:00, run_after=2021-01-01 00:00:00+00:00
[2026-03-08T04:47:02.841+0000] {processor.py:183} INFO - Processing /home/airflow/.local/lib/python3.12/site-packages/airflow/example_dags/example_xcom.py took 0.236 seconds
[2026-03-08T05:11:42.824+0000] {processor.py:161} INFO - Started process (PID=69) to work on /home/airflow/.local/lib/python3.12/site-packages/airflow/example_dags/example_xcom.py
[2026-03-08T05:11:42.826+0000] {processor.py:830} INFO - Processing file /home/airflow/.local/lib/python3.12/site-packages/airflow/example_dags/example_xcom.py for tasks to queue
[2026-03-08T05:11:42.829+0000] {logging_mixin.py:188} INFO - [2026-03-08T05:11:42.828+0000] {dagbag.py:545} INFO - Filling up the DagBag from /home/airflow/.local/lib/python3.12/site-packages/airflow/example_dags/example_xcom.py
[2026-03-08T05:11:42.842+0000] {processor.py:840} INFO - DAG(s) 'example_xcom' retrieved from /home/airflow/.local/lib/python3.12/site-packages/airflow/example_dags/example_xcom.py
[2026-03-08T05:11:43.046+0000] {logging_mixin.py:188} INFO - [2026-03-08T05:11:43.045+0000] {override.py:1858} INFO - Created Permission View: can delete on DAG:example_xcom
[2026-03-08T05:11:43.063+0000] {logging_mixin.py:188} INFO - [2026-03-08T05:11:43.063+0000] {override.py:1858} INFO - Created Permission View: can edit on DAG:example_xcom
[2026-03-08T05:11:43.076+0000] {logging_mixin.py:188} INFO - [2026-03-08T05:11:43.075+0000] {override.py:1858} INFO - Created Permission View: can read on DAG:example_xcom
[2026-03-08T05:11:43.077+0000] {logging_mixin.py:188} INFO - [2026-03-08T05:11:43.077+0000] {dag.py:3089} INFO - Sync 1 DAGs
[2026-03-08T05:11:43.096+0000] {logging_mixin.py:188} INFO - [2026-03-08T05:11:43.096+0000] {dag.py:3111} INFO - Creating ORM DAG for example_xcom
[2026-03-08T05:11:43.111+0000] {logging_mixin.py:188} INFO - [2026-03-08T05:11:43.111+0000] {dag.py:3947} INFO - Setting next_dagrun for example_xcom to 2021-01-01 00:00:00+00:00, run_after=2021-01-01 00:00:00+00:00
[2026-03-08T05:11:43.138+0000] {processor.py:183} INFO - Processing /home/airflow/.local/lib/python3.12/site-packages/airflow/example_dags/example_xcom.py took 0.322 seconds
[2026-03-08T05:12:13.362+0000] {processor.py:161} INFO - Started process (PID=127) to work on /home/airflow/.local/lib/python3.12/site-packages/airflow/example_dags/example_xcom.py
[2026-03-08T05:12:13.365+0000] {processor.py:830} INFO - Processing file /home/airflow/.local/lib/python3.12/site-packages/airflow/example_dags/example_xcom.py for tasks to queue
[2026-03-08T05:12:13.368+0000] {logging_mixin.py:188} INFO - [2026-03-08T05:12:13.368+0000] {dagbag.py:545} INFO - Filling up the DagBag from /home/airflow/.local/lib/python3.12/site-packages/airflow/example_dags/example_xcom.py
[2026-03-08T05:12:13.378+0000] {processor.py:840} INFO - DAG(s) 'example_xcom' retrieved from /home/airflow/.local/lib/python3.12/site-packages/airflow/example_dags/example_xcom.py
[2026-03-08T05:12:13.407+0000] {logging_mixin.py:188} INFO - [2026-03-08T05:12:13.407+0000] {dag.py:3089} INFO - Sync 1 DAGs
[2026-03-08T05:12:13.448+0000] {logging_mixin.py:188} INFO - [2026-03-08T05:12:13.448+0000] {dag.py:3947} INFO - Setting next_dagrun for example_xcom to 2021-01-01 00:00:00+00:00, run_after=2021-01-01 00:00:00+00:00
[2026-03-08T05:12:13.485+0000] {processor.py:183} INFO - Processing /home/airflow/.local/lib/python3.12/site-packages/airflow/example_dags/example_xcom.py took 0.132 seconds
[2026-03-08T05:12:43.634+0000] {processor.py:161} INFO - Started process (PID=191) to work on /home/airflow/.local/lib/python3.12/site-packages/airflow/example_dags/example_xcom.py
[2026-03-08T05:12:43.636+0000] {processor.py:830} INFO - Processing file /home/airflow/.local/lib/python3.12/site-packages/airflow/example_dags/example_xcom.py for tasks to queue
[2026-03-08T05:12:43.640+0000] {logging_mixin.py:188} INFO - [2026-03-08T05:12:43.640+0000] {dagbag.py:545} INFO - Filling up the DagBag from /home/airflow/.local/lib/python3.12/site-packages/airflow/example_dags/example_xcom.py
[2026-03-08T05:12:43.651+0000] {processor.py:840} INFO - DAG(s) 'example_xcom' retrieved from /home/airflow/.local/lib/python3.12/site-packages/airflow/example_dags/example_xcom.py
[2026-03-08T05:12:43.692+0000] {logging_mixin.py:188} INFO - [2026-03-08T05:12:43.691+0000] {dag.py:3089} INFO - Sync 1 DAGs
[2026-03-08T05:12:43.729+0000] {logging_mixin.py:188} INFO - [2026-03-08T05:12:43.728+0000] {dag.py:3947} INFO - Setting next_dagrun for example_xcom to 2021-01-01 00:00:00+00:00, run_after=2021-01-01 00:00:00+00:00
[2026-03-08T05:12:43.762+0000] {processor.py:183} INFO - Processing /home/airflow/.local/lib/python3.12/site-packages/airflow/example_dags/example_xcom.py took 0.138 seconds
[2026-03-08T05:13:13.846+0000] {processor.py:161} INFO - Started process (PID=249) to work on /home/airflow/.local/lib/python3.12/site-packages/airflow/example_dags/example_xcom.py
[2026-03-08T05:13:13.847+0000] {processor.py:830} INFO - Processing file /home/airflow/.local/lib/python3.12/site-packages/airflow/example_dags/example_xcom.py for tasks to queue
[2026-03-08T05:13:13.850+0000] {logging_mixin.py:188} INFO - [2026-03-08T05:13:13.850+0000] {dagbag.py:545} INFO - Filling up the DagBag from /home/airflow/.local/lib/python3.12/site-packages/airflow/example_dags/example_xcom.py
[2026-03-08T05:13:13.861+0000] {processor.py:840} INFO - DAG(s) 'example_xcom' retrieved from /home/airflow/.local/lib/python3.12/site-packages/airflow/example_dags/example_xcom.py
[2026-03-08T05:13:13.897+0000] {logging_mixin.py:188} INFO - [2026-03-08T05:13:13.897+0000] {dag.py:3089} INFO - Sync 1 DAGs
[2026-03-08T05:13:13.928+0000] {logging_mixin.py:188} INFO - [2026-03-08T05:13:13.927+0000] {dag.py:3947} INFO - Setting next_dagrun for example_xcom to 2021-01-01 00:00:00+00:00, run_after=2021-01-01 00:00:00+00:00
[2026-03-08T05:13:13.956+0000] {processor.py:183} INFO - Processing /home/airflow/.local/lib/python3.12/site-packages/airflow/example_dags/example_xcom.py took 0.119 seconds
[2026-03-08T05:13:44.182+0000] {processor.py:161} INFO - Started process (PID=307) to work on /home/airflow/.local/lib/python3.12/site-packages/airflow/example_dags/example_xcom.py
[2026-03-08T05:13:44.183+0000] {processor.py:830} INFO - Processing file /home/airflow/.local/lib/python3.12/site-packages/airflow/example_dags/example_xcom.py for tasks to queue
[2026-03-08T05:13:44.186+0000] {logging_mixin.py:188} INFO - [2026-03-08T05:13:44.185+0000] {dagbag.py:545} INFO - Filling up the DagBag from /home/airflow/.local/lib/python3.12/site-packages/airflow/example_dags/example_xcom.py
[2026-03-08T05:13:44.197+0000] {processor.py:840} INFO - DAG(s) 'example_xcom' retrieved from /home/airflow/.local/lib/python3.12/site-packages/airflow/example_dags/example_xcom.py
[2026-03-08T05:13:44.232+0000] {logging_mixin.py:188} INFO - [2026-03-08T05:13:44.231+0000] {dag.py:3089} INFO - Sync 1 DAGs
[2026-03-08T05:13:44.260+0000] {logging_mixin.py:188} INFO - [2026-03-08T05:13:44.259+0000] {dag.py:3947} INFO - Setting next_dagrun for example_xcom to 2021-01-01 00:00:00+00:00, run_after=2021-01-01 00:00:00+00:00
[2026-03-08T05:13:44.284+0000] {processor.py:183} INFO - Processing /home/airflow/.local/lib/python3.12/site-packages/airflow/example_dags/example_xcom.py took 0.110 seconds
