[2026-03-08T05:11:46.646+0000] {processor.py:161} INFO - Started process (PID=93) to work on /home/airflow/.local/lib/python3.12/site-packages/airflow/example_dags/example_xcomargs.py
[2026-03-08T05:11:46.648+0000] {processor.py:830} INFO - Processing file /home/airflow/.local/lib/python3.12/site-packages/airflow/example_dags/example_xcomargs.py for tasks to queue
[2026-03-08T05:11:46.650+0000] {logging_mixin.py:188} INFO - [2026-03-08T05:11:46.649+0000] {dagbag.py:545} INFO - Filling up the DagBag from /home/airflow/.local/lib/python3.12/site-packages/airflow/example_dags/example_xcomargs.py
[2026-03-08T05:11:46.660+0000] {processor.py:840} INFO - DAG(s) 'example_xcom_args', 'example_xcom_args_with_operators' retrieved from /home/airflow/.local/lib/python3.12/site-packages/airflow/example_dags/example_xcomargs.py
[2026-03-08T05:11:46.785+0000] {logging_mixin.py:188} INFO - [2026-03-08T05:11:46.784+0000] {override.py:1858} INFO - Created Permission View: can delete on DAG:example_xcom_args
[2026-03-08T05:11:46.804+0000] {logging_mixin.py:188} INFO - [2026-03-08T05:11:46.803+0000] {override.py:1858} INFO - Created Permission View: can edit on DAG:example_xcom_args
[2026-03-08T05:11:46.812+0000] {logging_mixin.py:188} INFO - [2026-03-08T05:11:46.811+0000] {override.py:1858} INFO - Created Permission View: can read on DAG:example_xcom_args
[2026-03-08T05:11:46.829+0000] {logging_mixin.py:188} INFO - [2026-03-08T05:11:46.829+0000] {override.py:1858} INFO - Created Permission View: can delete on DAG:example_xcom_args_with_operators
[2026-03-08T05:11:46.837+0000] {logging_mixin.py:188} INFO - [2026-03-08T05:11:46.836+0000] {override.py:1858} INFO - Created Permission View: can edit on DAG:example_xcom_args_with_operators
[2026-03-08T05:11:46.845+0000] {logging_mixin.py:188} INFO - [2026-03-08T05:11:46.844+0000] {override.py:1858} INFO - Created Permission View: can read on DAG:example_xcom_args_with_operators
[2026-03-08T05:11:46.845+0000] {logging_mixin.py:188} INFO - [2026-03-08T05:11:46.845+0000] {dag.py:3089} INFO - Sync 2 DAGs
[2026-03-08T05:11:46.861+0000] {logging_mixin.py:188} INFO - [2026-03-08T05:11:46.861+0000] {dag.py:3111} INFO - Creating ORM DAG for example_xcom_args_with_operators
[2026-03-08T05:11:46.862+0000] {logging_mixin.py:188} INFO - [2026-03-08T05:11:46.862+0000] {dag.py:3111} INFO - Creating ORM DAG for example_xcom_args
[2026-03-08T05:11:46.863+0000] {logging_mixin.py:188} INFO - [2026-03-08T05:11:46.863+0000] {dag.py:3947} INFO - Setting next_dagrun for example_xcom_args to None, run_after=None
[2026-03-08T05:11:46.864+0000] {logging_mixin.py:188} INFO - [2026-03-08T05:11:46.864+0000] {dag.py:3947} INFO - Setting next_dagrun for example_xcom_args_with_operators to None, run_after=None
[2026-03-08T05:11:46.887+0000] {processor.py:183} INFO - Processing /home/airflow/.local/lib/python3.12/site-packages/airflow/example_dags/example_xcomargs.py took 0.246 seconds
[2026-03-08T05:12:17.277+0000] {processor.py:161} INFO - Started process (PID=151) to work on /home/airflow/.local/lib/python3.12/site-packages/airflow/example_dags/example_xcomargs.py
[2026-03-08T05:12:17.282+0000] {processor.py:830} INFO - Processing file /home/airflow/.local/lib/python3.12/site-packages/airflow/example_dags/example_xcomargs.py for tasks to queue
[2026-03-08T05:12:17.287+0000] {logging_mixin.py:188} INFO - [2026-03-08T05:12:17.286+0000] {dagbag.py:545} INFO - Filling up the DagBag from /home/airflow/.local/lib/python3.12/site-packages/airflow/example_dags/example_xcomargs.py
[2026-03-08T05:12:17.304+0000] {processor.py:840} INFO - DAG(s) 'example_xcom_args', 'example_xcom_args_with_operators' retrieved from /home/airflow/.local/lib/python3.12/site-packages/airflow/example_dags/example_xcomargs.py
[2026-03-08T05:12:17.359+0000] {logging_mixin.py:188} INFO - [2026-03-08T05:12:17.358+0000] {dag.py:3089} INFO - Sync 2 DAGs
[2026-03-08T05:12:17.393+0000] {logging_mixin.py:188} INFO - [2026-03-08T05:12:17.391+0000] {dag.py:3947} INFO - Setting next_dagrun for example_xcom_args to None, run_after=None
[2026-03-08T05:12:17.405+0000] {logging_mixin.py:188} INFO - [2026-03-08T05:12:17.405+0000] {dag.py:3947} INFO - Setting next_dagrun for example_xcom_args_with_operators to None, run_after=None
[2026-03-08T05:12:17.476+0000] {processor.py:183} INFO - Processing /home/airflow/.local/lib/python3.12/site-packages/airflow/example_dags/example_xcomargs.py took 0.208 seconds
[2026-03-08T05:12:48.270+0000] {processor.py:161} INFO - Started process (PID=209) to work on /home/airflow/.local/lib/python3.12/site-packages/airflow/example_dags/example_xcomargs.py
[2026-03-08T05:12:48.271+0000] {processor.py:830} INFO - Processing file /home/airflow/.local/lib/python3.12/site-packages/airflow/example_dags/example_xcomargs.py for tasks to queue
[2026-03-08T05:12:48.274+0000] {logging_mixin.py:188} INFO - [2026-03-08T05:12:48.274+0000] {dagbag.py:545} INFO - Filling up the DagBag from /home/airflow/.local/lib/python3.12/site-packages/airflow/example_dags/example_xcomargs.py
[2026-03-08T05:12:48.286+0000] {processor.py:840} INFO - DAG(s) 'example_xcom_args_with_operators', 'example_xcom_args' retrieved from /home/airflow/.local/lib/python3.12/site-packages/airflow/example_dags/example_xcomargs.py
[2026-03-08T05:12:48.322+0000] {logging_mixin.py:188} INFO - [2026-03-08T05:12:48.321+0000] {dag.py:3089} INFO - Sync 2 DAGs
[2026-03-08T05:12:48.339+0000] {logging_mixin.py:188} INFO - [2026-03-08T05:12:48.338+0000] {dag.py:3947} INFO - Setting next_dagrun for example_xcom_args to None, run_after=None
[2026-03-08T05:12:48.345+0000] {logging_mixin.py:188} INFO - [2026-03-08T05:12:48.345+0000] {dag.py:3947} INFO - Setting next_dagrun for example_xcom_args_with_operators to None, run_after=None
[2026-03-08T05:12:48.374+0000] {processor.py:183} INFO - Processing /home/airflow/.local/lib/python3.12/site-packages/airflow/example_dags/example_xcomargs.py took 0.112 seconds
[2026-03-08T05:13:18.871+0000] {processor.py:161} INFO - Started process (PID=267) to work on /home/airflow/.local/lib/python3.12/site-packages/airflow/example_dags/example_xcomargs.py
[2026-03-08T05:13:18.873+0000] {processor.py:830} INFO - Processing file /home/airflow/.local/lib/python3.12/site-packages/airflow/example_dags/example_xcomargs.py for tasks to queue
[2026-03-08T05:13:18.876+0000] {logging_mixin.py:188} INFO - [2026-03-08T05:13:18.876+0000] {dagbag.py:545} INFO - Filling up the DagBag from /home/airflow/.local/lib/python3.12/site-packages/airflow/example_dags/example_xcomargs.py
[2026-03-08T05:13:18.890+0000] {processor.py:840} INFO - DAG(s) 'example_xcom_args_with_operators', 'example_xcom_args' retrieved from /home/airflow/.local/lib/python3.12/site-packages/airflow/example_dags/example_xcomargs.py
[2026-03-08T05:13:18.932+0000] {logging_mixin.py:188} INFO - [2026-03-08T05:13:18.932+0000] {dag.py:3089} INFO - Sync 2 DAGs
[2026-03-08T05:13:18.952+0000] {logging_mixin.py:188} INFO - [2026-03-08T05:13:18.952+0000] {dag.py:3947} INFO - Setting next_dagrun for example_xcom_args to None, run_after=None
[2026-03-08T05:13:18.958+0000] {logging_mixin.py:188} INFO - [2026-03-08T05:13:18.958+0000] {dag.py:3947} INFO - Setting next_dagrun for example_xcom_args_with_operators to None, run_after=None
[2026-03-08T05:13:18.984+0000] {processor.py:183} INFO - Processing /home/airflow/.local/lib/python3.12/site-packages/airflow/example_dags/example_xcomargs.py took 0.126 seconds
