[2026-03-08T04:47:32.288+0000] {processor.py:161} INFO - Started process (PID=85) to work on /home/airflow/.local/lib/python3.12/site-packages/airflow/example_dags/example_sla_dag.py
[2026-03-08T04:47:32.291+0000] {processor.py:830} INFO - Processing file /home/airflow/.local/lib/python3.12/site-packages/airflow/example_dags/example_sla_dag.py for tasks to queue
[2026-03-08T04:47:32.296+0000] {logging_mixin.py:188} INFO - [2026-03-08T04:47:32.295+0000] {dagbag.py:545} INFO - Filling up the DagBag from /home/airflow/.local/lib/python3.12/site-packages/airflow/example_dags/example_sla_dag.py
[2026-03-08T04:47:32.334+0000] {processor.py:840} INFO - DAG(s) 'example_sla_dag' retrieved from /home/airflow/.local/lib/python3.12/site-packages/airflow/example_dags/example_sla_dag.py
[2026-03-08T04:47:33.456+0000] {logging_mixin.py:188} INFO - [2026-03-08T04:47:33.453+0000] {dag.py:3089} INFO - Sync 1 DAGs
[2026-03-08T04:47:33.541+0000] {logging_mixin.py:188} INFO - [2026-03-08T04:47:33.540+0000] {dag.py:3947} INFO - Setting next_dagrun for example_sla_dag to 2026-03-08 04:44:00+00:00, run_after=2026-03-08 04:46:00+00:00
[2026-03-08T04:47:33.612+0000] {processor.py:183} INFO - Processing /home/airflow/.local/lib/python3.12/site-packages/airflow/example_dags/example_sla_dag.py took 1.567 seconds
[2026-03-08T05:11:41.753+0000] {processor.py:161} INFO - Started process (PID=66) to work on /home/airflow/.local/lib/python3.12/site-packages/airflow/example_dags/example_sla_dag.py
[2026-03-08T05:11:41.755+0000] {processor.py:830} INFO - Processing file /home/airflow/.local/lib/python3.12/site-packages/airflow/example_dags/example_sla_dag.py for tasks to queue
[2026-03-08T05:11:41.758+0000] {logging_mixin.py:188} INFO - [2026-03-08T05:11:41.758+0000] {dagbag.py:545} INFO - Filling up the DagBag from /home/airflow/.local/lib/python3.12/site-packages/airflow/example_dags/example_sla_dag.py
[2026-03-08T05:11:41.784+0000] {processor.py:840} INFO - DAG(s) 'example_sla_dag' retrieved from /home/airflow/.local/lib/python3.12/site-packages/airflow/example_dags/example_sla_dag.py
[2026-03-08T05:11:42.290+0000] {logging_mixin.py:188} INFO - [2026-03-08T05:11:42.288+0000] {override.py:1858} INFO - Created Permission View: can delete on DAG:example_sla_dag
[2026-03-08T05:11:42.309+0000] {logging_mixin.py:188} INFO - [2026-03-08T05:11:42.309+0000] {override.py:1858} INFO - Created Permission View: can edit on DAG:example_sla_dag
[2026-03-08T05:11:42.325+0000] {logging_mixin.py:188} INFO - [2026-03-08T05:11:42.324+0000] {override.py:1858} INFO - Created Permission View: can read on DAG:example_sla_dag
[2026-03-08T05:11:42.326+0000] {logging_mixin.py:188} INFO - [2026-03-08T05:11:42.326+0000] {dag.py:3089} INFO - Sync 1 DAGs
[2026-03-08T05:11:42.358+0000] {logging_mixin.py:188} INFO - [2026-03-08T05:11:42.358+0000] {dag.py:3111} INFO - Creating ORM DAG for example_sla_dag
[2026-03-08T05:11:42.385+0000] {logging_mixin.py:188} INFO - [2026-03-08T05:11:42.385+0000] {dag.py:3947} INFO - Setting next_dagrun for example_sla_dag to 2026-03-08 05:08:00+00:00, run_after=2026-03-08 05:10:00+00:00
[2026-03-08T05:11:42.419+0000] {processor.py:183} INFO - Processing /home/airflow/.local/lib/python3.12/site-packages/airflow/example_dags/example_sla_dag.py took 0.675 seconds
[2026-03-08T05:12:13.010+0000] {processor.py:161} INFO - Started process (PID=124) to work on /home/airflow/.local/lib/python3.12/site-packages/airflow/example_dags/example_sla_dag.py
[2026-03-08T05:12:13.012+0000] {processor.py:830} INFO - Processing file /home/airflow/.local/lib/python3.12/site-packages/airflow/example_dags/example_sla_dag.py for tasks to queue
[2026-03-08T05:12:13.015+0000] {logging_mixin.py:188} INFO - [2026-03-08T05:12:13.015+0000] {dagbag.py:545} INFO - Filling up the DagBag from /home/airflow/.local/lib/python3.12/site-packages/airflow/example_dags/example_sla_dag.py
[2026-03-08T05:12:13.027+0000] {processor.py:840} INFO - DAG(s) 'example_sla_dag' retrieved from /home/airflow/.local/lib/python3.12/site-packages/airflow/example_dags/example_sla_dag.py
[2026-03-08T05:12:13.057+0000] {logging_mixin.py:188} INFO - [2026-03-08T05:12:13.056+0000] {dag.py:3089} INFO - Sync 1 DAGs
[2026-03-08T05:12:13.094+0000] {logging_mixin.py:188} INFO - [2026-03-08T05:12:13.094+0000] {dag.py:3947} INFO - Setting next_dagrun for example_sla_dag to 2026-03-08 05:10:00+00:00, run_after=2026-03-08 05:12:00+00:00
[2026-03-08T05:12:13.133+0000] {processor.py:183} INFO - Processing /home/airflow/.local/lib/python3.12/site-packages/airflow/example_dags/example_sla_dag.py took 0.130 seconds
[2026-03-08T05:12:43.259+0000] {processor.py:161} INFO - Started process (PID=182) to work on /home/airflow/.local/lib/python3.12/site-packages/airflow/example_dags/example_sla_dag.py
[2026-03-08T05:12:43.261+0000] {processor.py:830} INFO - Processing file /home/airflow/.local/lib/python3.12/site-packages/airflow/example_dags/example_sla_dag.py for tasks to queue
[2026-03-08T05:12:43.265+0000] {logging_mixin.py:188} INFO - [2026-03-08T05:12:43.264+0000] {dagbag.py:545} INFO - Filling up the DagBag from /home/airflow/.local/lib/python3.12/site-packages/airflow/example_dags/example_sla_dag.py
[2026-03-08T05:12:43.284+0000] {processor.py:840} INFO - DAG(s) 'example_sla_dag' retrieved from /home/airflow/.local/lib/python3.12/site-packages/airflow/example_dags/example_sla_dag.py
[2026-03-08T05:12:43.329+0000] {logging_mixin.py:188} INFO - [2026-03-08T05:12:43.329+0000] {dag.py:3089} INFO - Sync 1 DAGs
[2026-03-08T05:12:43.376+0000] {logging_mixin.py:188} INFO - [2026-03-08T05:12:43.375+0000] {dag.py:3947} INFO - Setting next_dagrun for example_sla_dag to 2026-03-08 05:10:00+00:00, run_after=2026-03-08 05:12:00+00:00
[2026-03-08T05:12:43.408+0000] {processor.py:183} INFO - Processing /home/airflow/.local/lib/python3.12/site-packages/airflow/example_dags/example_sla_dag.py took 0.163 seconds
[2026-03-08T05:13:13.644+0000] {processor.py:161} INFO - Started process (PID=241) to work on /home/airflow/.local/lib/python3.12/site-packages/airflow/example_dags/example_sla_dag.py
[2026-03-08T05:13:13.646+0000] {processor.py:830} INFO - Processing file /home/airflow/.local/lib/python3.12/site-packages/airflow/example_dags/example_sla_dag.py for tasks to queue
[2026-03-08T05:13:13.650+0000] {logging_mixin.py:188} INFO - [2026-03-08T05:13:13.649+0000] {dagbag.py:545} INFO - Filling up the DagBag from /home/airflow/.local/lib/python3.12/site-packages/airflow/example_dags/example_sla_dag.py
[2026-03-08T05:13:13.666+0000] {processor.py:840} INFO - DAG(s) 'example_sla_dag' retrieved from /home/airflow/.local/lib/python3.12/site-packages/airflow/example_dags/example_sla_dag.py
[2026-03-08T05:13:13.712+0000] {logging_mixin.py:188} INFO - [2026-03-08T05:13:13.711+0000] {dag.py:3089} INFO - Sync 1 DAGs
[2026-03-08T05:13:13.752+0000] {logging_mixin.py:188} INFO - [2026-03-08T05:13:13.751+0000] {dag.py:3947} INFO - Setting next_dagrun for example_sla_dag to 2026-03-08 05:10:00+00:00, run_after=2026-03-08 05:12:00+00:00
[2026-03-08T05:13:13.785+0000] {processor.py:183} INFO - Processing /home/airflow/.local/lib/python3.12/site-packages/airflow/example_dags/example_sla_dag.py took 0.152 seconds
[2026-03-08T05:13:43.870+0000] {processor.py:161} INFO - Started process (PID=304) to work on /home/airflow/.local/lib/python3.12/site-packages/airflow/example_dags/example_sla_dag.py
[2026-03-08T05:13:43.872+0000] {processor.py:830} INFO - Processing file /home/airflow/.local/lib/python3.12/site-packages/airflow/example_dags/example_sla_dag.py for tasks to queue
[2026-03-08T05:13:43.874+0000] {logging_mixin.py:188} INFO - [2026-03-08T05:13:43.874+0000] {dagbag.py:545} INFO - Filling up the DagBag from /home/airflow/.local/lib/python3.12/site-packages/airflow/example_dags/example_sla_dag.py
[2026-03-08T05:13:43.885+0000] {processor.py:840} INFO - DAG(s) 'example_sla_dag' retrieved from /home/airflow/.local/lib/python3.12/site-packages/airflow/example_dags/example_sla_dag.py
[2026-03-08T05:13:43.910+0000] {logging_mixin.py:188} INFO - [2026-03-08T05:13:43.910+0000] {dag.py:3089} INFO - Sync 1 DAGs
[2026-03-08T05:13:43.947+0000] {logging_mixin.py:188} INFO - [2026-03-08T05:13:43.946+0000] {dag.py:3947} INFO - Setting next_dagrun for example_sla_dag to 2026-03-08 05:10:00+00:00, run_after=2026-03-08 05:12:00+00:00
[2026-03-08T05:13:43.970+0000] {processor.py:183} INFO - Processing /home/airflow/.local/lib/python3.12/site-packages/airflow/example_dags/example_sla_dag.py took 0.109 seconds
