[2026-03-08T04:47:29.500+0000] {processor.py:161} INFO - Started process (PID=83) to work on /home/airflow/.local/lib/python3.12/site-packages/airflow/example_dags/example_datasets.py
[2026-03-08T04:47:29.502+0000] {processor.py:830} INFO - Processing file /home/airflow/.local/lib/python3.12/site-packages/airflow/example_dags/example_datasets.py for tasks to queue
[2026-03-08T04:47:29.506+0000] {logging_mixin.py:188} INFO - [2026-03-08T04:47:29.505+0000] {dagbag.py:545} INFO - Filling up the DagBag from /home/airflow/.local/lib/python3.12/site-packages/airflow/example_dags/example_datasets.py
[2026-03-08T04:47:29.635+0000] {processor.py:840} INFO - DAG(s) 'dataset_produces_2', 'dataset_consumes_1', 'consume_1_or_2_with_dataset_expressions', 'conditional_dataset_and_time_based_timetable', 'consume_1_and_2_with_dataset_expressions', 'dataset_consumes_1_never_scheduled', 'dataset_consumes_unknown_never_scheduled', 'dataset_consumes_1_and_2', 'consume_1_or_both_2_and_3_with_dataset_expressions', 'dataset_produces_1' retrieved from /home/airflow/.local/lib/python3.12/site-packages/airflow/example_dags/example_datasets.py
[2026-03-08T04:47:30.861+0000] {logging_mixin.py:188} INFO - [2026-03-08T04:47:30.857+0000] {dag.py:3089} INFO - Sync 10 DAGs
[2026-03-08T04:47:30.935+0000] {logging_mixin.py:188} INFO - [2026-03-08T04:47:30.935+0000] {dag.py:3947} INFO - Setting next_dagrun for conditional_dataset_and_time_based_timetable to 2026-03-04 01:00:00+00:00, run_after=2026-03-04 01:00:00+00:00
[2026-03-08T04:47:30.944+0000] {logging_mixin.py:188} INFO - [2026-03-08T04:47:30.943+0000] {dag.py:3947} INFO - Setting next_dagrun for consume_1_and_2_with_dataset_expressions to None, run_after=None
[2026-03-08T04:47:30.946+0000] {logging_mixin.py:188} INFO - [2026-03-08T04:47:30.946+0000] {dag.py:3947} INFO - Setting next_dagrun for consume_1_or_2_with_dataset_expressions to None, run_after=None
[2026-03-08T04:47:30.949+0000] {logging_mixin.py:188} INFO - [2026-03-08T04:47:30.948+0000] {dag.py:3947} INFO - Setting next_dagrun for consume_1_or_both_2_and_3_with_dataset_expressions to None, run_after=None
[2026-03-08T04:47:30.951+0000] {logging_mixin.py:188} INFO - [2026-03-08T04:47:30.951+0000] {dag.py:3947} INFO - Setting next_dagrun for dataset_consumes_1 to None, run_after=None
[2026-03-08T04:47:30.954+0000] {logging_mixin.py:188} INFO - [2026-03-08T04:47:30.953+0000] {dag.py:3947} INFO - Setting next_dagrun for dataset_consumes_1_and_2 to None, run_after=None
[2026-03-08T04:47:30.956+0000] {logging_mixin.py:188} INFO - [2026-03-08T04:47:30.956+0000] {dag.py:3947} INFO - Setting next_dagrun for dataset_consumes_1_never_scheduled to None, run_after=None
[2026-03-08T04:47:30.958+0000] {logging_mixin.py:188} INFO - [2026-03-08T04:47:30.958+0000] {dag.py:3947} INFO - Setting next_dagrun for dataset_consumes_unknown_never_scheduled to None, run_after=None
[2026-03-08T04:47:30.963+0000] {logging_mixin.py:188} INFO - [2026-03-08T04:47:30.962+0000] {dag.py:3947} INFO - Setting next_dagrun for dataset_produces_1 to 2026-03-07 00:00:00+00:00, run_after=2026-03-08 00:00:00+00:00
[2026-03-08T04:47:30.966+0000] {logging_mixin.py:188} INFO - [2026-03-08T04:47:30.965+0000] {dag.py:3947} INFO - Setting next_dagrun for dataset_produces_2 to None, run_after=None
[2026-03-08T04:47:31.083+0000] {processor.py:183} INFO - Processing /home/airflow/.local/lib/python3.12/site-packages/airflow/example_dags/example_datasets.py took 1.596 seconds
[2026-03-08T05:11:49.330+0000] {processor.py:161} INFO - Started process (PID=111) to work on /home/airflow/.local/lib/python3.12/site-packages/airflow/example_dags/example_datasets.py
[2026-03-08T05:11:49.332+0000] {processor.py:830} INFO - Processing file /home/airflow/.local/lib/python3.12/site-packages/airflow/example_dags/example_datasets.py for tasks to queue
[2026-03-08T05:11:49.334+0000] {logging_mixin.py:188} INFO - [2026-03-08T05:11:49.334+0000] {dagbag.py:545} INFO - Filling up the DagBag from /home/airflow/.local/lib/python3.12/site-packages/airflow/example_dags/example_datasets.py
[2026-03-08T05:11:49.359+0000] {processor.py:840} INFO - DAG(s) 'conditional_dataset_and_time_based_timetable', 'dataset_produces_1', 'dataset_consumes_1', 'consume_1_and_2_with_dataset_expressions', 'dataset_consumes_1_never_scheduled', 'dataset_consumes_1_and_2', 'dataset_consumes_unknown_never_scheduled', 'consume_1_or_2_with_dataset_expressions', 'dataset_produces_2', 'consume_1_or_both_2_and_3_with_dataset_expressions' retrieved from /home/airflow/.local/lib/python3.12/site-packages/airflow/example_dags/example_datasets.py
[2026-03-08T05:11:49.492+0000] {logging_mixin.py:188} INFO - [2026-03-08T05:11:49.490+0000] {override.py:1858} INFO - Created Permission View: can delete on DAG:conditional_dataset_and_time_based_timetable
[2026-03-08T05:11:49.507+0000] {logging_mixin.py:188} INFO - [2026-03-08T05:11:49.506+0000] {override.py:1858} INFO - Created Permission View: can edit on DAG:conditional_dataset_and_time_based_timetable
[2026-03-08T05:11:49.517+0000] {logging_mixin.py:188} INFO - [2026-03-08T05:11:49.516+0000] {override.py:1858} INFO - Created Permission View: can read on DAG:conditional_dataset_and_time_based_timetable
[2026-03-08T05:11:49.536+0000] {logging_mixin.py:188} INFO - [2026-03-08T05:11:49.535+0000] {override.py:1858} INFO - Created Permission View: can delete on DAG:dataset_produces_1
[2026-03-08T05:11:49.547+0000] {logging_mixin.py:188} INFO - [2026-03-08T05:11:49.547+0000] {override.py:1858} INFO - Created Permission View: can edit on DAG:dataset_produces_1
[2026-03-08T05:11:49.559+0000] {logging_mixin.py:188} INFO - [2026-03-08T05:11:49.558+0000] {override.py:1858} INFO - Created Permission View: can read on DAG:dataset_produces_1
[2026-03-08T05:11:49.578+0000] {logging_mixin.py:188} INFO - [2026-03-08T05:11:49.578+0000] {override.py:1858} INFO - Created Permission View: can delete on DAG:dataset_consumes_1
[2026-03-08T05:11:49.589+0000] {logging_mixin.py:188} INFO - [2026-03-08T05:11:49.589+0000] {override.py:1858} INFO - Created Permission View: can edit on DAG:dataset_consumes_1
[2026-03-08T05:11:49.599+0000] {logging_mixin.py:188} INFO - [2026-03-08T05:11:49.598+0000] {override.py:1858} INFO - Created Permission View: can read on DAG:dataset_consumes_1
[2026-03-08T05:11:49.620+0000] {logging_mixin.py:188} INFO - [2026-03-08T05:11:49.619+0000] {override.py:1858} INFO - Created Permission View: can delete on DAG:consume_1_and_2_with_dataset_expressions
[2026-03-08T05:11:49.630+0000] {logging_mixin.py:188} INFO - [2026-03-08T05:11:49.629+0000] {override.py:1858} INFO - Created Permission View: can edit on DAG:consume_1_and_2_with_dataset_expressions
[2026-03-08T05:11:49.640+0000] {logging_mixin.py:188} INFO - [2026-03-08T05:11:49.639+0000] {override.py:1858} INFO - Created Permission View: can read on DAG:consume_1_and_2_with_dataset_expressions
[2026-03-08T05:11:49.659+0000] {logging_mixin.py:188} INFO - [2026-03-08T05:11:49.658+0000] {override.py:1858} INFO - Created Permission View: can delete on DAG:dataset_consumes_1_never_scheduled
[2026-03-08T05:11:49.669+0000] {logging_mixin.py:188} INFO - [2026-03-08T05:11:49.668+0000] {override.py:1858} INFO - Created Permission View: can edit on DAG:dataset_consumes_1_never_scheduled
[2026-03-08T05:11:49.678+0000] {logging_mixin.py:188} INFO - [2026-03-08T05:11:49.677+0000] {override.py:1858} INFO - Created Permission View: can read on DAG:dataset_consumes_1_never_scheduled
[2026-03-08T05:11:49.696+0000] {logging_mixin.py:188} INFO - [2026-03-08T05:11:49.695+0000] {override.py:1858} INFO - Created Permission View: can delete on DAG:dataset_consumes_1_and_2
[2026-03-08T05:11:49.705+0000] {logging_mixin.py:188} INFO - [2026-03-08T05:11:49.704+0000] {override.py:1858} INFO - Created Permission View: can edit on DAG:dataset_consumes_1_and_2
[2026-03-08T05:11:49.716+0000] {logging_mixin.py:188} INFO - [2026-03-08T05:11:49.715+0000] {override.py:1858} INFO - Created Permission View: can read on DAG:dataset_consumes_1_and_2
[2026-03-08T05:11:49.734+0000] {logging_mixin.py:188} INFO - [2026-03-08T05:11:49.733+0000] {override.py:1858} INFO - Created Permission View: can delete on DAG:dataset_consumes_unknown_never_scheduled
[2026-03-08T05:11:49.744+0000] {logging_mixin.py:188} INFO - [2026-03-08T05:11:49.743+0000] {override.py:1858} INFO - Created Permission View: can edit on DAG:dataset_consumes_unknown_never_scheduled
[2026-03-08T05:11:49.753+0000] {logging_mixin.py:188} INFO - [2026-03-08T05:11:49.752+0000] {override.py:1858} INFO - Created Permission View: can read on DAG:dataset_consumes_unknown_never_scheduled
[2026-03-08T05:11:49.772+0000] {logging_mixin.py:188} INFO - [2026-03-08T05:11:49.772+0000] {override.py:1858} INFO - Created Permission View: can delete on DAG:consume_1_or_2_with_dataset_expressions
[2026-03-08T05:11:49.780+0000] {logging_mixin.py:188} INFO - [2026-03-08T05:11:49.780+0000] {override.py:1858} INFO - Created Permission View: can edit on DAG:consume_1_or_2_with_dataset_expressions
[2026-03-08T05:11:49.791+0000] {logging_mixin.py:188} INFO - [2026-03-08T05:11:49.791+0000] {override.py:1858} INFO - Created Permission View: can read on DAG:consume_1_or_2_with_dataset_expressions
[2026-03-08T05:11:49.809+0000] {logging_mixin.py:188} INFO - [2026-03-08T05:11:49.809+0000] {override.py:1858} INFO - Created Permission View: can delete on DAG:dataset_produces_2
[2026-03-08T05:11:49.817+0000] {logging_mixin.py:188} INFO - [2026-03-08T05:11:49.817+0000] {override.py:1858} INFO - Created Permission View: can edit on DAG:dataset_produces_2
[2026-03-08T05:11:49.828+0000] {logging_mixin.py:188} INFO - [2026-03-08T05:11:49.827+0000] {override.py:1858} INFO - Created Permission View: can read on DAG:dataset_produces_2
[2026-03-08T05:11:49.845+0000] {logging_mixin.py:188} INFO - [2026-03-08T05:11:49.844+0000] {override.py:1858} INFO - Created Permission View: can delete on DAG:consume_1_or_both_2_and_3_with_dataset_expressions
[2026-03-08T05:11:49.854+0000] {logging_mixin.py:188} INFO - [2026-03-08T05:11:49.854+0000] {override.py:1858} INFO - Created Permission View: can edit on DAG:consume_1_or_both_2_and_3_with_dataset_expressions
[2026-03-08T05:11:49.861+0000] {logging_mixin.py:188} INFO - [2026-03-08T05:11:49.861+0000] {override.py:1858} INFO - Created Permission View: can read on DAG:consume_1_or_both_2_and_3_with_dataset_expressions
[2026-03-08T05:11:49.862+0000] {logging_mixin.py:188} INFO - [2026-03-08T05:11:49.862+0000] {dag.py:3089} INFO - Sync 10 DAGs
[2026-03-08T05:11:49.876+0000] {logging_mixin.py:188} INFO - [2026-03-08T05:11:49.876+0000] {dag.py:3111} INFO - Creating ORM DAG for dataset_produces_2
[2026-03-08T05:11:49.877+0000] {logging_mixin.py:188} INFO - [2026-03-08T05:11:49.877+0000] {dag.py:3111} INFO - Creating ORM DAG for consume_1_and_2_with_dataset_expressions
[2026-03-08T05:11:49.878+0000] {logging_mixin.py:188} INFO - [2026-03-08T05:11:49.878+0000] {dag.py:3111} INFO - Creating ORM DAG for dataset_produces_1
[2026-03-08T05:11:49.879+0000] {logging_mixin.py:188} INFO - [2026-03-08T05:11:49.879+0000] {dag.py:3111} INFO - Creating ORM DAG for dataset_consumes_1_and_2
[2026-03-08T05:11:49.880+0000] {logging_mixin.py:188} INFO - [2026-03-08T05:11:49.880+0000] {dag.py:3111} INFO - Creating ORM DAG for dataset_consumes_1_never_scheduled
[2026-03-08T05:11:49.881+0000] {logging_mixin.py:188} INFO - [2026-03-08T05:11:49.880+0000] {dag.py:3111} INFO - Creating ORM DAG for dataset_consumes_1
[2026-03-08T05:11:49.881+0000] {logging_mixin.py:188} INFO - [2026-03-08T05:11:49.881+0000] {dag.py:3111} INFO - Creating ORM DAG for dataset_consumes_unknown_never_scheduled
[2026-03-08T05:11:49.882+0000] {logging_mixin.py:188} INFO - [2026-03-08T05:11:49.882+0000] {dag.py:3111} INFO - Creating ORM DAG for consume_1_or_2_with_dataset_expressions
[2026-03-08T05:11:49.883+0000] {logging_mixin.py:188} INFO - [2026-03-08T05:11:49.883+0000] {dag.py:3111} INFO - Creating ORM DAG for consume_1_or_both_2_and_3_with_dataset_expressions
[2026-03-08T05:11:49.884+0000] {logging_mixin.py:188} INFO - [2026-03-08T05:11:49.884+0000] {dag.py:3111} INFO - Creating ORM DAG for conditional_dataset_and_time_based_timetable
[2026-03-08T05:11:49.896+0000] {logging_mixin.py:188} INFO - [2026-03-08T05:11:49.895+0000] {dag.py:3947} INFO - Setting next_dagrun for conditional_dataset_and_time_based_timetable to 2026-03-04 01:00:00+00:00, run_after=2026-03-04 01:00:00+00:00
[2026-03-08T05:11:49.897+0000] {logging_mixin.py:188} INFO - [2026-03-08T05:11:49.897+0000] {dag.py:3947} INFO - Setting next_dagrun for consume_1_and_2_with_dataset_expressions to None, run_after=None
[2026-03-08T05:11:49.898+0000] {logging_mixin.py:188} INFO - [2026-03-08T05:11:49.897+0000] {dag.py:3947} INFO - Setting next_dagrun for consume_1_or_2_with_dataset_expressions to None, run_after=None
[2026-03-08T05:11:49.898+0000] {logging_mixin.py:188} INFO - [2026-03-08T05:11:49.898+0000] {dag.py:3947} INFO - Setting next_dagrun for consume_1_or_both_2_and_3_with_dataset_expressions to None, run_after=None
[2026-03-08T05:11:49.899+0000] {logging_mixin.py:188} INFO - [2026-03-08T05:11:49.899+0000] {dag.py:3947} INFO - Setting next_dagrun for dataset_consumes_1 to None, run_after=None
[2026-03-08T05:11:49.900+0000] {logging_mixin.py:188} INFO - [2026-03-08T05:11:49.900+0000] {dag.py:3947} INFO - Setting next_dagrun for dataset_consumes_1_and_2 to None, run_after=None
[2026-03-08T05:11:49.901+0000] {logging_mixin.py:188} INFO - [2026-03-08T05:11:49.900+0000] {dag.py:3947} INFO - Setting next_dagrun for dataset_consumes_1_never_scheduled to None, run_after=None
[2026-03-08T05:11:49.901+0000] {logging_mixin.py:188} INFO - [2026-03-08T05:11:49.901+0000] {dag.py:3947} INFO - Setting next_dagrun for dataset_consumes_unknown_never_scheduled to None, run_after=None
[2026-03-08T05:11:49.904+0000] {logging_mixin.py:188} INFO - [2026-03-08T05:11:49.903+0000] {dag.py:3947} INFO - Setting next_dagrun for dataset_produces_1 to 2026-03-07 00:00:00+00:00, run_after=2026-03-08 00:00:00+00:00
[2026-03-08T05:11:49.904+0000] {logging_mixin.py:188} INFO - [2026-03-08T05:11:49.904+0000] {dag.py:3947} INFO - Setting next_dagrun for dataset_produces_2 to None, run_after=None
[2026-03-08T05:11:49.961+0000] {processor.py:183} INFO - Processing /home/airflow/.local/lib/python3.12/site-packages/airflow/example_dags/example_datasets.py took 0.639 seconds
[2026-03-08T05:12:20.155+0000] {processor.py:161} INFO - Started process (PID=169) to work on /home/airflow/.local/lib/python3.12/site-packages/airflow/example_dags/example_datasets.py
[2026-03-08T05:12:20.157+0000] {processor.py:830} INFO - Processing file /home/airflow/.local/lib/python3.12/site-packages/airflow/example_dags/example_datasets.py for tasks to queue
[2026-03-08T05:12:20.159+0000] {logging_mixin.py:188} INFO - [2026-03-08T05:12:20.159+0000] {dagbag.py:545} INFO - Filling up the DagBag from /home/airflow/.local/lib/python3.12/site-packages/airflow/example_dags/example_datasets.py
[2026-03-08T05:12:20.176+0000] {processor.py:840} INFO - DAG(s) 'dataset_consumes_1_never_scheduled', 'consume_1_or_both_2_and_3_with_dataset_expressions', 'consume_1_and_2_with_dataset_expressions', 'conditional_dataset_and_time_based_timetable', 'dataset_produces_1', 'dataset_consumes_unknown_never_scheduled', 'consume_1_or_2_with_dataset_expressions', 'dataset_consumes_1_and_2', 'dataset_produces_2', 'dataset_consumes_1' retrieved from /home/airflow/.local/lib/python3.12/site-packages/airflow/example_dags/example_datasets.py
[2026-03-08T05:12:20.234+0000] {logging_mixin.py:188} INFO - [2026-03-08T05:12:20.234+0000] {dag.py:3089} INFO - Sync 10 DAGs
[2026-03-08T05:12:20.262+0000] {logging_mixin.py:188} INFO - [2026-03-08T05:12:20.262+0000] {dag.py:3947} INFO - Setting next_dagrun for conditional_dataset_and_time_based_timetable to 2026-03-04 01:00:00+00:00, run_after=2026-03-04 01:00:00+00:00
[2026-03-08T05:12:20.267+0000] {logging_mixin.py:188} INFO - [2026-03-08T05:12:20.267+0000] {dag.py:3947} INFO - Setting next_dagrun for consume_1_and_2_with_dataset_expressions to None, run_after=None
[2026-03-08T05:12:20.269+0000] {logging_mixin.py:188} INFO - [2026-03-08T05:12:20.268+0000] {dag.py:3947} INFO - Setting next_dagrun for consume_1_or_2_with_dataset_expressions to None, run_after=None
[2026-03-08T05:12:20.271+0000] {logging_mixin.py:188} INFO - [2026-03-08T05:12:20.271+0000] {dag.py:3947} INFO - Setting next_dagrun for consume_1_or_both_2_and_3_with_dataset_expressions to None, run_after=None
[2026-03-08T05:12:20.273+0000] {logging_mixin.py:188} INFO - [2026-03-08T05:12:20.272+0000] {dag.py:3947} INFO - Setting next_dagrun for dataset_consumes_1 to None, run_after=None
[2026-03-08T05:12:20.274+0000] {logging_mixin.py:188} INFO - [2026-03-08T05:12:20.274+0000] {dag.py:3947} INFO - Setting next_dagrun for dataset_consumes_1_and_2 to None, run_after=None
[2026-03-08T05:12:20.275+0000] {logging_mixin.py:188} INFO - [2026-03-08T05:12:20.275+0000] {dag.py:3947} INFO - Setting next_dagrun for dataset_consumes_1_never_scheduled to None, run_after=None
[2026-03-08T05:12:20.277+0000] {logging_mixin.py:188} INFO - [2026-03-08T05:12:20.277+0000] {dag.py:3947} INFO - Setting next_dagrun for dataset_consumes_unknown_never_scheduled to None, run_after=None
[2026-03-08T05:12:20.280+0000] {logging_mixin.py:188} INFO - [2026-03-08T05:12:20.280+0000] {dag.py:3947} INFO - Setting next_dagrun for dataset_produces_1 to 2026-03-07 00:00:00+00:00, run_after=2026-03-08 00:00:00+00:00
[2026-03-08T05:12:20.282+0000] {logging_mixin.py:188} INFO - [2026-03-08T05:12:20.281+0000] {dag.py:3947} INFO - Setting next_dagrun for dataset_produces_2 to None, run_after=None
[2026-03-08T05:12:20.321+0000] {processor.py:183} INFO - Processing /home/airflow/.local/lib/python3.12/site-packages/airflow/example_dags/example_datasets.py took 0.174 seconds
[2026-03-08T05:12:51.156+0000] {processor.py:161} INFO - Started process (PID=227) to work on /home/airflow/.local/lib/python3.12/site-packages/airflow/example_dags/example_datasets.py
[2026-03-08T05:12:51.159+0000] {processor.py:830} INFO - Processing file /home/airflow/.local/lib/python3.12/site-packages/airflow/example_dags/example_datasets.py for tasks to queue
[2026-03-08T05:12:51.161+0000] {logging_mixin.py:188} INFO - [2026-03-08T05:12:51.161+0000] {dagbag.py:545} INFO - Filling up the DagBag from /home/airflow/.local/lib/python3.12/site-packages/airflow/example_dags/example_datasets.py
[2026-03-08T05:12:51.187+0000] {processor.py:840} INFO - DAG(s) 'dataset_consumes_1', 'dataset_produces_2', 'dataset_consumes_1_never_scheduled', 'dataset_consumes_unknown_never_scheduled', 'conditional_dataset_and_time_based_timetable', 'consume_1_or_both_2_and_3_with_dataset_expressions', 'dataset_consumes_1_and_2', 'dataset_produces_1', 'consume_1_and_2_with_dataset_expressions', 'consume_1_or_2_with_dataset_expressions' retrieved from /home/airflow/.local/lib/python3.12/site-packages/airflow/example_dags/example_datasets.py
[2026-03-08T05:12:51.271+0000] {logging_mixin.py:188} INFO - [2026-03-08T05:12:51.271+0000] {dag.py:3089} INFO - Sync 10 DAGs
[2026-03-08T05:12:51.315+0000] {logging_mixin.py:188} INFO - [2026-03-08T05:12:51.315+0000] {dag.py:3947} INFO - Setting next_dagrun for conditional_dataset_and_time_based_timetable to 2026-03-04 01:00:00+00:00, run_after=2026-03-04 01:00:00+00:00
[2026-03-08T05:12:51.323+0000] {logging_mixin.py:188} INFO - [2026-03-08T05:12:51.323+0000] {dag.py:3947} INFO - Setting next_dagrun for consume_1_and_2_with_dataset_expressions to None, run_after=None
[2026-03-08T05:12:51.326+0000] {logging_mixin.py:188} INFO - [2026-03-08T05:12:51.326+0000] {dag.py:3947} INFO - Setting next_dagrun for consume_1_or_2_with_dataset_expressions to None, run_after=None
[2026-03-08T05:12:51.329+0000] {logging_mixin.py:188} INFO - [2026-03-08T05:12:51.328+0000] {dag.py:3947} INFO - Setting next_dagrun for consume_1_or_both_2_and_3_with_dataset_expressions to None, run_after=None
[2026-03-08T05:12:51.332+0000] {logging_mixin.py:188} INFO - [2026-03-08T05:12:51.332+0000] {dag.py:3947} INFO - Setting next_dagrun for dataset_consumes_1 to None, run_after=None
[2026-03-08T05:12:51.335+0000] {logging_mixin.py:188} INFO - [2026-03-08T05:12:51.334+0000] {dag.py:3947} INFO - Setting next_dagrun for dataset_consumes_1_and_2 to None, run_after=None
[2026-03-08T05:12:51.338+0000] {logging_mixin.py:188} INFO - [2026-03-08T05:12:51.337+0000] {dag.py:3947} INFO - Setting next_dagrun for dataset_consumes_1_never_scheduled to None, run_after=None
[2026-03-08T05:12:51.342+0000] {logging_mixin.py:188} INFO - [2026-03-08T05:12:51.341+0000] {dag.py:3947} INFO - Setting next_dagrun for dataset_consumes_unknown_never_scheduled to None, run_after=None
[2026-03-08T05:12:51.347+0000] {logging_mixin.py:188} INFO - [2026-03-08T05:12:51.346+0000] {dag.py:3947} INFO - Setting next_dagrun for dataset_produces_1 to 2026-03-07 00:00:00+00:00, run_after=2026-03-08 00:00:00+00:00
[2026-03-08T05:12:51.350+0000] {logging_mixin.py:188} INFO - [2026-03-08T05:12:51.350+0000] {dag.py:3947} INFO - Setting next_dagrun for dataset_produces_2 to None, run_after=None
[2026-03-08T05:12:51.403+0000] {processor.py:183} INFO - Processing /home/airflow/.local/lib/python3.12/site-packages/airflow/example_dags/example_datasets.py took 0.257 seconds
[2026-03-08T05:13:21.599+0000] {processor.py:161} INFO - Started process (PID=285) to work on /home/airflow/.local/lib/python3.12/site-packages/airflow/example_dags/example_datasets.py
[2026-03-08T05:13:21.601+0000] {processor.py:830} INFO - Processing file /home/airflow/.local/lib/python3.12/site-packages/airflow/example_dags/example_datasets.py for tasks to queue
[2026-03-08T05:13:21.607+0000] {logging_mixin.py:188} INFO - [2026-03-08T05:13:21.606+0000] {dagbag.py:545} INFO - Filling up the DagBag from /home/airflow/.local/lib/python3.12/site-packages/airflow/example_dags/example_datasets.py
[2026-03-08T05:13:21.638+0000] {processor.py:840} INFO - DAG(s) 'consume_1_or_2_with_dataset_expressions', 'dataset_produces_1', 'conditional_dataset_and_time_based_timetable', 'dataset_consumes_1_never_scheduled', 'dataset_consumes_unknown_never_scheduled', 'dataset_produces_2', 'consume_1_and_2_with_dataset_expressions', 'dataset_consumes_1', 'dataset_consumes_1_and_2', 'consume_1_or_both_2_and_3_with_dataset_expressions' retrieved from /home/airflow/.local/lib/python3.12/site-packages/airflow/example_dags/example_datasets.py
[2026-03-08T05:13:21.744+0000] {logging_mixin.py:188} INFO - [2026-03-08T05:13:21.744+0000] {dag.py:3089} INFO - Sync 10 DAGs
[2026-03-08T05:13:21.825+0000] {logging_mixin.py:188} INFO - [2026-03-08T05:13:21.824+0000] {dag.py:3947} INFO - Setting next_dagrun for conditional_dataset_and_time_based_timetable to 2026-03-04 01:00:00+00:00, run_after=2026-03-04 01:00:00+00:00
[2026-03-08T05:13:21.842+0000] {logging_mixin.py:188} INFO - [2026-03-08T05:13:21.840+0000] {dag.py:3947} INFO - Setting next_dagrun for consume_1_and_2_with_dataset_expressions to None, run_after=None
[2026-03-08T05:13:21.848+0000] {logging_mixin.py:188} INFO - [2026-03-08T05:13:21.847+0000] {dag.py:3947} INFO - Setting next_dagrun for consume_1_or_2_with_dataset_expressions to None, run_after=None
[2026-03-08T05:13:21.853+0000] {logging_mixin.py:188} INFO - [2026-03-08T05:13:21.853+0000] {dag.py:3947} INFO - Setting next_dagrun for consume_1_or_both_2_and_3_with_dataset_expressions to None, run_after=None
[2026-03-08T05:13:21.857+0000] {logging_mixin.py:188} INFO - [2026-03-08T05:13:21.856+0000] {dag.py:3947} INFO - Setting next_dagrun for dataset_consumes_1 to None, run_after=None
[2026-03-08T05:13:21.863+0000] {logging_mixin.py:188} INFO - [2026-03-08T05:13:21.862+0000] {dag.py:3947} INFO - Setting next_dagrun for dataset_consumes_1_and_2 to None, run_after=None
[2026-03-08T05:13:21.870+0000] {logging_mixin.py:188} INFO - [2026-03-08T05:13:21.869+0000] {dag.py:3947} INFO - Setting next_dagrun for dataset_consumes_1_never_scheduled to None, run_after=None
[2026-03-08T05:13:21.873+0000] {logging_mixin.py:188} INFO - [2026-03-08T05:13:21.873+0000] {dag.py:3947} INFO - Setting next_dagrun for dataset_consumes_unknown_never_scheduled to None, run_after=None
[2026-03-08T05:13:21.879+0000] {logging_mixin.py:188} INFO - [2026-03-08T05:13:21.878+0000] {dag.py:3947} INFO - Setting next_dagrun for dataset_produces_1 to 2026-03-07 00:00:00+00:00, run_after=2026-03-08 00:00:00+00:00
[2026-03-08T05:13:21.883+0000] {logging_mixin.py:188} INFO - [2026-03-08T05:13:21.882+0000] {dag.py:3947} INFO - Setting next_dagrun for dataset_produces_2 to None, run_after=None
[2026-03-08T05:13:21.970+0000] {processor.py:183} INFO - Processing /home/airflow/.local/lib/python3.12/site-packages/airflow/example_dags/example_datasets.py took 0.384 seconds
