[2026-03-08T04:47:27.588+0000] {processor.py:161} INFO - Started process (PID=81) to work on /home/airflow/.local/lib/python3.12/site-packages/airflow/example_dags/example_branch_labels.py
[2026-03-08T04:47:27.592+0000] {processor.py:830} INFO - Processing file /home/airflow/.local/lib/python3.12/site-packages/airflow/example_dags/example_branch_labels.py for tasks to queue
[2026-03-08T04:47:27.608+0000] {logging_mixin.py:188} INFO - [2026-03-08T04:47:27.603+0000] {dagbag.py:545} INFO - Filling up the DagBag from /home/airflow/.local/lib/python3.12/site-packages/airflow/example_dags/example_branch_labels.py
[2026-03-08T04:47:27.685+0000] {processor.py:840} INFO - DAG(s) 'example_branch_labels' retrieved from /home/airflow/.local/lib/python3.12/site-packages/airflow/example_dags/example_branch_labels.py
[2026-03-08T04:47:29.237+0000] {logging_mixin.py:188} INFO - [2026-03-08T04:47:29.236+0000] {dag.py:3089} INFO - Sync 1 DAGs
[2026-03-08T04:47:29.319+0000] {logging_mixin.py:188} INFO - [2026-03-08T04:47:29.318+0000] {dag.py:3947} INFO - Setting next_dagrun for example_branch_labels to 2026-03-07 00:00:00+00:00, run_after=2026-03-08 00:00:00+00:00
[2026-03-08T04:47:29.384+0000] {processor.py:183} INFO - Processing /home/airflow/.local/lib/python3.12/site-packages/airflow/example_dags/example_branch_labels.py took 1.836 seconds
[2026-03-08T05:11:43.176+0000] {processor.py:161} INFO - Started process (PID=71) to work on /home/airflow/.local/lib/python3.12/site-packages/airflow/example_dags/example_branch_labels.py
[2026-03-08T05:11:43.177+0000] {processor.py:830} INFO - Processing file /home/airflow/.local/lib/python3.12/site-packages/airflow/example_dags/example_branch_labels.py for tasks to queue
[2026-03-08T05:11:43.179+0000] {logging_mixin.py:188} INFO - [2026-03-08T05:11:43.179+0000] {dagbag.py:545} INFO - Filling up the DagBag from /home/airflow/.local/lib/python3.12/site-packages/airflow/example_dags/example_branch_labels.py
[2026-03-08T05:11:43.192+0000] {processor.py:840} INFO - DAG(s) 'example_branch_labels' retrieved from /home/airflow/.local/lib/python3.12/site-packages/airflow/example_dags/example_branch_labels.py
[2026-03-08T05:11:43.407+0000] {logging_mixin.py:188} INFO - [2026-03-08T05:11:43.406+0000] {override.py:1858} INFO - Created Permission View: can delete on DAG:example_branch_labels
[2026-03-08T05:11:43.433+0000] {logging_mixin.py:188} INFO - [2026-03-08T05:11:43.432+0000] {override.py:1858} INFO - Created Permission View: can edit on DAG:example_branch_labels
[2026-03-08T05:11:43.451+0000] {logging_mixin.py:188} INFO - [2026-03-08T05:11:43.450+0000] {override.py:1858} INFO - Created Permission View: can read on DAG:example_branch_labels
[2026-03-08T05:11:43.452+0000] {logging_mixin.py:188} INFO - [2026-03-08T05:11:43.451+0000] {dag.py:3089} INFO - Sync 1 DAGs
[2026-03-08T05:11:43.481+0000] {logging_mixin.py:188} INFO - [2026-03-08T05:11:43.480+0000] {dag.py:3111} INFO - Creating ORM DAG for example_branch_labels
[2026-03-08T05:11:43.507+0000] {logging_mixin.py:188} INFO - [2026-03-08T05:11:43.505+0000] {dag.py:3947} INFO - Setting next_dagrun for example_branch_labels to 2026-03-07 00:00:00+00:00, run_after=2026-03-08 00:00:00+00:00
[2026-03-08T05:11:43.543+0000] {processor.py:183} INFO - Processing /home/airflow/.local/lib/python3.12/site-packages/airflow/example_dags/example_branch_labels.py took 0.374 seconds
[2026-03-08T05:12:14.530+0000] {processor.py:161} INFO - Started process (PID=135) to work on /home/airflow/.local/lib/python3.12/site-packages/airflow/example_dags/example_branch_labels.py
[2026-03-08T05:12:14.533+0000] {processor.py:830} INFO - Processing file /home/airflow/.local/lib/python3.12/site-packages/airflow/example_dags/example_branch_labels.py for tasks to queue
[2026-03-08T05:12:14.537+0000] {logging_mixin.py:188} INFO - [2026-03-08T05:12:14.536+0000] {dagbag.py:545} INFO - Filling up the DagBag from /home/airflow/.local/lib/python3.12/site-packages/airflow/example_dags/example_branch_labels.py
[2026-03-08T05:12:14.550+0000] {processor.py:840} INFO - DAG(s) 'example_branch_labels' retrieved from /home/airflow/.local/lib/python3.12/site-packages/airflow/example_dags/example_branch_labels.py
[2026-03-08T05:12:14.585+0000] {logging_mixin.py:188} INFO - [2026-03-08T05:12:14.584+0000] {dag.py:3089} INFO - Sync 1 DAGs
[2026-03-08T05:12:14.633+0000] {logging_mixin.py:188} INFO - [2026-03-08T05:12:14.632+0000] {dag.py:3947} INFO - Setting next_dagrun for example_branch_labels to 2026-03-07 00:00:00+00:00, run_after=2026-03-08 00:00:00+00:00
[2026-03-08T05:12:15.211+0000] {processor.py:183} INFO - Processing /home/airflow/.local/lib/python3.12/site-packages/airflow/example_dags/example_branch_labels.py took 0.689 seconds
[2026-03-08T05:12:45.826+0000] {processor.py:161} INFO - Started process (PID=193) to work on /home/airflow/.local/lib/python3.12/site-packages/airflow/example_dags/example_branch_labels.py
[2026-03-08T05:12:45.832+0000] {processor.py:830} INFO - Processing file /home/airflow/.local/lib/python3.12/site-packages/airflow/example_dags/example_branch_labels.py for tasks to queue
[2026-03-08T05:12:45.839+0000] {logging_mixin.py:188} INFO - [2026-03-08T05:12:45.838+0000] {dagbag.py:545} INFO - Filling up the DagBag from /home/airflow/.local/lib/python3.12/site-packages/airflow/example_dags/example_branch_labels.py
[2026-03-08T05:12:45.858+0000] {processor.py:840} INFO - DAG(s) 'example_branch_labels' retrieved from /home/airflow/.local/lib/python3.12/site-packages/airflow/example_dags/example_branch_labels.py
[2026-03-08T05:12:45.894+0000] {logging_mixin.py:188} INFO - [2026-03-08T05:12:45.894+0000] {dag.py:3089} INFO - Sync 1 DAGs
[2026-03-08T05:12:45.927+0000] {logging_mixin.py:188} INFO - [2026-03-08T05:12:45.926+0000] {dag.py:3947} INFO - Setting next_dagrun for example_branch_labels to 2026-03-07 00:00:00+00:00, run_after=2026-03-08 00:00:00+00:00
[2026-03-08T05:12:45.949+0000] {processor.py:183} INFO - Processing /home/airflow/.local/lib/python3.12/site-packages/airflow/example_dags/example_branch_labels.py took 0.133 seconds
[2026-03-08T05:13:16.034+0000] {processor.py:161} INFO - Started process (PID=251) to work on /home/airflow/.local/lib/python3.12/site-packages/airflow/example_dags/example_branch_labels.py
[2026-03-08T05:13:16.036+0000] {processor.py:830} INFO - Processing file /home/airflow/.local/lib/python3.12/site-packages/airflow/example_dags/example_branch_labels.py for tasks to queue
[2026-03-08T05:13:16.038+0000] {logging_mixin.py:188} INFO - [2026-03-08T05:13:16.038+0000] {dagbag.py:545} INFO - Filling up the DagBag from /home/airflow/.local/lib/python3.12/site-packages/airflow/example_dags/example_branch_labels.py
[2026-03-08T05:13:16.050+0000] {processor.py:840} INFO - DAG(s) 'example_branch_labels' retrieved from /home/airflow/.local/lib/python3.12/site-packages/airflow/example_dags/example_branch_labels.py
[2026-03-08T05:13:16.081+0000] {logging_mixin.py:188} INFO - [2026-03-08T05:13:16.080+0000] {dag.py:3089} INFO - Sync 1 DAGs
[2026-03-08T05:13:16.114+0000] {logging_mixin.py:188} INFO - [2026-03-08T05:13:16.114+0000] {dag.py:3947} INFO - Setting next_dagrun for example_branch_labels to 2026-03-07 00:00:00+00:00, run_after=2026-03-08 00:00:00+00:00
[2026-03-08T05:13:16.144+0000] {processor.py:183} INFO - Processing /home/airflow/.local/lib/python3.12/site-packages/airflow/example_dags/example_branch_labels.py took 0.120 seconds
[2026-03-08T05:13:46.341+0000] {processor.py:161} INFO - Started process (PID=309) to work on /home/airflow/.local/lib/python3.12/site-packages/airflow/example_dags/example_branch_labels.py
[2026-03-08T05:13:46.342+0000] {processor.py:830} INFO - Processing file /home/airflow/.local/lib/python3.12/site-packages/airflow/example_dags/example_branch_labels.py for tasks to queue
[2026-03-08T05:13:46.344+0000] {logging_mixin.py:188} INFO - [2026-03-08T05:13:46.343+0000] {dagbag.py:545} INFO - Filling up the DagBag from /home/airflow/.local/lib/python3.12/site-packages/airflow/example_dags/example_branch_labels.py
[2026-03-08T05:13:46.351+0000] {processor.py:840} INFO - DAG(s) 'example_branch_labels' retrieved from /home/airflow/.local/lib/python3.12/site-packages/airflow/example_dags/example_branch_labels.py
[2026-03-08T05:13:46.372+0000] {logging_mixin.py:188} INFO - [2026-03-08T05:13:46.371+0000] {dag.py:3089} INFO - Sync 1 DAGs
[2026-03-08T05:13:46.393+0000] {logging_mixin.py:188} INFO - [2026-03-08T05:13:46.392+0000] {dag.py:3947} INFO - Setting next_dagrun for example_branch_labels to 2026-03-07 00:00:00+00:00, run_after=2026-03-08 00:00:00+00:00
[2026-03-08T05:13:46.411+0000] {processor.py:183} INFO - Processing /home/airflow/.local/lib/python3.12/site-packages/airflow/example_dags/example_branch_labels.py took 0.075 seconds
