[2026-03-08T05:11:48.078+0000] {processor.py:161} INFO - Started process (PID=103) to work on /home/airflow/.local/lib/python3.12/site-packages/airflow/example_dags/example_kubernetes_executor.py
[2026-03-08T05:11:48.079+0000] {processor.py:830} INFO - Processing file /home/airflow/.local/lib/python3.12/site-packages/airflow/example_dags/example_kubernetes_executor.py for tasks to queue
[2026-03-08T05:11:48.082+0000] {logging_mixin.py:188} INFO - [2026-03-08T05:11:48.081+0000] {dagbag.py:545} INFO - Filling up the DagBag from /home/airflow/.local/lib/python3.12/site-packages/airflow/example_dags/example_kubernetes_executor.py
[2026-03-08T05:11:48.099+0000] {processor.py:840} INFO - DAG(s) 'example_kubernetes_executor' retrieved from /home/airflow/.local/lib/python3.12/site-packages/airflow/example_dags/example_kubernetes_executor.py
[2026-03-08T05:11:48.282+0000] {logging_mixin.py:188} INFO - [2026-03-08T05:11:48.281+0000] {override.py:1858} INFO - Created Permission View: can delete on DAG:example_kubernetes_executor
[2026-03-08T05:11:48.296+0000] {logging_mixin.py:188} INFO - [2026-03-08T05:11:48.296+0000] {override.py:1858} INFO - Created Permission View: can edit on DAG:example_kubernetes_executor
[2026-03-08T05:11:48.305+0000] {logging_mixin.py:188} INFO - [2026-03-08T05:11:48.305+0000] {override.py:1858} INFO - Created Permission View: can read on DAG:example_kubernetes_executor
[2026-03-08T05:11:48.306+0000] {logging_mixin.py:188} INFO - [2026-03-08T05:11:48.306+0000] {dag.py:3089} INFO - Sync 1 DAGs
[2026-03-08T05:11:48.325+0000] {logging_mixin.py:188} INFO - [2026-03-08T05:11:48.325+0000] {dag.py:3111} INFO - Creating ORM DAG for example_kubernetes_executor
[2026-03-08T05:11:48.327+0000] {logging_mixin.py:188} INFO - [2026-03-08T05:11:48.327+0000] {dag.py:3947} INFO - Setting next_dagrun for example_kubernetes_executor to None, run_after=None
[2026-03-08T05:11:48.354+0000] {processor.py:183} INFO - Processing /home/airflow/.local/lib/python3.12/site-packages/airflow/example_dags/example_kubernetes_executor.py took 0.282 seconds
[2026-03-08T05:12:18.597+0000] {processor.py:161} INFO - Started process (PID=162) to work on /home/airflow/.local/lib/python3.12/site-packages/airflow/example_dags/example_kubernetes_executor.py
[2026-03-08T05:12:18.599+0000] {processor.py:830} INFO - Processing file /home/airflow/.local/lib/python3.12/site-packages/airflow/example_dags/example_kubernetes_executor.py for tasks to queue
[2026-03-08T05:12:18.601+0000] {logging_mixin.py:188} INFO - [2026-03-08T05:12:18.601+0000] {dagbag.py:545} INFO - Filling up the DagBag from /home/airflow/.local/lib/python3.12/site-packages/airflow/example_dags/example_kubernetes_executor.py
[2026-03-08T05:12:18.619+0000] {processor.py:840} INFO - DAG(s) 'example_kubernetes_executor' retrieved from /home/airflow/.local/lib/python3.12/site-packages/airflow/example_dags/example_kubernetes_executor.py
[2026-03-08T05:12:18.672+0000] {logging_mixin.py:188} INFO - [2026-03-08T05:12:18.671+0000] {dag.py:3089} INFO - Sync 1 DAGs
[2026-03-08T05:12:18.690+0000] {logging_mixin.py:188} INFO - [2026-03-08T05:12:18.690+0000] {dag.py:3947} INFO - Setting next_dagrun for example_kubernetes_executor to None, run_after=None
[2026-03-08T05:12:18.723+0000] {processor.py:183} INFO - Processing /home/airflow/.local/lib/python3.12/site-packages/airflow/example_dags/example_kubernetes_executor.py took 0.133 seconds
[2026-03-08T05:12:49.541+0000] {processor.py:161} INFO - Started process (PID=219) to work on /home/airflow/.local/lib/python3.12/site-packages/airflow/example_dags/example_kubernetes_executor.py
[2026-03-08T05:12:49.543+0000] {processor.py:830} INFO - Processing file /home/airflow/.local/lib/python3.12/site-packages/airflow/example_dags/example_kubernetes_executor.py for tasks to queue
[2026-03-08T05:12:49.549+0000] {logging_mixin.py:188} INFO - [2026-03-08T05:12:49.547+0000] {dagbag.py:545} INFO - Filling up the DagBag from /home/airflow/.local/lib/python3.12/site-packages/airflow/example_dags/example_kubernetes_executor.py
[2026-03-08T05:12:49.574+0000] {processor.py:840} INFO - DAG(s) 'example_kubernetes_executor' retrieved from /home/airflow/.local/lib/python3.12/site-packages/airflow/example_dags/example_kubernetes_executor.py
[2026-03-08T05:12:49.646+0000] {logging_mixin.py:188} INFO - [2026-03-08T05:12:49.645+0000] {dag.py:3089} INFO - Sync 1 DAGs
[2026-03-08T05:12:49.673+0000] {logging_mixin.py:188} INFO - [2026-03-08T05:12:49.673+0000] {dag.py:3947} INFO - Setting next_dagrun for example_kubernetes_executor to None, run_after=None
[2026-03-08T05:12:49.707+0000] {processor.py:183} INFO - Processing /home/airflow/.local/lib/python3.12/site-packages/airflow/example_dags/example_kubernetes_executor.py took 0.179 seconds
[2026-03-08T05:13:19.798+0000] {processor.py:161} INFO - Started process (PID=277) to work on /home/airflow/.local/lib/python3.12/site-packages/airflow/example_dags/example_kubernetes_executor.py
[2026-03-08T05:13:19.800+0000] {processor.py:830} INFO - Processing file /home/airflow/.local/lib/python3.12/site-packages/airflow/example_dags/example_kubernetes_executor.py for tasks to queue
[2026-03-08T05:13:19.804+0000] {logging_mixin.py:188} INFO - [2026-03-08T05:13:19.803+0000] {dagbag.py:545} INFO - Filling up the DagBag from /home/airflow/.local/lib/python3.12/site-packages/airflow/example_dags/example_kubernetes_executor.py
[2026-03-08T05:13:19.832+0000] {processor.py:840} INFO - DAG(s) 'example_kubernetes_executor' retrieved from /home/airflow/.local/lib/python3.12/site-packages/airflow/example_dags/example_kubernetes_executor.py
[2026-03-08T05:13:19.905+0000] {logging_mixin.py:188} INFO - [2026-03-08T05:13:19.905+0000] {dag.py:3089} INFO - Sync 1 DAGs
[2026-03-08T05:13:19.937+0000] {logging_mixin.py:188} INFO - [2026-03-08T05:13:19.937+0000] {dag.py:3947} INFO - Setting next_dagrun for example_kubernetes_executor to None, run_after=None
[2026-03-08T05:13:19.977+0000] {processor.py:183} INFO - Processing /home/airflow/.local/lib/python3.12/site-packages/airflow/example_dags/example_kubernetes_executor.py took 0.191 seconds
