[2026-03-08T05:11:44.779+0000] {processor.py:161} INFO - Started process (PID=84) to work on /home/airflow/.local/lib/python3.12/site-packages/airflow/example_dags/example_task_group_decorator.py
[2026-03-08T05:11:44.781+0000] {processor.py:830} INFO - Processing file /home/airflow/.local/lib/python3.12/site-packages/airflow/example_dags/example_task_group_decorator.py for tasks to queue
[2026-03-08T05:11:44.784+0000] {logging_mixin.py:188} INFO - [2026-03-08T05:11:44.783+0000] {dagbag.py:545} INFO - Filling up the DagBag from /home/airflow/.local/lib/python3.12/site-packages/airflow/example_dags/example_task_group_decorator.py
[2026-03-08T05:11:44.810+0000] {processor.py:840} INFO - DAG(s) 'example_task_group_decorator' retrieved from /home/airflow/.local/lib/python3.12/site-packages/airflow/example_dags/example_task_group_decorator.py
[2026-03-08T05:11:44.975+0000] {logging_mixin.py:188} INFO - [2026-03-08T05:11:44.975+0000] {override.py:1858} INFO - Created Permission View: can delete on DAG:example_task_group_decorator
[2026-03-08T05:11:44.991+0000] {logging_mixin.py:188} INFO - [2026-03-08T05:11:44.990+0000] {override.py:1858} INFO - Created Permission View: can edit on DAG:example_task_group_decorator
[2026-03-08T05:11:45.015+0000] {logging_mixin.py:188} INFO - [2026-03-08T05:11:45.014+0000] {override.py:1858} INFO - Created Permission View: can read on DAG:example_task_group_decorator
[2026-03-08T05:11:45.016+0000] {logging_mixin.py:188} INFO - [2026-03-08T05:11:45.015+0000] {dag.py:3089} INFO - Sync 1 DAGs
[2026-03-08T05:11:45.036+0000] {logging_mixin.py:188} INFO - [2026-03-08T05:11:45.036+0000] {dag.py:3111} INFO - Creating ORM DAG for example_task_group_decorator
[2026-03-08T05:11:45.061+0000] {logging_mixin.py:188} INFO - [2026-03-08T05:11:45.060+0000] {dag.py:3947} INFO - Setting next_dagrun for example_task_group_decorator to 2026-03-07 00:00:00+00:00, run_after=2026-03-08 00:00:00+00:00
[2026-03-08T05:11:45.096+0000] {processor.py:183} INFO - Processing /home/airflow/.local/lib/python3.12/site-packages/airflow/example_dags/example_task_group_decorator.py took 0.325 seconds
[2026-03-08T05:12:15.752+0000] {processor.py:161} INFO - Started process (PID=142) to work on /home/airflow/.local/lib/python3.12/site-packages/airflow/example_dags/example_task_group_decorator.py
[2026-03-08T05:12:15.755+0000] {processor.py:830} INFO - Processing file /home/airflow/.local/lib/python3.12/site-packages/airflow/example_dags/example_task_group_decorator.py for tasks to queue
[2026-03-08T05:12:15.761+0000] {logging_mixin.py:188} INFO - [2026-03-08T05:12:15.760+0000] {dagbag.py:545} INFO - Filling up the DagBag from /home/airflow/.local/lib/python3.12/site-packages/airflow/example_dags/example_task_group_decorator.py
[2026-03-08T05:12:15.814+0000] {processor.py:840} INFO - DAG(s) 'example_task_group_decorator' retrieved from /home/airflow/.local/lib/python3.12/site-packages/airflow/example_dags/example_task_group_decorator.py
[2026-03-08T05:12:15.891+0000] {logging_mixin.py:188} INFO - [2026-03-08T05:12:15.890+0000] {dag.py:3089} INFO - Sync 1 DAGs
[2026-03-08T05:12:15.942+0000] {logging_mixin.py:188} INFO - [2026-03-08T05:12:15.941+0000] {dag.py:3947} INFO - Setting next_dagrun for example_task_group_decorator to 2026-03-07 00:00:00+00:00, run_after=2026-03-08 00:00:00+00:00
[2026-03-08T05:12:15.978+0000] {processor.py:183} INFO - Processing /home/airflow/.local/lib/python3.12/site-packages/airflow/example_dags/example_task_group_decorator.py took 0.245 seconds
[2026-03-08T05:12:46.322+0000] {processor.py:161} INFO - Started process (PID=200) to work on /home/airflow/.local/lib/python3.12/site-packages/airflow/example_dags/example_task_group_decorator.py
[2026-03-08T05:12:46.323+0000] {processor.py:830} INFO - Processing file /home/airflow/.local/lib/python3.12/site-packages/airflow/example_dags/example_task_group_decorator.py for tasks to queue
[2026-03-08T05:12:46.325+0000] {logging_mixin.py:188} INFO - [2026-03-08T05:12:46.325+0000] {dagbag.py:545} INFO - Filling up the DagBag from /home/airflow/.local/lib/python3.12/site-packages/airflow/example_dags/example_task_group_decorator.py
[2026-03-08T05:12:46.340+0000] {processor.py:840} INFO - DAG(s) 'example_task_group_decorator' retrieved from /home/airflow/.local/lib/python3.12/site-packages/airflow/example_dags/example_task_group_decorator.py
[2026-03-08T05:12:46.374+0000] {logging_mixin.py:188} INFO - [2026-03-08T05:12:46.374+0000] {dag.py:3089} INFO - Sync 1 DAGs
[2026-03-08T05:12:46.409+0000] {logging_mixin.py:188} INFO - [2026-03-08T05:12:46.408+0000] {dag.py:3947} INFO - Setting next_dagrun for example_task_group_decorator to 2026-03-07 00:00:00+00:00, run_after=2026-03-08 00:00:00+00:00
[2026-03-08T05:12:46.444+0000] {processor.py:183} INFO - Processing /home/airflow/.local/lib/python3.12/site-packages/airflow/example_dags/example_task_group_decorator.py took 0.129 seconds
[2026-03-08T05:13:16.988+0000] {processor.py:161} INFO - Started process (PID=258) to work on /home/airflow/.local/lib/python3.12/site-packages/airflow/example_dags/example_task_group_decorator.py
[2026-03-08T05:13:16.990+0000] {processor.py:830} INFO - Processing file /home/airflow/.local/lib/python3.12/site-packages/airflow/example_dags/example_task_group_decorator.py for tasks to queue
[2026-03-08T05:13:16.998+0000] {logging_mixin.py:188} INFO - [2026-03-08T05:13:16.996+0000] {dagbag.py:545} INFO - Filling up the DagBag from /home/airflow/.local/lib/python3.12/site-packages/airflow/example_dags/example_task_group_decorator.py
[2026-03-08T05:13:17.034+0000] {processor.py:840} INFO - DAG(s) 'example_task_group_decorator' retrieved from /home/airflow/.local/lib/python3.12/site-packages/airflow/example_dags/example_task_group_decorator.py
[2026-03-08T05:13:17.085+0000] {logging_mixin.py:188} INFO - [2026-03-08T05:13:17.084+0000] {dag.py:3089} INFO - Sync 1 DAGs
[2026-03-08T05:13:17.126+0000] {logging_mixin.py:188} INFO - [2026-03-08T05:13:17.125+0000] {dag.py:3947} INFO - Setting next_dagrun for example_task_group_decorator to 2026-03-07 00:00:00+00:00, run_after=2026-03-08 00:00:00+00:00
[2026-03-08T05:13:17.169+0000] {processor.py:183} INFO - Processing /home/airflow/.local/lib/python3.12/site-packages/airflow/example_dags/example_task_group_decorator.py took 0.192 seconds
