[2026-03-08T04:47:45.940+0000] {processor.py:161} INFO - Started process (PID=96) to work on /home/airflow/.local/lib/python3.12/site-packages/airflow/example_dags/example_bash_decorator.py
[2026-03-08T04:47:45.950+0000] {processor.py:830} INFO - Processing file /home/airflow/.local/lib/python3.12/site-packages/airflow/example_dags/example_bash_decorator.py for tasks to queue
[2026-03-08T04:47:45.962+0000] {logging_mixin.py:188} INFO - [2026-03-08T04:47:45.961+0000] {dagbag.py:545} INFO - Filling up the DagBag from /home/airflow/.local/lib/python3.12/site-packages/airflow/example_dags/example_bash_decorator.py
[2026-03-08T04:47:46.086+0000] {processor.py:840} INFO - DAG(s) 'example_bash_decorator' retrieved from /home/airflow/.local/lib/python3.12/site-packages/airflow/example_dags/example_bash_decorator.py
[2026-03-08T04:47:50.959+0000] {logging_mixin.py:188} INFO - [2026-03-08T04:47:50.957+0000] {dag.py:3089} INFO - Sync 1 DAGs
[2026-03-08T04:47:50.996+0000] {logging_mixin.py:188} INFO - [2026-03-08T04:47:50.995+0000] {dag.py:3947} INFO - Setting next_dagrun for example_bash_decorator to None, run_after=None
[2026-03-08T04:47:51.146+0000] {processor.py:183} INFO - Processing /home/airflow/.local/lib/python3.12/site-packages/airflow/example_dags/example_bash_decorator.py took 5.221 seconds
[2026-03-08T05:11:43.811+0000] {processor.py:161} INFO - Started process (PID=80) to work on /home/airflow/.local/lib/python3.12/site-packages/airflow/example_dags/example_bash_decorator.py
[2026-03-08T05:11:43.815+0000] {processor.py:830} INFO - Processing file /home/airflow/.local/lib/python3.12/site-packages/airflow/example_dags/example_bash_decorator.py for tasks to queue
[2026-03-08T05:11:43.821+0000] {logging_mixin.py:188} INFO - [2026-03-08T05:11:43.820+0000] {dagbag.py:545} INFO - Filling up the DagBag from /home/airflow/.local/lib/python3.12/site-packages/airflow/example_dags/example_bash_decorator.py
[2026-03-08T05:11:43.873+0000] {processor.py:840} INFO - DAG(s) 'example_bash_decorator' retrieved from /home/airflow/.local/lib/python3.12/site-packages/airflow/example_dags/example_bash_decorator.py
[2026-03-08T05:11:44.195+0000] {logging_mixin.py:188} INFO - [2026-03-08T05:11:44.194+0000] {override.py:1858} INFO - Created Permission View: can delete on DAG:example_bash_decorator
[2026-03-08T05:11:44.213+0000] {logging_mixin.py:188} INFO - [2026-03-08T05:11:44.212+0000] {override.py:1858} INFO - Created Permission View: can edit on DAG:example_bash_decorator
[2026-03-08T05:11:44.232+0000] {logging_mixin.py:188} INFO - [2026-03-08T05:11:44.231+0000] {override.py:1858} INFO - Created Permission View: can read on DAG:example_bash_decorator
[2026-03-08T05:11:44.233+0000] {logging_mixin.py:188} INFO - [2026-03-08T05:11:44.232+0000] {dag.py:3089} INFO - Sync 1 DAGs
[2026-03-08T05:11:44.251+0000] {logging_mixin.py:188} INFO - [2026-03-08T05:11:44.251+0000] {dag.py:3111} INFO - Creating ORM DAG for example_bash_decorator
[2026-03-08T05:11:44.253+0000] {logging_mixin.py:188} INFO - [2026-03-08T05:11:44.253+0000] {dag.py:3947} INFO - Setting next_dagrun for example_bash_decorator to None, run_after=None
[2026-03-08T05:11:44.283+0000] {processor.py:183} INFO - Processing /home/airflow/.local/lib/python3.12/site-packages/airflow/example_dags/example_bash_decorator.py took 0.489 seconds
[2026-03-08T05:12:15.324+0000] {processor.py:161} INFO - Started process (PID=138) to work on /home/airflow/.local/lib/python3.12/site-packages/airflow/example_dags/example_bash_decorator.py
[2026-03-08T05:12:15.330+0000] {processor.py:830} INFO - Processing file /home/airflow/.local/lib/python3.12/site-packages/airflow/example_dags/example_bash_decorator.py for tasks to queue
[2026-03-08T05:12:15.333+0000] {logging_mixin.py:188} INFO - [2026-03-08T05:12:15.332+0000] {dagbag.py:545} INFO - Filling up the DagBag from /home/airflow/.local/lib/python3.12/site-packages/airflow/example_dags/example_bash_decorator.py
[2026-03-08T05:12:15.349+0000] {processor.py:840} INFO - DAG(s) 'example_bash_decorator' retrieved from /home/airflow/.local/lib/python3.12/site-packages/airflow/example_dags/example_bash_decorator.py
[2026-03-08T05:12:15.386+0000] {logging_mixin.py:188} INFO - [2026-03-08T05:12:15.385+0000] {dag.py:3089} INFO - Sync 1 DAGs
[2026-03-08T05:12:15.406+0000] {logging_mixin.py:188} INFO - [2026-03-08T05:12:15.406+0000] {dag.py:3947} INFO - Setting next_dagrun for example_bash_decorator to None, run_after=None
[2026-03-08T05:12:15.442+0000] {processor.py:183} INFO - Processing /home/airflow/.local/lib/python3.12/site-packages/airflow/example_dags/example_bash_decorator.py took 0.126 seconds
[2026-03-08T05:12:46.040+0000] {processor.py:161} INFO - Started process (PID=196) to work on /home/airflow/.local/lib/python3.12/site-packages/airflow/example_dags/example_bash_decorator.py
[2026-03-08T05:12:46.041+0000] {processor.py:830} INFO - Processing file /home/airflow/.local/lib/python3.12/site-packages/airflow/example_dags/example_bash_decorator.py for tasks to queue
[2026-03-08T05:12:46.043+0000] {logging_mixin.py:188} INFO - [2026-03-08T05:12:46.043+0000] {dagbag.py:545} INFO - Filling up the DagBag from /home/airflow/.local/lib/python3.12/site-packages/airflow/example_dags/example_bash_decorator.py
[2026-03-08T05:12:46.059+0000] {processor.py:840} INFO - DAG(s) 'example_bash_decorator' retrieved from /home/airflow/.local/lib/python3.12/site-packages/airflow/example_dags/example_bash_decorator.py
[2026-03-08T05:12:46.087+0000] {logging_mixin.py:188} INFO - [2026-03-08T05:12:46.087+0000] {dag.py:3089} INFO - Sync 1 DAGs
[2026-03-08T05:12:46.103+0000] {logging_mixin.py:188} INFO - [2026-03-08T05:12:46.102+0000] {dag.py:3947} INFO - Setting next_dagrun for example_bash_decorator to None, run_after=None
[2026-03-08T05:12:46.124+0000] {processor.py:183} INFO - Processing /home/airflow/.local/lib/python3.12/site-packages/airflow/example_dags/example_bash_decorator.py took 0.092 seconds
[2026-03-08T05:13:16.475+0000] {processor.py:161} INFO - Started process (PID=254) to work on /home/airflow/.local/lib/python3.12/site-packages/airflow/example_dags/example_bash_decorator.py
[2026-03-08T05:13:16.478+0000] {processor.py:830} INFO - Processing file /home/airflow/.local/lib/python3.12/site-packages/airflow/example_dags/example_bash_decorator.py for tasks to queue
[2026-03-08T05:13:16.483+0000] {logging_mixin.py:188} INFO - [2026-03-08T05:13:16.483+0000] {dagbag.py:545} INFO - Filling up the DagBag from /home/airflow/.local/lib/python3.12/site-packages/airflow/example_dags/example_bash_decorator.py
[2026-03-08T05:13:16.517+0000] {processor.py:840} INFO - DAG(s) 'example_bash_decorator' retrieved from /home/airflow/.local/lib/python3.12/site-packages/airflow/example_dags/example_bash_decorator.py
[2026-03-08T05:13:16.569+0000] {logging_mixin.py:188} INFO - [2026-03-08T05:13:16.568+0000] {dag.py:3089} INFO - Sync 1 DAGs
[2026-03-08T05:13:16.596+0000] {logging_mixin.py:188} INFO - [2026-03-08T05:13:16.595+0000] {dag.py:3947} INFO - Setting next_dagrun for example_bash_decorator to None, run_after=None
[2026-03-08T05:13:16.638+0000] {processor.py:183} INFO - Processing /home/airflow/.local/lib/python3.12/site-packages/airflow/example_dags/example_bash_decorator.py took 0.176 seconds
