[2026-03-08T04:47:41.943+0000] {processor.py:161} INFO - Started process (PID=95) to work on /home/airflow/.local/lib/python3.12/site-packages/airflow/example_dags/example_external_task_marker_dag.py
[2026-03-08T04:47:41.950+0000] {processor.py:830} INFO - Processing file /home/airflow/.local/lib/python3.12/site-packages/airflow/example_dags/example_external_task_marker_dag.py for tasks to queue
[2026-03-08T04:47:41.970+0000] {logging_mixin.py:188} INFO - [2026-03-08T04:47:41.969+0000] {dagbag.py:545} INFO - Filling up the DagBag from /home/airflow/.local/lib/python3.12/site-packages/airflow/example_dags/example_external_task_marker_dag.py
[2026-03-08T04:47:42.011+0000] {processor.py:840} INFO - DAG(s) 'example_external_task_marker_child', 'example_external_task_marker_parent' retrieved from /home/airflow/.local/lib/python3.12/site-packages/airflow/example_dags/example_external_task_marker_dag.py
[2026-03-08T04:47:45.611+0000] {logging_mixin.py:188} INFO - [2026-03-08T04:47:45.610+0000] {dag.py:3089} INFO - Sync 2 DAGs
[2026-03-08T04:47:45.679+0000] {logging_mixin.py:188} INFO - [2026-03-08T04:47:45.678+0000] {dag.py:3947} INFO - Setting next_dagrun for example_external_task_marker_child to None, run_after=None
[2026-03-08T04:47:45.689+0000] {logging_mixin.py:188} INFO - [2026-03-08T04:47:45.689+0000] {dag.py:3947} INFO - Setting next_dagrun for example_external_task_marker_parent to None, run_after=None
[2026-03-08T04:47:45.813+0000] {processor.py:183} INFO - Processing /home/airflow/.local/lib/python3.12/site-packages/airflow/example_dags/example_external_task_marker_dag.py took 3.902 seconds
[2026-03-08T05:11:45.452+0000] {processor.py:161} INFO - Started process (PID=87) to work on /home/airflow/.local/lib/python3.12/site-packages/airflow/example_dags/example_external_task_marker_dag.py
[2026-03-08T05:11:45.456+0000] {processor.py:830} INFO - Processing file /home/airflow/.local/lib/python3.12/site-packages/airflow/example_dags/example_external_task_marker_dag.py for tasks to queue
[2026-03-08T05:11:45.459+0000] {logging_mixin.py:188} INFO - [2026-03-08T05:11:45.458+0000] {dagbag.py:545} INFO - Filling up the DagBag from /home/airflow/.local/lib/python3.12/site-packages/airflow/example_dags/example_external_task_marker_dag.py
[2026-03-08T05:11:45.467+0000] {processor.py:840} INFO - DAG(s) 'example_external_task_marker_parent', 'example_external_task_marker_child' retrieved from /home/airflow/.local/lib/python3.12/site-packages/airflow/example_dags/example_external_task_marker_dag.py
[2026-03-08T05:11:45.719+0000] {logging_mixin.py:188} INFO - [2026-03-08T05:11:45.718+0000] {override.py:1858} INFO - Created Permission View: can delete on DAG:example_external_task_marker_parent
[2026-03-08T05:11:45.743+0000] {logging_mixin.py:188} INFO - [2026-03-08T05:11:45.743+0000] {override.py:1858} INFO - Created Permission View: can edit on DAG:example_external_task_marker_parent
[2026-03-08T05:11:45.761+0000] {logging_mixin.py:188} INFO - [2026-03-08T05:11:45.760+0000] {override.py:1858} INFO - Created Permission View: can read on DAG:example_external_task_marker_parent
[2026-03-08T05:11:45.810+0000] {logging_mixin.py:188} INFO - [2026-03-08T05:11:45.809+0000] {override.py:1858} INFO - Created Permission View: can delete on DAG:example_external_task_marker_child
[2026-03-08T05:11:45.824+0000] {logging_mixin.py:188} INFO - [2026-03-08T05:11:45.824+0000] {override.py:1858} INFO - Created Permission View: can edit on DAG:example_external_task_marker_child
[2026-03-08T05:11:45.838+0000] {logging_mixin.py:188} INFO - [2026-03-08T05:11:45.838+0000] {override.py:1858} INFO - Created Permission View: can read on DAG:example_external_task_marker_child
[2026-03-08T05:11:45.839+0000] {logging_mixin.py:188} INFO - [2026-03-08T05:11:45.839+0000] {dag.py:3089} INFO - Sync 2 DAGs
[2026-03-08T05:11:45.861+0000] {logging_mixin.py:188} INFO - [2026-03-08T05:11:45.860+0000] {dag.py:3111} INFO - Creating ORM DAG for example_external_task_marker_child
[2026-03-08T05:11:45.862+0000] {logging_mixin.py:188} INFO - [2026-03-08T05:11:45.862+0000] {dag.py:3111} INFO - Creating ORM DAG for example_external_task_marker_parent
[2026-03-08T05:11:45.864+0000] {logging_mixin.py:188} INFO - [2026-03-08T05:11:45.864+0000] {dag.py:3947} INFO - Setting next_dagrun for example_external_task_marker_child to None, run_after=None
[2026-03-08T05:11:45.865+0000] {logging_mixin.py:188} INFO - [2026-03-08T05:11:45.865+0000] {dag.py:3947} INFO - Setting next_dagrun for example_external_task_marker_parent to None, run_after=None
[2026-03-08T05:11:45.893+0000] {processor.py:183} INFO - Processing /home/airflow/.local/lib/python3.12/site-packages/airflow/example_dags/example_external_task_marker_dag.py took 0.451 seconds
[2026-03-08T05:12:16.318+0000] {processor.py:161} INFO - Started process (PID=145) to work on /home/airflow/.local/lib/python3.12/site-packages/airflow/example_dags/example_external_task_marker_dag.py
[2026-03-08T05:12:16.320+0000] {processor.py:830} INFO - Processing file /home/airflow/.local/lib/python3.12/site-packages/airflow/example_dags/example_external_task_marker_dag.py for tasks to queue
[2026-03-08T05:12:16.325+0000] {logging_mixin.py:188} INFO - [2026-03-08T05:12:16.324+0000] {dagbag.py:545} INFO - Filling up the DagBag from /home/airflow/.local/lib/python3.12/site-packages/airflow/example_dags/example_external_task_marker_dag.py
[2026-03-08T05:12:16.338+0000] {processor.py:840} INFO - DAG(s) 'example_external_task_marker_child', 'example_external_task_marker_parent' retrieved from /home/airflow/.local/lib/python3.12/site-packages/airflow/example_dags/example_external_task_marker_dag.py
[2026-03-08T05:12:16.392+0000] {logging_mixin.py:188} INFO - [2026-03-08T05:12:16.392+0000] {dag.py:3089} INFO - Sync 2 DAGs
[2026-03-08T05:12:16.426+0000] {logging_mixin.py:188} INFO - [2026-03-08T05:12:16.426+0000] {dag.py:3947} INFO - Setting next_dagrun for example_external_task_marker_child to None, run_after=None
[2026-03-08T05:12:16.437+0000] {logging_mixin.py:188} INFO - [2026-03-08T05:12:16.436+0000] {dag.py:3947} INFO - Setting next_dagrun for example_external_task_marker_parent to None, run_after=None
[2026-03-08T05:12:16.484+0000] {processor.py:183} INFO - Processing /home/airflow/.local/lib/python3.12/site-packages/airflow/example_dags/example_external_task_marker_dag.py took 0.178 seconds
[2026-03-08T05:12:46.630+0000] {processor.py:161} INFO - Started process (PID=203) to work on /home/airflow/.local/lib/python3.12/site-packages/airflow/example_dags/example_external_task_marker_dag.py
[2026-03-08T05:12:46.632+0000] {processor.py:830} INFO - Processing file /home/airflow/.local/lib/python3.12/site-packages/airflow/example_dags/example_external_task_marker_dag.py for tasks to queue
[2026-03-08T05:12:46.635+0000] {logging_mixin.py:188} INFO - [2026-03-08T05:12:46.634+0000] {dagbag.py:545} INFO - Filling up the DagBag from /home/airflow/.local/lib/python3.12/site-packages/airflow/example_dags/example_external_task_marker_dag.py
[2026-03-08T05:12:46.646+0000] {processor.py:840} INFO - DAG(s) 'example_external_task_marker_child', 'example_external_task_marker_parent' retrieved from /home/airflow/.local/lib/python3.12/site-packages/airflow/example_dags/example_external_task_marker_dag.py
[2026-03-08T05:12:46.697+0000] {logging_mixin.py:188} INFO - [2026-03-08T05:12:46.696+0000] {dag.py:3089} INFO - Sync 2 DAGs
[2026-03-08T05:12:46.721+0000] {logging_mixin.py:188} INFO - [2026-03-08T05:12:46.720+0000] {dag.py:3947} INFO - Setting next_dagrun for example_external_task_marker_child to None, run_after=None
[2026-03-08T05:12:46.728+0000] {logging_mixin.py:188} INFO - [2026-03-08T05:12:46.728+0000] {dag.py:3947} INFO - Setting next_dagrun for example_external_task_marker_parent to None, run_after=None
[2026-03-08T05:12:46.758+0000] {processor.py:183} INFO - Processing /home/airflow/.local/lib/python3.12/site-packages/airflow/example_dags/example_external_task_marker_dag.py took 0.140 seconds
[2026-03-08T05:13:17.294+0000] {processor.py:161} INFO - Started process (PID=261) to work on /home/airflow/.local/lib/python3.12/site-packages/airflow/example_dags/example_external_task_marker_dag.py
[2026-03-08T05:13:17.297+0000] {processor.py:830} INFO - Processing file /home/airflow/.local/lib/python3.12/site-packages/airflow/example_dags/example_external_task_marker_dag.py for tasks to queue
[2026-03-08T05:13:17.302+0000] {logging_mixin.py:188} INFO - [2026-03-08T05:13:17.301+0000] {dagbag.py:545} INFO - Filling up the DagBag from /home/airflow/.local/lib/python3.12/site-packages/airflow/example_dags/example_external_task_marker_dag.py
[2026-03-08T05:13:17.313+0000] {processor.py:840} INFO - DAG(s) 'example_external_task_marker_parent', 'example_external_task_marker_child' retrieved from /home/airflow/.local/lib/python3.12/site-packages/airflow/example_dags/example_external_task_marker_dag.py
[2026-03-08T05:13:17.358+0000] {logging_mixin.py:188} INFO - [2026-03-08T05:13:17.358+0000] {dag.py:3089} INFO - Sync 2 DAGs
[2026-03-08T05:13:17.384+0000] {logging_mixin.py:188} INFO - [2026-03-08T05:13:17.384+0000] {dag.py:3947} INFO - Setting next_dagrun for example_external_task_marker_child to None, run_after=None
[2026-03-08T05:13:17.391+0000] {logging_mixin.py:188} INFO - [2026-03-08T05:13:17.391+0000] {dag.py:3947} INFO - Setting next_dagrun for example_external_task_marker_parent to None, run_after=None
[2026-03-08T05:13:17.420+0000] {processor.py:183} INFO - Processing /home/airflow/.local/lib/python3.12/site-packages/airflow/example_dags/example_external_task_marker_dag.py took 0.135 seconds
