[2026-03-08T04:47:46.111+0000] {processor.py:161} INFO - Started process (PID=97) to work on /home/airflow/.local/lib/python3.12/site-packages/airflow/example_dags/example_short_circuit_decorator.py
[2026-03-08T04:47:46.115+0000] {processor.py:830} INFO - Processing file /home/airflow/.local/lib/python3.12/site-packages/airflow/example_dags/example_short_circuit_decorator.py for tasks to queue
[2026-03-08T04:47:46.139+0000] {logging_mixin.py:188} INFO - [2026-03-08T04:47:46.138+0000] {dagbag.py:545} INFO - Filling up the DagBag from /home/airflow/.local/lib/python3.12/site-packages/airflow/example_dags/example_short_circuit_decorator.py
[2026-03-08T04:47:46.205+0000] {processor.py:840} INFO - DAG(s) 'example_short_circuit_decorator' retrieved from /home/airflow/.local/lib/python3.12/site-packages/airflow/example_dags/example_short_circuit_decorator.py
[2026-03-08T04:47:50.959+0000] {logging_mixin.py:188} INFO - [2026-03-08T04:47:50.959+0000] {dag.py:3089} INFO - Sync 1 DAGs
[2026-03-08T04:47:51.057+0000] {logging_mixin.py:188} INFO - [2026-03-08T04:47:51.056+0000] {dag.py:3947} INFO - Setting next_dagrun for example_short_circuit_decorator to 2026-03-07 00:00:00+00:00, run_after=2026-03-08 00:00:00+00:00
[2026-03-08T04:47:51.243+0000] {processor.py:183} INFO - Processing /home/airflow/.local/lib/python3.12/site-packages/airflow/example_dags/example_short_circuit_decorator.py took 5.175 seconds
[2026-03-08T05:11:48.091+0000] {processor.py:161} INFO - Started process (PID=104) to work on /home/airflow/.local/lib/python3.12/site-packages/airflow/example_dags/example_short_circuit_decorator.py
[2026-03-08T05:11:48.092+0000] {processor.py:830} INFO - Processing file /home/airflow/.local/lib/python3.12/site-packages/airflow/example_dags/example_short_circuit_decorator.py for tasks to queue
[2026-03-08T05:11:48.094+0000] {logging_mixin.py:188} INFO - [2026-03-08T05:11:48.094+0000] {dagbag.py:545} INFO - Filling up the DagBag from /home/airflow/.local/lib/python3.12/site-packages/airflow/example_dags/example_short_circuit_decorator.py
[2026-03-08T05:11:48.104+0000] {processor.py:840} INFO - DAG(s) 'example_short_circuit_decorator' retrieved from /home/airflow/.local/lib/python3.12/site-packages/airflow/example_dags/example_short_circuit_decorator.py
[2026-03-08T05:11:48.240+0000] {logging_mixin.py:188} INFO - [2026-03-08T05:11:48.239+0000] {override.py:1858} INFO - Created Permission View: can delete on DAG:example_short_circuit_decorator
[2026-03-08T05:11:48.256+0000] {logging_mixin.py:188} INFO - [2026-03-08T05:11:48.255+0000] {override.py:1858} INFO - Created Permission View: can edit on DAG:example_short_circuit_decorator
[2026-03-08T05:11:48.264+0000] {logging_mixin.py:188} INFO - [2026-03-08T05:11:48.264+0000] {override.py:1858} INFO - Created Permission View: can read on DAG:example_short_circuit_decorator
[2026-03-08T05:11:48.265+0000] {logging_mixin.py:188} INFO - [2026-03-08T05:11:48.265+0000] {dag.py:3089} INFO - Sync 1 DAGs
[2026-03-08T05:11:48.288+0000] {logging_mixin.py:188} INFO - [2026-03-08T05:11:48.287+0000] {dag.py:3111} INFO - Creating ORM DAG for example_short_circuit_decorator
[2026-03-08T05:11:48.306+0000] {logging_mixin.py:188} INFO - [2026-03-08T05:11:48.306+0000] {dag.py:3947} INFO - Setting next_dagrun for example_short_circuit_decorator to 2026-03-07 00:00:00+00:00, run_after=2026-03-08 00:00:00+00:00
[2026-03-08T05:11:48.333+0000] {processor.py:183} INFO - Processing /home/airflow/.local/lib/python3.12/site-packages/airflow/example_dags/example_short_circuit_decorator.py took 0.249 seconds
[2026-03-08T05:12:18.500+0000] {processor.py:161} INFO - Started process (PID=161) to work on /home/airflow/.local/lib/python3.12/site-packages/airflow/example_dags/example_short_circuit_decorator.py
[2026-03-08T05:12:18.503+0000] {processor.py:830} INFO - Processing file /home/airflow/.local/lib/python3.12/site-packages/airflow/example_dags/example_short_circuit_decorator.py for tasks to queue
[2026-03-08T05:12:18.506+0000] {logging_mixin.py:188} INFO - [2026-03-08T05:12:18.505+0000] {dagbag.py:545} INFO - Filling up the DagBag from /home/airflow/.local/lib/python3.12/site-packages/airflow/example_dags/example_short_circuit_decorator.py
[2026-03-08T05:12:18.518+0000] {processor.py:840} INFO - DAG(s) 'example_short_circuit_decorator' retrieved from /home/airflow/.local/lib/python3.12/site-packages/airflow/example_dags/example_short_circuit_decorator.py
[2026-03-08T05:12:18.550+0000] {logging_mixin.py:188} INFO - [2026-03-08T05:12:18.550+0000] {dag.py:3089} INFO - Sync 1 DAGs
[2026-03-08T05:12:18.587+0000] {logging_mixin.py:188} INFO - [2026-03-08T05:12:18.587+0000] {dag.py:3947} INFO - Setting next_dagrun for example_short_circuit_decorator to 2026-03-07 00:00:00+00:00, run_after=2026-03-08 00:00:00+00:00
[2026-03-08T05:12:18.617+0000] {processor.py:183} INFO - Processing /home/airflow/.local/lib/python3.12/site-packages/airflow/example_dags/example_short_circuit_decorator.py took 0.126 seconds
[2026-03-08T05:12:49.549+0000] {processor.py:161} INFO - Started process (PID=220) to work on /home/airflow/.local/lib/python3.12/site-packages/airflow/example_dags/example_short_circuit_decorator.py
[2026-03-08T05:12:49.552+0000] {processor.py:830} INFO - Processing file /home/airflow/.local/lib/python3.12/site-packages/airflow/example_dags/example_short_circuit_decorator.py for tasks to queue
[2026-03-08T05:12:49.556+0000] {logging_mixin.py:188} INFO - [2026-03-08T05:12:49.555+0000] {dagbag.py:545} INFO - Filling up the DagBag from /home/airflow/.local/lib/python3.12/site-packages/airflow/example_dags/example_short_circuit_decorator.py
[2026-03-08T05:12:49.574+0000] {processor.py:840} INFO - DAG(s) 'example_short_circuit_decorator' retrieved from /home/airflow/.local/lib/python3.12/site-packages/airflow/example_dags/example_short_circuit_decorator.py
[2026-03-08T05:12:49.628+0000] {logging_mixin.py:188} INFO - [2026-03-08T05:12:49.627+0000] {dag.py:3089} INFO - Sync 1 DAGs
[2026-03-08T05:12:49.681+0000] {logging_mixin.py:188} INFO - [2026-03-08T05:12:49.680+0000] {dag.py:3947} INFO - Setting next_dagrun for example_short_circuit_decorator to 2026-03-07 00:00:00+00:00, run_after=2026-03-08 00:00:00+00:00
[2026-03-08T05:12:49.719+0000] {processor.py:183} INFO - Processing /home/airflow/.local/lib/python3.12/site-packages/airflow/example_dags/example_short_circuit_decorator.py took 0.189 seconds
[2026-03-08T05:13:19.827+0000] {processor.py:161} INFO - Started process (PID=278) to work on /home/airflow/.local/lib/python3.12/site-packages/airflow/example_dags/example_short_circuit_decorator.py
[2026-03-08T05:13:19.830+0000] {processor.py:830} INFO - Processing file /home/airflow/.local/lib/python3.12/site-packages/airflow/example_dags/example_short_circuit_decorator.py for tasks to queue
[2026-03-08T05:13:19.835+0000] {logging_mixin.py:188} INFO - [2026-03-08T05:13:19.834+0000] {dagbag.py:545} INFO - Filling up the DagBag from /home/airflow/.local/lib/python3.12/site-packages/airflow/example_dags/example_short_circuit_decorator.py
[2026-03-08T05:13:19.855+0000] {processor.py:840} INFO - DAG(s) 'example_short_circuit_decorator' retrieved from /home/airflow/.local/lib/python3.12/site-packages/airflow/example_dags/example_short_circuit_decorator.py
[2026-03-08T05:13:19.905+0000] {logging_mixin.py:188} INFO - [2026-03-08T05:13:19.905+0000] {dag.py:3089} INFO - Sync 1 DAGs
[2026-03-08T05:13:19.960+0000] {logging_mixin.py:188} INFO - [2026-03-08T05:13:19.959+0000] {dag.py:3947} INFO - Setting next_dagrun for example_short_circuit_decorator to 2026-03-07 00:00:00+00:00, run_after=2026-03-08 00:00:00+00:00
[2026-03-08T05:13:19.998+0000] {processor.py:183} INFO - Processing /home/airflow/.local/lib/python3.12/site-packages/airflow/example_dags/example_short_circuit_decorator.py took 0.180 seconds
