[2026-03-08T04:47:37.483+0000] {processor.py:161} INFO - Started process (PID=90) to work on /home/airflow/.local/lib/python3.12/site-packages/airflow/example_dags/tutorial_objectstorage.py
[2026-03-08T04:47:37.485+0000] {processor.py:830} INFO - Processing file /home/airflow/.local/lib/python3.12/site-packages/airflow/example_dags/tutorial_objectstorage.py for tasks to queue
[2026-03-08T04:47:37.489+0000] {logging_mixin.py:188} INFO - [2026-03-08T04:47:37.488+0000] {dagbag.py:545} INFO - Filling up the DagBag from /home/airflow/.local/lib/python3.12/site-packages/airflow/example_dags/tutorial_objectstorage.py
[2026-03-08T04:47:37.510+0000] {processor.py:840} INFO - DAG(s) 'tutorial_objectstorage' retrieved from /home/airflow/.local/lib/python3.12/site-packages/airflow/example_dags/tutorial_objectstorage.py
[2026-03-08T04:47:38.521+0000] {logging_mixin.py:188} INFO - [2026-03-08T04:47:38.520+0000] {dag.py:3089} INFO - Sync 1 DAGs
[2026-03-08T04:47:38.599+0000] {logging_mixin.py:188} INFO - [2026-03-08T04:47:38.598+0000] {dag.py:3947} INFO - Setting next_dagrun for tutorial_objectstorage to None, run_after=None
[2026-03-08T04:47:38.681+0000] {processor.py:183} INFO - Processing /home/airflow/.local/lib/python3.12/site-packages/airflow/example_dags/tutorial_objectstorage.py took 1.212 seconds
[2026-03-08T05:11:48.567+0000] {processor.py:161} INFO - Started process (PID=105) to work on /home/airflow/.local/lib/python3.12/site-packages/airflow/example_dags/tutorial_objectstorage.py
[2026-03-08T05:11:48.569+0000] {processor.py:830} INFO - Processing file /home/airflow/.local/lib/python3.12/site-packages/airflow/example_dags/tutorial_objectstorage.py for tasks to queue
[2026-03-08T05:11:48.571+0000] {logging_mixin.py:188} INFO - [2026-03-08T05:11:48.571+0000] {dagbag.py:545} INFO - Filling up the DagBag from /home/airflow/.local/lib/python3.12/site-packages/airflow/example_dags/tutorial_objectstorage.py
[2026-03-08T05:11:48.582+0000] {processor.py:840} INFO - DAG(s) 'tutorial_objectstorage' retrieved from /home/airflow/.local/lib/python3.12/site-packages/airflow/example_dags/tutorial_objectstorage.py
[2026-03-08T05:11:48.701+0000] {logging_mixin.py:188} INFO - [2026-03-08T05:11:48.700+0000] {override.py:1858} INFO - Created Permission View: can delete on DAG:tutorial_objectstorage
[2026-03-08T05:11:48.712+0000] {logging_mixin.py:188} INFO - [2026-03-08T05:11:48.712+0000] {override.py:1858} INFO - Created Permission View: can edit on DAG:tutorial_objectstorage
[2026-03-08T05:11:48.719+0000] {logging_mixin.py:188} INFO - [2026-03-08T05:11:48.718+0000] {override.py:1858} INFO - Created Permission View: can read on DAG:tutorial_objectstorage
[2026-03-08T05:11:48.720+0000] {logging_mixin.py:188} INFO - [2026-03-08T05:11:48.720+0000] {dag.py:3089} INFO - Sync 1 DAGs
[2026-03-08T05:11:48.733+0000] {logging_mixin.py:188} INFO - [2026-03-08T05:11:48.732+0000] {dag.py:3111} INFO - Creating ORM DAG for tutorial_objectstorage
[2026-03-08T05:11:48.734+0000] {logging_mixin.py:188} INFO - [2026-03-08T05:11:48.734+0000] {dag.py:3947} INFO - Setting next_dagrun for tutorial_objectstorage to None, run_after=None
[2026-03-08T05:11:48.753+0000] {processor.py:183} INFO - Processing /home/airflow/.local/lib/python3.12/site-packages/airflow/example_dags/tutorial_objectstorage.py took 0.194 seconds
[2026-03-08T05:12:19.684+0000] {processor.py:161} INFO - Started process (PID=163) to work on /home/airflow/.local/lib/python3.12/site-packages/airflow/example_dags/tutorial_objectstorage.py
[2026-03-08T05:12:19.686+0000] {processor.py:830} INFO - Processing file /home/airflow/.local/lib/python3.12/site-packages/airflow/example_dags/tutorial_objectstorage.py for tasks to queue
[2026-03-08T05:12:19.688+0000] {logging_mixin.py:188} INFO - [2026-03-08T05:12:19.688+0000] {dagbag.py:545} INFO - Filling up the DagBag from /home/airflow/.local/lib/python3.12/site-packages/airflow/example_dags/tutorial_objectstorage.py
[2026-03-08T05:12:19.701+0000] {processor.py:840} INFO - DAG(s) 'tutorial_objectstorage' retrieved from /home/airflow/.local/lib/python3.12/site-packages/airflow/example_dags/tutorial_objectstorage.py
[2026-03-08T05:12:19.733+0000] {logging_mixin.py:188} INFO - [2026-03-08T05:12:19.732+0000] {dag.py:3089} INFO - Sync 1 DAGs
[2026-03-08T05:12:19.756+0000] {logging_mixin.py:188} INFO - [2026-03-08T05:12:19.756+0000] {dag.py:3947} INFO - Setting next_dagrun for tutorial_objectstorage to None, run_after=None
[2026-03-08T05:12:19.793+0000] {processor.py:183} INFO - Processing /home/airflow/.local/lib/python3.12/site-packages/airflow/example_dags/tutorial_objectstorage.py took 0.118 seconds
[2026-03-08T05:12:50.565+0000] {processor.py:161} INFO - Started process (PID=221) to work on /home/airflow/.local/lib/python3.12/site-packages/airflow/example_dags/tutorial_objectstorage.py
[2026-03-08T05:12:50.567+0000] {processor.py:830} INFO - Processing file /home/airflow/.local/lib/python3.12/site-packages/airflow/example_dags/tutorial_objectstorage.py for tasks to queue
[2026-03-08T05:12:50.570+0000] {logging_mixin.py:188} INFO - [2026-03-08T05:12:50.569+0000] {dagbag.py:545} INFO - Filling up the DagBag from /home/airflow/.local/lib/python3.12/site-packages/airflow/example_dags/tutorial_objectstorage.py
[2026-03-08T05:12:50.584+0000] {processor.py:840} INFO - DAG(s) 'tutorial_objectstorage' retrieved from /home/airflow/.local/lib/python3.12/site-packages/airflow/example_dags/tutorial_objectstorage.py
[2026-03-08T05:12:50.617+0000] {logging_mixin.py:188} INFO - [2026-03-08T05:12:50.617+0000] {dag.py:3089} INFO - Sync 1 DAGs
[2026-03-08T05:12:50.647+0000] {logging_mixin.py:188} INFO - [2026-03-08T05:12:50.647+0000] {dag.py:3947} INFO - Setting next_dagrun for tutorial_objectstorage to None, run_after=None
[2026-03-08T05:12:50.693+0000] {processor.py:183} INFO - Processing /home/airflow/.local/lib/python3.12/site-packages/airflow/example_dags/tutorial_objectstorage.py took 0.137 seconds
[2026-03-08T05:13:21.042+0000] {processor.py:161} INFO - Started process (PID=279) to work on /home/airflow/.local/lib/python3.12/site-packages/airflow/example_dags/tutorial_objectstorage.py
[2026-03-08T05:13:21.043+0000] {processor.py:830} INFO - Processing file /home/airflow/.local/lib/python3.12/site-packages/airflow/example_dags/tutorial_objectstorage.py for tasks to queue
[2026-03-08T05:13:21.045+0000] {logging_mixin.py:188} INFO - [2026-03-08T05:13:21.044+0000] {dagbag.py:545} INFO - Filling up the DagBag from /home/airflow/.local/lib/python3.12/site-packages/airflow/example_dags/tutorial_objectstorage.py
[2026-03-08T05:13:21.054+0000] {processor.py:840} INFO - DAG(s) 'tutorial_objectstorage' retrieved from /home/airflow/.local/lib/python3.12/site-packages/airflow/example_dags/tutorial_objectstorage.py
[2026-03-08T05:13:21.080+0000] {logging_mixin.py:188} INFO - [2026-03-08T05:13:21.080+0000] {dag.py:3089} INFO - Sync 1 DAGs
[2026-03-08T05:13:21.096+0000] {logging_mixin.py:188} INFO - [2026-03-08T05:13:21.096+0000] {dag.py:3947} INFO - Setting next_dagrun for tutorial_objectstorage to None, run_after=None
[2026-03-08T05:13:21.134+0000] {processor.py:183} INFO - Processing /home/airflow/.local/lib/python3.12/site-packages/airflow/example_dags/tutorial_objectstorage.py took 0.100 seconds
