[2026-03-08T05:50:24.838+0000] {local_task_job_runner.py:120} INFO - ::group::Pre task execution logs
[2026-03-08T05:50:24.866+0000] {taskinstance.py:2076} INFO - Dependencies all met for dep_context=non-requeueable deps ti=<TaskInstance: run_glue_job_dag.run_glue_job manual__2026-03-08T05:50:19.870357+00:00 [queued]>
[2026-03-08T05:50:24.885+0000] {taskinstance.py:2076} INFO - Dependencies all met for dep_context=requeueable deps ti=<TaskInstance: run_glue_job_dag.run_glue_job manual__2026-03-08T05:50:19.870357+00:00 [queued]>
[2026-03-08T05:50:24.887+0000] {taskinstance.py:2306} INFO - Starting attempt 1 of 1
[2026-03-08T05:50:24.909+0000] {taskinstance.py:2330} INFO - Executing <Task(GlueJobOperator): run_glue_job> on 2026-03-08 05:50:19.870357+00:00
[2026-03-08T05:50:24.925+0000] {warnings.py:112} WARNING - /home/***/.local/lib/python3.12/site-packages/***/task/task_runner/standard_task_runner.py:62: DeprecationWarning: This process (pid=88) is multi-threaded, use of fork() may lead to deadlocks in the child.
  pid = os.fork()

[2026-03-08T05:50:24.927+0000] {standard_task_runner.py:64} INFO - Started process 89 to run task
[2026-03-08T05:50:24.927+0000] {standard_task_runner.py:90} INFO - Running: ['***', 'tasks', 'run', 'run_glue_job_dag', 'run_glue_job', 'manual__2026-03-08T05:50:19.870357+00:00', '--job-id', '52', '--raw', '--subdir', 'DAGS_FOLDER/gule_dag.py', '--cfg-path', '/tmp/tmpt4jpvhe5']
[2026-03-08T05:50:24.929+0000] {standard_task_runner.py:91} INFO - Job 52: Subtask run_glue_job
[2026-03-08T05:50:25.013+0000] {task_command.py:426} INFO - Running <TaskInstance: run_glue_job_dag.run_glue_job manual__2026-03-08T05:50:19.870357+00:00 [running]> on host 7029a760ead2
[2026-03-08T05:50:25.305+0000] {taskinstance.py:2648} INFO - Exporting env vars: AIRFLOW_CTX_DAG_OWNER='***' AIRFLOW_CTX_DAG_ID='run_glue_job_dag' AIRFLOW_CTX_TASK_ID='run_glue_job' AIRFLOW_CTX_EXECUTION_DATE='2026-03-08T05:50:19.870357+00:00' AIRFLOW_CTX_TRY_NUMBER='1' AIRFLOW_CTX_DAG_RUN_ID='manual__2026-03-08T05:50:19.870357+00:00'
[2026-03-08T05:50:25.312+0000] {taskinstance.py:430} INFO - ::endgroup::
[2026-03-08T05:50:25.416+0000] {glue.py:186} INFO - Initializing AWS Glue Job: my-glue-job. Wait for completion: True
[2026-03-08T05:50:25.422+0000] {glue.py:365} INFO - Checking if job already exists: my-glue-job
[2026-03-08T05:50:25.462+0000] {base_aws.py:587} WARNING - Unable to find AWS Connection ID 'aws_default', switching to empty.
[2026-03-08T05:50:25.467+0000] {base_aws.py:164} INFO - No connection ID provided. Fallback on boto3 credential strategy (region_name='us-east-1'). See: https://boto3.amazonaws.com/v1/documentation/api/latest/guide/configuration.html
[2026-03-08T05:50:26.524+0000] {credentials.py:1147} INFO - Found credentials in environment variables.
[2026-03-08T05:50:28.362+0000] {base_aws.py:164} INFO - No connection ID provided. Fallback on boto3 credential strategy (region_name='us-east-1'). See: https://boto3.amazonaws.com/v1/documentation/api/latest/guide/configuration.html
[2026-03-08T05:50:28.381+0000] {credentials.py:1147} INFO - Found credentials in environment variables.
[2026-03-08T05:50:28.639+0000] {glue.py:166} ERROR - Failed to create aws glue job, error: Parameter validation failed:
Invalid type for parameter RoleName, value: None, type: <class 'NoneType'>, valid types: <class 'str'>
[2026-03-08T05:50:28.641+0000] {glue.py:191} ERROR - Failed to run aws glue job, error: Parameter validation failed:
Invalid type for parameter RoleName, value: None, type: <class 'NoneType'>, valid types: <class 'str'>
[2026-03-08T05:50:28.642+0000] {taskinstance.py:441} INFO - ::group::Post task execution logs
[2026-03-08T05:50:28.643+0000] {taskinstance.py:2905} ERROR - Task failed with exception
Traceback (most recent call last):
  File "/home/airflow/.local/lib/python3.12/site-packages/airflow/models/taskinstance.py", line 465, in _execute_task
    result = _execute_callable(context=context, **execute_callable_kwargs)
             ^^^^^^^^^^^^^^^^^^^^^^^^^^^^^^^^^^^^^^^^^^^^^^^^^^^^^^^^^^^^^
  File "/home/airflow/.local/lib/python3.12/site-packages/airflow/models/taskinstance.py", line 432, in _execute_callable
    return execute_callable(context=context, **execute_callable_kwargs)
           ^^^^^^^^^^^^^^^^^^^^^^^^^^^^^^^^^^^^^^^^^^^^^^^^^^^^^^^^^^^^
  File "/home/airflow/.local/lib/python3.12/site-packages/airflow/models/baseoperator.py", line 401, in wrapper
    return func(self, *args, **kwargs)
           ^^^^^^^^^^^^^^^^^^^^^^^^^^^
  File "/home/airflow/.local/lib/python3.12/site-packages/airflow/providers/amazon/aws/operators/glue.py", line 191, in execute
    glue_job_run = self.glue_job_hook.initialize_job(self.script_args, self.run_job_kwargs)
                   ^^^^^^^^^^^^^^^^^^^^^^^^^^^^^^^^^^^^^^^^^^^^^^^^^^^^^^^^^^^^^^^^^^^^^^^^
  File "/home/airflow/.local/lib/python3.12/site-packages/airflow/providers/amazon/aws/hooks/glue.py", line 187, in initialize_job
    job_name = self.get_or_create_glue_job()
               ^^^^^^^^^^^^^^^^^^^^^^^^^^^^^
  File "/home/airflow/.local/lib/python3.12/site-packages/airflow/providers/amazon/aws/hooks/glue.py", line 409, in get_or_create_glue_job
    config = self.create_glue_job_config()
             ^^^^^^^^^^^^^^^^^^^^^^^^^^^^^
  File "/home/airflow/.local/lib/python3.12/site-packages/airflow/providers/amazon/aws/hooks/glue.py", line 125, in create_glue_job_config
    execution_role = self.get_iam_execution_role()
                     ^^^^^^^^^^^^^^^^^^^^^^^^^^^^^
  File "/home/airflow/.local/lib/python3.12/site-packages/airflow/providers/amazon/aws/hooks/glue.py", line 162, in get_iam_execution_role
    glue_execution_role = iam_client.get_role(RoleName=self.role_name)
                          ^^^^^^^^^^^^^^^^^^^^^^^^^^^^^^^^^^^^^^^^^^^^
  File "/home/airflow/.local/lib/python3.12/site-packages/botocore/client.py", line 565, in _api_call
    return self._make_api_call(operation_name, kwargs)
           ^^^^^^^^^^^^^^^^^^^^^^^^^^^^^^^^^^^^^^^^^^^
  File "/home/airflow/.local/lib/python3.12/site-packages/botocore/client.py", line 974, in _make_api_call
    request_dict = self._convert_to_request_dict(
                   ^^^^^^^^^^^^^^^^^^^^^^^^^^^^^^
  File "/home/airflow/.local/lib/python3.12/site-packages/botocore/client.py", line 1048, in _convert_to_request_dict
    request_dict = self._serializer.serialize_to_request(
                   ^^^^^^^^^^^^^^^^^^^^^^^^^^^^^^^^^^^^^^
  File "/home/airflow/.local/lib/python3.12/site-packages/botocore/validate.py", line 381, in serialize_to_request
    raise ParamValidationError(report=report.generate_report())
botocore.exceptions.ParamValidationError: Parameter validation failed:
Invalid type for parameter RoleName, value: None, type: <class 'NoneType'>, valid types: <class 'str'>
[2026-03-08T05:50:28.679+0000] {taskinstance.py:1206} INFO - Marking task as FAILED. dag_id=run_glue_job_dag, task_id=run_glue_job, run_id=manual__2026-03-08T05:50:19.870357+00:00, execution_date=20260308T055019, start_date=20260308T055024, end_date=20260308T055028
[2026-03-08T05:50:28.722+0000] {standard_task_runner.py:110} ERROR - Failed to execute job 52 for task run_glue_job (Parameter validation failed:
Invalid type for parameter RoleName, value: None, type: <class 'NoneType'>, valid types: <class 'str'>; 89)
[2026-03-08T05:50:28.763+0000] {local_task_job_runner.py:243} INFO - Task exited with return code 1
[2026-03-08T05:50:28.795+0000] {taskinstance.py:3503} INFO - 0 downstream tasks scheduled from follow-on schedule check
[2026-03-08T05:50:28.802+0000] {local_task_job_runner.py:222} INFO - ::endgroup::
