[2026-03-11T05:10:03.385+0000] {local_task_job_runner.py:120} INFO - ::group::Pre task execution logs
[2026-03-11T05:10:03.454+0000] {taskinstance.py:2076} INFO - Dependencies all met for dep_context=non-requeueable deps ti=<TaskInstance: This_sample_dag.b manual__2026-03-11T05:09:39.675500+00:00 [queued]>
[2026-03-11T05:10:03.473+0000] {taskinstance.py:2076} INFO - Dependencies all met for dep_context=requeueable deps ti=<TaskInstance: This_sample_dag.b manual__2026-03-11T05:09:39.675500+00:00 [queued]>
[2026-03-11T05:10:03.474+0000] {taskinstance.py:2306} INFO - Starting attempt 1 of 1
[2026-03-11T05:10:03.502+0000] {taskinstance.py:2330} INFO - Executing <Task(PythonOperator): b> on 2026-03-11 05:09:39.675500+00:00
[2026-03-11T05:10:03.514+0000] {warnings.py:112} WARNING - /home/***/.local/lib/python3.12/site-packages/***/task/task_runner/standard_task_runner.py:62: DeprecationWarning: This process (pid=1653) is multi-threaded, use of fork() may lead to deadlocks in the child.
  pid = os.fork()

[2026-03-11T05:10:03.525+0000] {standard_task_runner.py:64} INFO - Started process 1663 to run task
[2026-03-11T05:10:03.528+0000] {standard_task_runner.py:90} INFO - Running: ['***', 'tasks', 'run', 'This_sample_dag', 'b', 'manual__2026-03-11T05:09:39.675500+00:00', '--job-id', '98', '--raw', '--subdir', 'DAGS_FOLDER/sample_dag.py', '--cfg-path', '/tmp/tmp4pi413_u']
[2026-03-11T05:10:03.530+0000] {standard_task_runner.py:91} INFO - Job 98: Subtask b
[2026-03-11T05:10:03.725+0000] {task_command.py:426} INFO - Running <TaskInstance: This_sample_dag.b manual__2026-03-11T05:09:39.675500+00:00 [running]> on host e78df3d27940
[2026-03-11T05:10:06.816+0000] {taskinstance.py:2648} INFO - Exporting env vars: AIRFLOW_CTX_DAG_OWNER='***' AIRFLOW_CTX_DAG_ID='This_sample_dag' AIRFLOW_CTX_TASK_ID='b' AIRFLOW_CTX_EXECUTION_DATE='2026-03-11T05:09:39.675500+00:00' AIRFLOW_CTX_TRY_NUMBER='1' AIRFLOW_CTX_DAG_RUN_ID='manual__2026-03-11T05:09:39.675500+00:00'
[2026-03-11T05:10:06.819+0000] {taskinstance.py:430} INFO - ::endgroup::
[2026-03-11T05:10:21.914+0000] {logging_mixin.py:188} INFO - Hello World from Apache Airflow!
[2026-03-11T05:10:21.914+0000] {python.py:237} INFO - Done. Returned value was: None
[2026-03-11T05:10:21.915+0000] {taskinstance.py:441} INFO - ::group::Post task execution logs
[2026-03-11T05:10:21.925+0000] {taskinstance.py:1206} INFO - Marking task as SUCCESS. dag_id=This_sample_dag, task_id=b, run_id=manual__2026-03-11T05:09:39.675500+00:00, execution_date=20260311T050939, start_date=20260311T051003, end_date=20260311T051021
[2026-03-11T05:10:21.978+0000] {local_task_job_runner.py:243} INFO - Task exited with return code 0
[2026-03-11T05:10:22.008+0000] {taskinstance.py:3503} INFO - 2 downstream tasks scheduled from follow-on schedule check
[2026-03-11T05:10:22.012+0000] {local_task_job_runner.py:222} INFO - ::endgroup::
