[2026-03-10T04:33:53.832+0000] {local_task_job_runner.py:120} INFO - ::group::Pre task execution logs
[2026-03-10T04:33:53.855+0000] {taskinstance.py:2076} INFO - Dependencies all met for dep_context=non-requeueable deps ti=<TaskInstance: run_glue_job_dag.run_glue_job manual__2026-03-10T04:33:51.549751+00:00 [queued]>
[2026-03-10T04:33:53.865+0000] {taskinstance.py:2076} INFO - Dependencies all met for dep_context=requeueable deps ti=<TaskInstance: run_glue_job_dag.run_glue_job manual__2026-03-10T04:33:51.549751+00:00 [queued]>
[2026-03-10T04:33:53.867+0000] {taskinstance.py:2306} INFO - Starting attempt 1 of 1
[2026-03-10T04:33:53.883+0000] {taskinstance.py:2330} INFO - Executing <Task(GlueJobOperator): run_glue_job> on 2026-03-10 04:33:51.549751+00:00
[2026-03-10T04:33:53.896+0000] {warnings.py:112} WARNING - /home/***/.local/lib/python3.12/site-packages/***/task/task_runner/standard_task_runner.py:62: DeprecationWarning: This process (pid=118) is multi-threaded, use of fork() may lead to deadlocks in the child.
  pid = os.fork()

[2026-03-10T04:33:53.898+0000] {standard_task_runner.py:64} INFO - Started process 119 to run task
[2026-03-10T04:33:53.897+0000] {standard_task_runner.py:90} INFO - Running: ['***', 'tasks', 'run', 'run_glue_job_dag', 'run_glue_job', 'manual__2026-03-10T04:33:51.549751+00:00', '--job-id', '65', '--raw', '--subdir', 'DAGS_FOLDER/gule_dag.py', '--cfg-path', '/tmp/tmpzun85lk1']
[2026-03-10T04:33:53.898+0000] {standard_task_runner.py:91} INFO - Job 65: Subtask run_glue_job
[2026-03-10T04:33:54.010+0000] {task_command.py:426} INFO - Running <TaskInstance: run_glue_job_dag.run_glue_job manual__2026-03-10T04:33:51.549751+00:00 [running]> on host 463a7769dc2e
[2026-03-10T04:33:54.216+0000] {taskinstance.py:2648} INFO - Exporting env vars: AIRFLOW_CTX_DAG_OWNER='***' AIRFLOW_CTX_DAG_ID='run_glue_job_dag' AIRFLOW_CTX_TASK_ID='run_glue_job' AIRFLOW_CTX_EXECUTION_DATE='2026-03-10T04:33:51.549751+00:00' AIRFLOW_CTX_TRY_NUMBER='1' AIRFLOW_CTX_DAG_RUN_ID='manual__2026-03-10T04:33:51.549751+00:00'
[2026-03-10T04:33:54.219+0000] {taskinstance.py:430} INFO - ::endgroup::
[2026-03-10T04:33:54.288+0000] {glue.py:186} INFO - Initializing AWS Glue Job: gittest. Wait for completion: True
[2026-03-10T04:33:54.290+0000] {glue.py:365} INFO - Checking if job already exists: gittest
[2026-03-10T04:33:54.310+0000] {base_aws.py:587} WARNING - Unable to find AWS Connection ID 'aws_default', switching to empty.
[2026-03-10T04:33:54.311+0000] {base_aws.py:164} INFO - No connection ID provided. Fallback on boto3 credential strategy (region_name='us-east-1'). See: https://boto3.amazonaws.com/v1/documentation/api/latest/guide/configuration.html
[2026-03-10T04:33:54.714+0000] {credentials.py:1147} INFO - Found credentials in environment variables.
[2026-03-10T04:33:56.104+0000] {glue.py:207} INFO - You can monitor this Glue Job run at: https://console.aws.amazon.com/gluestudio/home?region=us-east-1#/job/gittest/run/jr_2017d34d5f964c57921e82c7193ec6ea2720f22735fd7593811b332fe2f57b16
[2026-03-10T04:33:56.398+0000] {glue.py:348} INFO - Polling for AWS Glue Job gittest current run state with status RUNNING
[2026-03-10T04:34:02.694+0000] {glue.py:348} INFO - Polling for AWS Glue Job gittest current run state with status RUNNING
[2026-03-10T04:34:08.991+0000] {glue.py:348} INFO - Polling for AWS Glue Job gittest current run state with status RUNNING
[2026-03-10T04:34:15.303+0000] {glue.py:348} INFO - Polling for AWS Glue Job gittest current run state with status RUNNING
[2026-03-10T04:34:21.621+0000] {glue.py:348} INFO - Polling for AWS Glue Job gittest current run state with status RUNNING
[2026-03-10T04:34:27.912+0000] {glue.py:348} INFO - Polling for AWS Glue Job gittest current run state with status RUNNING
[2026-03-10T04:34:34.240+0000] {glue.py:348} INFO - Polling for AWS Glue Job gittest current run state with status RUNNING
[2026-03-10T04:34:40.527+0000] {glue.py:348} INFO - Polling for AWS Glue Job gittest current run state with status RUNNING
[2026-03-10T04:34:46.850+0000] {glue.py:348} INFO - Polling for AWS Glue Job gittest current run state with status RUNNING
[2026-03-10T04:34:53.169+0000] {glue.py:348} INFO - Polling for AWS Glue Job gittest current run state with status RUNNING
[2026-03-10T04:34:59.469+0000] {glue.py:348} INFO - Polling for AWS Glue Job gittest current run state with status RUNNING
[2026-03-10T04:35:05.774+0000] {glue.py:348} INFO - Polling for AWS Glue Job gittest current run state with status RUNNING
[2026-03-10T04:35:12.067+0000] {glue.py:348} INFO - Polling for AWS Glue Job gittest current run state with status RUNNING
[2026-03-10T04:35:18.370+0000] {glue.py:348} INFO - Polling for AWS Glue Job gittest current run state with status RUNNING
[2026-03-10T04:35:24.688+0000] {glue.py:348} INFO - Polling for AWS Glue Job gittest current run state with status RUNNING
[2026-03-10T04:35:30.991+0000] {glue.py:348} INFO - Polling for AWS Glue Job gittest current run state with status RUNNING
[2026-03-10T04:35:37.303+0000] {glue.py:348} INFO - Polling for AWS Glue Job gittest current run state with status RUNNING
[2026-03-10T04:35:43.592+0000] {glue.py:341} INFO - Exiting Job jr_2017d34d5f964c57921e82c7193ec6ea2720f22735fd7593811b332fe2f57b16 Run State: SUCCEEDED
[2026-03-10T04:35:43.593+0000] {glue.py:222} INFO - AWS Glue Job: gittest status: SUCCEEDED. Run Id: jr_2017d34d5f964c57921e82c7193ec6ea2720f22735fd7593811b332fe2f57b16
[2026-03-10T04:35:43.593+0000] {taskinstance.py:441} INFO - ::group::Post task execution logs
[2026-03-10T04:35:43.614+0000] {taskinstance.py:1206} INFO - Marking task as SUCCESS. dag_id=run_glue_job_dag, task_id=run_glue_job, run_id=manual__2026-03-10T04:33:51.549751+00:00, execution_date=20260310T043351, start_date=20260310T043353, end_date=20260310T043543
[2026-03-10T04:35:43.674+0000] {local_task_job_runner.py:243} INFO - Task exited with return code 0
[2026-03-10T04:35:43.699+0000] {taskinstance.py:3503} INFO - 0 downstream tasks scheduled from follow-on schedule check
[2026-03-10T04:35:43.701+0000] {local_task_job_runner.py:222} INFO - ::endgroup::
