[2026-03-11T04:31:32.925+0000] {local_task_job_runner.py:120} INFO - ::group::Pre task execution logs
[2026-03-11T04:31:32.951+0000] {taskinstance.py:2076} INFO - Dependencies all met for dep_context=non-requeueable deps ti=<TaskInstance: run_glue_job_dag.task1 manual__2026-03-11T04:31:30.205335+00:00 [queued]>
[2026-03-11T04:31:32.966+0000] {taskinstance.py:2076} INFO - Dependencies all met for dep_context=requeueable deps ti=<TaskInstance: run_glue_job_dag.task1 manual__2026-03-11T04:31:30.205335+00:00 [queued]>
[2026-03-11T04:31:32.969+0000] {taskinstance.py:2306} INFO - Starting attempt 1 of 1
[2026-03-11T04:31:32.990+0000] {taskinstance.py:2330} INFO - Executing <Task(PythonOperator): task1> on 2026-03-11 04:31:30.205335+00:00
[2026-03-11T04:31:33.001+0000] {warnings.py:112} WARNING - /home/***/.local/lib/python3.12/site-packages/***/task/task_runner/standard_task_runner.py:62: DeprecationWarning: This process (pid=1157) is multi-threaded, use of fork() may lead to deadlocks in the child.
  pid = os.fork()

[2026-03-11T04:31:33.005+0000] {standard_task_runner.py:64} INFO - Started process 1158 to run task
[2026-03-11T04:31:33.004+0000] {standard_task_runner.py:90} INFO - Running: ['***', 'tasks', 'run', 'run_glue_job_dag', 'task1', 'manual__2026-03-11T04:31:30.205335+00:00', '--job-id', '92', '--raw', '--subdir', 'DAGS_FOLDER/gule_dag.py', '--cfg-path', '/tmp/tmph8usipi7']
[2026-03-11T04:31:33.006+0000] {standard_task_runner.py:91} INFO - Job 92: Subtask task1
[2026-03-11T04:31:33.099+0000] {task_command.py:426} INFO - Running <TaskInstance: run_glue_job_dag.task1 manual__2026-03-11T04:31:30.205335+00:00 [running]> on host e78df3d27940
[2026-03-11T04:31:33.258+0000] {taskinstance.py:2648} INFO - Exporting env vars: AIRFLOW_CTX_DAG_OWNER='***' AIRFLOW_CTX_DAG_ID='run_glue_job_dag' AIRFLOW_CTX_TASK_ID='task1' AIRFLOW_CTX_EXECUTION_DATE='2026-03-11T04:31:30.205335+00:00' AIRFLOW_CTX_TRY_NUMBER='1' AIRFLOW_CTX_DAG_RUN_ID='manual__2026-03-11T04:31:30.205335+00:00'
[2026-03-11T04:31:33.260+0000] {taskinstance.py:430} INFO - ::endgroup::
[2026-03-11T04:31:33.282+0000] {taskinstance.py:441} INFO - ::group::Post task execution logs
[2026-03-11T04:31:33.459+0000] {credentials.py:1147} INFO - Found credentials in environment variables.
[2026-03-11T04:31:35.192+0000] {taskinstance.py:2905} ERROR - Task failed with exception
Traceback (most recent call last):
  File "/home/airflow/.local/lib/python3.12/site-packages/airflow/models/taskinstance.py", line 465, in _execute_task
    result = _execute_callable(context=context, **execute_callable_kwargs)
             ^^^^^^^^^^^^^^^^^^^^^^^^^^^^^^^^^^^^^^^^^^^^^^^^^^^^^^^^^^^^^
  File "/home/airflow/.local/lib/python3.12/site-packages/airflow/models/taskinstance.py", line 432, in _execute_callable
    return execute_callable(context=context, **execute_callable_kwargs)
           ^^^^^^^^^^^^^^^^^^^^^^^^^^^^^^^^^^^^^^^^^^^^^^^^^^^^^^^^^^^^
  File "/home/airflow/.local/lib/python3.12/site-packages/airflow/models/baseoperator.py", line 401, in wrapper
    return func(self, *args, **kwargs)
           ^^^^^^^^^^^^^^^^^^^^^^^^^^^
  File "/home/airflow/.local/lib/python3.12/site-packages/airflow/operators/python.py", line 235, in execute
    return_value = self.execute_callable()
                   ^^^^^^^^^^^^^^^^^^^^^^^
  File "/home/airflow/.local/lib/python3.12/site-packages/airflow/operators/python.py", line 252, in execute_callable
    return self.python_callable(*self.op_args, **self.op_kwargs)
           ^^^^^^^^^^^^^^^^^^^^^^^^^^^^^^^^^^^^^^^^^^^^^^^^^^^^^
  File "/opt/airflow/dags/gule_dag.py", line 8, in test_task
    1/0
    ~^~
ZeroDivisionError: division by zero
[2026-03-11T04:31:35.210+0000] {taskinstance.py:1206} INFO - Marking task as FAILED. dag_id=run_glue_job_dag, task_id=task1, run_id=manual__2026-03-11T04:31:30.205335+00:00, execution_date=20260311T043130, start_date=20260311T043132, end_date=20260311T043135
[2026-03-11T04:31:35.228+0000] {standard_task_runner.py:110} ERROR - Failed to execute job 92 for task task1 (division by zero; 1158)
[2026-03-11T04:31:35.270+0000] {local_task_job_runner.py:243} INFO - Task exited with return code 1
[2026-03-11T04:31:35.296+0000] {taskinstance.py:3503} INFO - 0 downstream tasks scheduled from follow-on schedule check
[2026-03-11T04:31:35.299+0000] {local_task_job_runner.py:222} INFO - ::endgroup::
